[2022-09-11 16:15:11,046] {taskinstance.py:1032} INFO - Dependencies all met for <TaskInstance: FHVIngestionDag.wget scheduled__2019-01-01T06:00:00+00:00 [queued]>
[2022-09-11 16:15:11,057] {taskinstance.py:1032} INFO - Dependencies all met for <TaskInstance: FHVIngestionDag.wget scheduled__2019-01-01T06:00:00+00:00 [queued]>
[2022-09-11 16:15:11,058] {taskinstance.py:1238} INFO - 
--------------------------------------------------------------------------------
[2022-09-11 16:15:11,058] {taskinstance.py:1239} INFO - Starting attempt 1 of 1
[2022-09-11 16:15:11,058] {taskinstance.py:1240} INFO - 
--------------------------------------------------------------------------------
[2022-09-11 16:15:11,147] {taskinstance.py:1259} INFO - Executing <Task(BashOperator): wget> on 2019-01-01 06:00:00+00:00
[2022-09-11 16:15:11,155] {standard_task_runner.py:52} INFO - Started process 6393 to run task
[2022-09-11 16:15:11,167] {standard_task_runner.py:76} INFO - Running: ['***', 'tasks', 'run', 'FHVIngestionDag', 'wget', 'scheduled__2019-01-01T06:00:00+00:00', '--job-id', '72', '--raw', '--subdir', 'DAGS_FOLDER/FHV_ingest_19.py', '--cfg-path', '/tmp/tmppkm3972f', '--error-file', '/tmp/tmpe5oam6f4']
[2022-09-11 16:15:11,168] {standard_task_runner.py:77} INFO - Job 72: Subtask wget
[2022-09-11 16:15:11,307] {logging_mixin.py:109} INFO - Running <TaskInstance: FHVIngestionDag.wget scheduled__2019-01-01T06:00:00+00:00 [running]> on host 6ae512137983
[2022-09-11 16:15:11,413] {logging_mixin.py:109} WARNING - /home/***/.local/lib/python3.7/site-packages/***/utils/context.py:152 AirflowContextDeprecationWarning: Accessing 'execution_date' from the template is deprecated and will be removed in a future version. Please use 'data_interval_start' or 'logical_date' instead.
[2022-09-11 16:15:11,488] {taskinstance.py:1426} INFO - Exporting the following env vars:
AIRFLOW_CTX_DAG_OWNER=***
AIRFLOW_CTX_DAG_ID=FHVIngestionDag
AIRFLOW_CTX_TASK_ID=wget
AIRFLOW_CTX_EXECUTION_DATE=2019-01-01T06:00:00+00:00
AIRFLOW_CTX_DAG_RUN_ID=scheduled__2019-01-01T06:00:00+00:00
[2022-09-11 16:15:11,489] {subprocess.py:62} INFO - Tmp dir root location: 
 /tmp
[2022-09-11 16:15:11,490] {subprocess.py:74} INFO - Running command: ['bash', '-c', 'curl -sSL https://d37ci6vzurychx.cloudfront.net/trip-data/fhv_tripdata_2019-01.parquet > /opt/***/FHV_OUT_2019-01.parquet']
[2022-09-11 16:15:11,497] {subprocess.py:85} INFO - Output:
[2022-09-11 16:16:41,146] {subprocess.py:93} INFO - Command exited with return code 0
[2022-09-11 16:16:41,549] {taskinstance.py:1277} INFO - Marking task as SUCCESS. dag_id=FHVIngestionDag, task_id=wget, execution_date=20190101T060000, start_date=20220911T161511, end_date=20220911T161641
[2022-09-11 16:16:41,887] {local_task_job.py:154} INFO - Task exited with return code 0
[2022-09-11 16:16:42,072] {local_task_job.py:264} INFO - 1 downstream tasks scheduled from follow-on schedule check
[2022-09-11 17:07:47,636] {taskinstance.py:1032} INFO - Dependencies all met for <TaskInstance: FHVIngestionDag.wget scheduled__2019-01-01T06:00:00+00:00 [queued]>
[2022-09-11 17:07:47,679] {taskinstance.py:1032} INFO - Dependencies all met for <TaskInstance: FHVIngestionDag.wget scheduled__2019-01-01T06:00:00+00:00 [queued]>
[2022-09-11 17:07:47,679] {taskinstance.py:1238} INFO - 
--------------------------------------------------------------------------------
[2022-09-11 17:07:47,680] {taskinstance.py:1239} INFO - Starting attempt 1 of 1
[2022-09-11 17:07:47,680] {taskinstance.py:1240} INFO - 
--------------------------------------------------------------------------------
[2022-09-11 17:07:47,778] {taskinstance.py:1259} INFO - Executing <Task(BashOperator): wget> on 2019-01-01 06:00:00+00:00
[2022-09-11 17:07:47,784] {standard_task_runner.py:52} INFO - Started process 9389 to run task
[2022-09-11 17:07:47,790] {standard_task_runner.py:76} INFO - Running: ['***', 'tasks', 'run', 'FHVIngestionDag', 'wget', 'scheduled__2019-01-01T06:00:00+00:00', '--job-id', '104', '--raw', '--subdir', 'DAGS_FOLDER/FHV_ingest_19.py', '--cfg-path', '/tmp/tmpb7mqmgk9', '--error-file', '/tmp/tmphsw55aka']
[2022-09-11 17:07:47,820] {standard_task_runner.py:77} INFO - Job 104: Subtask wget
[2022-09-11 17:07:47,949] {logging_mixin.py:109} INFO - Running <TaskInstance: FHVIngestionDag.wget scheduled__2019-01-01T06:00:00+00:00 [running]> on host 6ae512137983
[2022-09-11 17:07:48,096] {logging_mixin.py:109} WARNING - /home/***/.local/lib/python3.7/site-packages/***/utils/context.py:152 AirflowContextDeprecationWarning: Accessing 'execution_date' from the template is deprecated and will be removed in a future version. Please use 'data_interval_start' or 'logical_date' instead.
[2022-09-11 17:07:48,147] {taskinstance.py:1426} INFO - Exporting the following env vars:
AIRFLOW_CTX_DAG_OWNER=***
AIRFLOW_CTX_DAG_ID=FHVIngestionDag
AIRFLOW_CTX_TASK_ID=wget
AIRFLOW_CTX_EXECUTION_DATE=2019-01-01T06:00:00+00:00
AIRFLOW_CTX_DAG_RUN_ID=scheduled__2019-01-01T06:00:00+00:00
[2022-09-11 17:07:48,148] {subprocess.py:62} INFO - Tmp dir root location: 
 /tmp
[2022-09-11 17:07:48,149] {subprocess.py:74} INFO - Running command: ['bash', '-c', 'curl -sSL https://d37ci6vzurychx.cloudfront.net/trip-data/fhv_tripdata_2019-01.parquet > /opt/***/FHV_OUT_2019-01.parquet']
[2022-09-11 17:07:48,218] {subprocess.py:85} INFO - Output:
[2022-09-11 17:09:19,762] {subprocess.py:93} INFO - Command exited with return code 0
[2022-09-11 17:09:20,205] {taskinstance.py:1277} INFO - Marking task as SUCCESS. dag_id=FHVIngestionDag, task_id=wget, execution_date=20190101T060000, start_date=20220911T170747, end_date=20220911T170920
[2022-09-11 17:09:20,716] {local_task_job.py:154} INFO - Task exited with return code 0
[2022-09-11 17:09:21,744] {local_task_job.py:264} INFO - 1 downstream tasks scheduled from follow-on schedule check
