[2022-09-11 16:24:49,487] {taskinstance.py:1032} INFO - Dependencies all met for <TaskInstance: FHVIngestionDag.wget scheduled__2019-04-01T06:00:00+00:00 [queued]>
[2022-09-11 16:24:49,498] {taskinstance.py:1032} INFO - Dependencies all met for <TaskInstance: FHVIngestionDag.wget scheduled__2019-04-01T06:00:00+00:00 [queued]>
[2022-09-11 16:24:49,499] {taskinstance.py:1238} INFO - 
--------------------------------------------------------------------------------
[2022-09-11 16:24:49,499] {taskinstance.py:1239} INFO - Starting attempt 1 of 1
[2022-09-11 16:24:49,500] {taskinstance.py:1240} INFO - 
--------------------------------------------------------------------------------
[2022-09-11 16:24:49,736] {taskinstance.py:1259} INFO - Executing <Task(BashOperator): wget> on 2019-04-01 06:00:00+00:00
[2022-09-11 16:24:49,741] {standard_task_runner.py:52} INFO - Started process 6923 to run task
[2022-09-11 16:24:49,746] {standard_task_runner.py:76} INFO - Running: ['***', 'tasks', 'run', 'FHVIngestionDag', 'wget', 'scheduled__2019-04-01T06:00:00+00:00', '--job-id', '80', '--raw', '--subdir', 'DAGS_FOLDER/FHV_ingest_19.py', '--cfg-path', '/tmp/tmp_tum2xdk', '--error-file', '/tmp/tmpwt0anha3']
[2022-09-11 16:24:49,749] {standard_task_runner.py:77} INFO - Job 80: Subtask wget
[2022-09-11 16:24:50,049] {logging_mixin.py:109} INFO - Running <TaskInstance: FHVIngestionDag.wget scheduled__2019-04-01T06:00:00+00:00 [running]> on host 6ae512137983
[2022-09-11 16:24:50,160] {logging_mixin.py:109} WARNING - /home/***/.local/lib/python3.7/site-packages/***/utils/context.py:152 AirflowContextDeprecationWarning: Accessing 'execution_date' from the template is deprecated and will be removed in a future version. Please use 'data_interval_start' or 'logical_date' instead.
[2022-09-11 16:24:50,232] {taskinstance.py:1426} INFO - Exporting the following env vars:
AIRFLOW_CTX_DAG_OWNER=***
AIRFLOW_CTX_DAG_ID=FHVIngestionDag
AIRFLOW_CTX_TASK_ID=wget
AIRFLOW_CTX_EXECUTION_DATE=2019-04-01T06:00:00+00:00
AIRFLOW_CTX_DAG_RUN_ID=scheduled__2019-04-01T06:00:00+00:00
[2022-09-11 16:24:50,233] {subprocess.py:62} INFO - Tmp dir root location: 
 /tmp
[2022-09-11 16:24:50,234] {subprocess.py:74} INFO - Running command: ['bash', '-c', 'curl -sSL https://d37ci6vzurychx.cloudfront.net/trip-data/fhv_tripdata_2019-04.parquet > /opt/***/FHV_OUT_2019-04.parquet']
[2022-09-11 16:24:50,243] {subprocess.py:85} INFO - Output:
[2022-09-11 16:25:08,941] {subprocess.py:93} INFO - Command exited with return code 0
[2022-09-11 16:25:09,161] {taskinstance.py:1277} INFO - Marking task as SUCCESS. dag_id=FHVIngestionDag, task_id=wget, execution_date=20190401T060000, start_date=20220911T162449, end_date=20220911T162509
[2022-09-11 16:25:09,268] {local_task_job.py:154} INFO - Task exited with return code 0
[2022-09-11 16:25:09,389] {local_task_job.py:264} INFO - 1 downstream tasks scheduled from follow-on schedule check
[2022-09-15 05:20:37,565] {taskinstance.py:1032} INFO - Dependencies all met for <TaskInstance: FHVIngestionDag.wget scheduled__2019-04-01T06:00:00+00:00 [queued]>
[2022-09-15 05:20:37,586] {taskinstance.py:1032} INFO - Dependencies all met for <TaskInstance: FHVIngestionDag.wget scheduled__2019-04-01T06:00:00+00:00 [queued]>
[2022-09-15 05:20:37,586] {taskinstance.py:1238} INFO - 
--------------------------------------------------------------------------------
[2022-09-15 05:20:37,586] {taskinstance.py:1239} INFO - Starting attempt 1 of 1
[2022-09-15 05:20:37,587] {taskinstance.py:1240} INFO - 
--------------------------------------------------------------------------------
[2022-09-15 05:20:37,770] {taskinstance.py:1259} INFO - Executing <Task(BashOperator): wget> on 2019-04-01 06:00:00+00:00
[2022-09-15 05:20:37,773] {standard_task_runner.py:52} INFO - Started process 460 to run task
[2022-09-15 05:20:37,780] {standard_task_runner.py:76} INFO - Running: ['***', 'tasks', 'run', 'FHVIngestionDag', 'wget', 'scheduled__2019-04-01T06:00:00+00:00', '--job-id', '152', '--raw', '--subdir', 'DAGS_FOLDER/FHV_ingest_19.py', '--cfg-path', '/tmp/tmp5t0ddcak', '--error-file', '/tmp/tmp9n60ry42']
[2022-09-15 05:20:37,781] {standard_task_runner.py:77} INFO - Job 152: Subtask wget
[2022-09-15 05:20:37,857] {logging_mixin.py:109} INFO - Running <TaskInstance: FHVIngestionDag.wget scheduled__2019-04-01T06:00:00+00:00 [running]> on host c071d865a623
[2022-09-15 05:20:37,931] {logging_mixin.py:109} WARNING - /home/***/.local/lib/python3.7/site-packages/***/utils/context.py:152 AirflowContextDeprecationWarning: Accessing 'execution_date' from the template is deprecated and will be removed in a future version. Please use 'data_interval_start' or 'logical_date' instead.
[2022-09-15 05:20:37,992] {taskinstance.py:1426} INFO - Exporting the following env vars:
AIRFLOW_CTX_DAG_OWNER=***
AIRFLOW_CTX_DAG_ID=FHVIngestionDag
AIRFLOW_CTX_TASK_ID=wget
AIRFLOW_CTX_EXECUTION_DATE=2019-04-01T06:00:00+00:00
AIRFLOW_CTX_DAG_RUN_ID=scheduled__2019-04-01T06:00:00+00:00
[2022-09-15 05:20:37,993] {subprocess.py:62} INFO - Tmp dir root location: 
 /tmp
[2022-09-15 05:20:37,994] {subprocess.py:74} INFO - Running command: ['bash', '-c', 'curl -sSL https://d37ci6vzurychx.cloudfront.net/trip-data/fhv_tripdata_2019-04.parquet > /opt/***/FHV_OUT_2019-04.parquet']
[2022-09-15 05:20:38,003] {subprocess.py:85} INFO - Output:
[2022-09-15 05:20:46,808] {subprocess.py:93} INFO - Command exited with return code 0
[2022-09-15 05:20:47,172] {taskinstance.py:1277} INFO - Marking task as SUCCESS. dag_id=FHVIngestionDag, task_id=wget, execution_date=20190401T060000, start_date=20220915T052037, end_date=20220915T052047
[2022-09-15 05:20:47,257] {local_task_job.py:154} INFO - Task exited with return code 0
[2022-09-15 05:20:47,348] {local_task_job.py:264} INFO - 1 downstream tasks scheduled from follow-on schedule check
