[2022-09-11 09:41:38,376] {taskinstance.py:1032} INFO - Dependencies all met for <TaskInstance: ZonesIngestionDag.format_to_parquet_task manual__2022-09-11T09:40:56.565369+00:00 [queued]>
[2022-09-11 09:41:38,387] {taskinstance.py:1032} INFO - Dependencies all met for <TaskInstance: ZonesIngestionDag.format_to_parquet_task manual__2022-09-11T09:40:56.565369+00:00 [queued]>
[2022-09-11 09:41:38,387] {taskinstance.py:1238} INFO - 
--------------------------------------------------------------------------------
[2022-09-11 09:41:38,388] {taskinstance.py:1239} INFO - Starting attempt 1 of 1
[2022-09-11 09:41:38,388] {taskinstance.py:1240} INFO - 
--------------------------------------------------------------------------------
[2022-09-11 09:41:38,869] {taskinstance.py:1259} INFO - Executing <Task(PythonOperator): format_to_parquet_task> on 2022-09-11 09:40:56.565369+00:00
[2022-09-11 09:41:38,873] {standard_task_runner.py:52} INFO - Started process 7161 to run task
[2022-09-11 09:41:38,882] {standard_task_runner.py:76} INFO - Running: ['***', 'tasks', 'run', 'ZonesIngestionDag', 'format_to_parquet_task', 'manual__2022-09-11T09:40:56.565369+00:00', '--job-id', '26', '--raw', '--subdir', 'DAGS_FOLDER/Zones_ingest.py', '--cfg-path', '/tmp/tmpqa6hwpmb', '--error-file', '/tmp/tmpe29ca815']
[2022-09-11 09:41:38,883] {standard_task_runner.py:77} INFO - Job 26: Subtask format_to_parquet_task
[2022-09-11 09:41:39,815] {logging_mixin.py:109} INFO - Running <TaskInstance: ZonesIngestionDag.format_to_parquet_task manual__2022-09-11T09:40:56.565369+00:00 [running]> on host 6ae512137983
[2022-09-11 09:41:40,629] {taskinstance.py:1426} INFO - Exporting the following env vars:
AIRFLOW_CTX_DAG_OWNER=***
AIRFLOW_CTX_DAG_ID=ZonesIngestionDag
AIRFLOW_CTX_TASK_ID=format_to_parquet_task
AIRFLOW_CTX_EXECUTION_DATE=2022-09-11T09:40:56.565369+00:00
AIRFLOW_CTX_DAG_RUN_ID=manual__2022-09-11T09:40:56.565369+00:00
[2022-09-11 09:41:40,701] {python.py:175} INFO - Done. Returned value was: None
[2022-09-11 09:41:41,253] {taskinstance.py:1277} INFO - Marking task as SUCCESS. dag_id=ZonesIngestionDag, task_id=format_to_parquet_task, execution_date=20220911T094056, start_date=20220911T094138, end_date=20220911T094141
[2022-09-11 09:41:41,915] {local_task_job.py:154} INFO - Task exited with return code 0
[2022-09-11 09:41:42,391] {local_task_job.py:264} INFO - 1 downstream tasks scheduled from follow-on schedule check
