[2022-09-11 16:24:16,855] {taskinstance.py:1032} INFO - Dependencies all met for <TaskInstance: FHVIngestionDag.wget scheduled__2019-03-01T06:00:00+00:00 [queued]>
[2022-09-11 16:24:16,866] {taskinstance.py:1032} INFO - Dependencies all met for <TaskInstance: FHVIngestionDag.wget scheduled__2019-03-01T06:00:00+00:00 [queued]>
[2022-09-11 16:24:16,867] {taskinstance.py:1238} INFO - 
--------------------------------------------------------------------------------
[2022-09-11 16:24:16,868] {taskinstance.py:1239} INFO - Starting attempt 1 of 1
[2022-09-11 16:24:16,868] {taskinstance.py:1240} INFO - 
--------------------------------------------------------------------------------
[2022-09-11 16:24:17,010] {taskinstance.py:1259} INFO - Executing <Task(BashOperator): wget> on 2019-03-01 06:00:00+00:00
[2022-09-11 16:24:17,015] {standard_task_runner.py:52} INFO - Started process 6861 to run task
[2022-09-11 16:24:17,019] {standard_task_runner.py:76} INFO - Running: ['***', 'tasks', 'run', 'FHVIngestionDag', 'wget', 'scheduled__2019-03-01T06:00:00+00:00', '--job-id', '78', '--raw', '--subdir', 'DAGS_FOLDER/FHV_ingest_19.py', '--cfg-path', '/tmp/tmp2hj9_7gi', '--error-file', '/tmp/tmp4t4h_ngu']
[2022-09-11 16:24:17,020] {standard_task_runner.py:77} INFO - Job 78: Subtask wget
[2022-09-11 16:24:17,195] {logging_mixin.py:109} INFO - Running <TaskInstance: FHVIngestionDag.wget scheduled__2019-03-01T06:00:00+00:00 [running]> on host 6ae512137983
[2022-09-11 16:24:17,315] {logging_mixin.py:109} WARNING - /home/***/.local/lib/python3.7/site-packages/***/utils/context.py:152 AirflowContextDeprecationWarning: Accessing 'execution_date' from the template is deprecated and will be removed in a future version. Please use 'data_interval_start' or 'logical_date' instead.
[2022-09-11 16:24:17,567] {taskinstance.py:1426} INFO - Exporting the following env vars:
AIRFLOW_CTX_DAG_OWNER=***
AIRFLOW_CTX_DAG_ID=FHVIngestionDag
AIRFLOW_CTX_TASK_ID=wget
AIRFLOW_CTX_EXECUTION_DATE=2019-03-01T06:00:00+00:00
AIRFLOW_CTX_DAG_RUN_ID=scheduled__2019-03-01T06:00:00+00:00
[2022-09-11 16:24:17,569] {subprocess.py:62} INFO - Tmp dir root location: 
 /tmp
[2022-09-11 16:24:17,571] {subprocess.py:74} INFO - Running command: ['bash', '-c', 'curl -sSL https://d37ci6vzurychx.cloudfront.net/trip-data/fhv_tripdata_2019-03.parquet > /opt/***/FHV_OUT_2019-03.parquet']
[2022-09-11 16:24:17,609] {subprocess.py:85} INFO - Output:
[2022-09-11 16:24:29,073] {subprocess.py:93} INFO - Command exited with return code 0
[2022-09-11 16:24:29,319] {taskinstance.py:1277} INFO - Marking task as SUCCESS. dag_id=FHVIngestionDag, task_id=wget, execution_date=20190301T060000, start_date=20220911T162416, end_date=20220911T162429
[2022-09-11 16:24:29,465] {local_task_job.py:154} INFO - Task exited with return code 0
[2022-09-11 16:24:29,567] {local_task_job.py:264} INFO - 1 downstream tasks scheduled from follow-on schedule check
[2022-09-15 05:20:06,305] {taskinstance.py:1032} INFO - Dependencies all met for <TaskInstance: FHVIngestionDag.wget scheduled__2019-03-01T06:00:00+00:00 [queued]>
[2022-09-15 05:20:06,363] {taskinstance.py:1032} INFO - Dependencies all met for <TaskInstance: FHVIngestionDag.wget scheduled__2019-03-01T06:00:00+00:00 [queued]>
[2022-09-15 05:20:06,364] {taskinstance.py:1238} INFO - 
--------------------------------------------------------------------------------
[2022-09-15 05:20:06,365] {taskinstance.py:1239} INFO - Starting attempt 1 of 1
[2022-09-15 05:20:06,365] {taskinstance.py:1240} INFO - 
--------------------------------------------------------------------------------
[2022-09-15 05:20:06,440] {taskinstance.py:1259} INFO - Executing <Task(BashOperator): wget> on 2019-03-01 06:00:00+00:00
[2022-09-15 05:20:06,453] {standard_task_runner.py:52} INFO - Started process 398 to run task
[2022-09-15 05:20:06,465] {standard_task_runner.py:76} INFO - Running: ['***', 'tasks', 'run', 'FHVIngestionDag', 'wget', 'scheduled__2019-03-01T06:00:00+00:00', '--job-id', '150', '--raw', '--subdir', 'DAGS_FOLDER/FHV_ingest_19.py', '--cfg-path', '/tmp/tmpj3q4wv9a', '--error-file', '/tmp/tmpavsb739z']
[2022-09-15 05:20:06,469] {standard_task_runner.py:77} INFO - Job 150: Subtask wget
[2022-09-15 05:20:06,594] {logging_mixin.py:109} INFO - Running <TaskInstance: FHVIngestionDag.wget scheduled__2019-03-01T06:00:00+00:00 [running]> on host c071d865a623
[2022-09-15 05:20:06,683] {logging_mixin.py:109} WARNING - /home/***/.local/lib/python3.7/site-packages/***/utils/context.py:152 AirflowContextDeprecationWarning: Accessing 'execution_date' from the template is deprecated and will be removed in a future version. Please use 'data_interval_start' or 'logical_date' instead.
[2022-09-15 05:20:06,761] {taskinstance.py:1426} INFO - Exporting the following env vars:
AIRFLOW_CTX_DAG_OWNER=***
AIRFLOW_CTX_DAG_ID=FHVIngestionDag
AIRFLOW_CTX_TASK_ID=wget
AIRFLOW_CTX_EXECUTION_DATE=2019-03-01T06:00:00+00:00
AIRFLOW_CTX_DAG_RUN_ID=scheduled__2019-03-01T06:00:00+00:00
[2022-09-15 05:20:06,765] {subprocess.py:62} INFO - Tmp dir root location: 
 /tmp
[2022-09-15 05:20:06,768] {subprocess.py:74} INFO - Running command: ['bash', '-c', 'curl -sSL https://d37ci6vzurychx.cloudfront.net/trip-data/fhv_tripdata_2019-03.parquet > /opt/***/FHV_OUT_2019-03.parquet']
[2022-09-15 05:20:06,791] {subprocess.py:85} INFO - Output:
[2022-09-15 05:20:13,762] {subprocess.py:93} INFO - Command exited with return code 0
[2022-09-15 05:20:13,978] {taskinstance.py:1277} INFO - Marking task as SUCCESS. dag_id=FHVIngestionDag, task_id=wget, execution_date=20190301T060000, start_date=20220915T052006, end_date=20220915T052013
[2022-09-15 05:20:14,108] {local_task_job.py:154} INFO - Task exited with return code 0
[2022-09-15 05:20:14,310] {local_task_job.py:264} INFO - 1 downstream tasks scheduled from follow-on schedule check
