[2022-09-11 16:46:14,469] {taskinstance.py:1032} INFO - Dependencies all met for <TaskInstance: FHVIngestionDag.wget scheduled__2019-10-01T06:00:00+00:00 [queued]>
[2022-09-11 16:46:14,480] {taskinstance.py:1032} INFO - Dependencies all met for <TaskInstance: FHVIngestionDag.wget scheduled__2019-10-01T06:00:00+00:00 [queued]>
[2022-09-11 16:46:14,481] {taskinstance.py:1238} INFO - 
--------------------------------------------------------------------------------
[2022-09-11 16:46:14,481] {taskinstance.py:1239} INFO - Starting attempt 1 of 1
[2022-09-11 16:46:14,481] {taskinstance.py:1240} INFO - 
--------------------------------------------------------------------------------
[2022-09-11 16:46:14,603] {taskinstance.py:1259} INFO - Executing <Task(BashOperator): wget> on 2019-10-01 06:00:00+00:00
[2022-09-11 16:46:14,607] {standard_task_runner.py:52} INFO - Started process 8141 to run task
[2022-09-11 16:46:14,614] {standard_task_runner.py:76} INFO - Running: ['***', 'tasks', 'run', 'FHVIngestionDag', 'wget', 'scheduled__2019-10-01T06:00:00+00:00', '--job-id', '96', '--raw', '--subdir', 'DAGS_FOLDER/FHV_ingest_19.py', '--cfg-path', '/tmp/tmpthllfjv0', '--error-file', '/tmp/tmpvfu4ubrj']
[2022-09-11 16:46:14,615] {standard_task_runner.py:77} INFO - Job 96: Subtask wget
[2022-09-11 16:46:14,744] {logging_mixin.py:109} INFO - Running <TaskInstance: FHVIngestionDag.wget scheduled__2019-10-01T06:00:00+00:00 [running]> on host 6ae512137983
[2022-09-11 16:46:14,911] {logging_mixin.py:109} WARNING - /home/***/.local/lib/python3.7/site-packages/***/utils/context.py:152 AirflowContextDeprecationWarning: Accessing 'execution_date' from the template is deprecated and will be removed in a future version. Please use 'data_interval_start' or 'logical_date' instead.
[2022-09-11 16:46:15,106] {taskinstance.py:1426} INFO - Exporting the following env vars:
AIRFLOW_CTX_DAG_OWNER=***
AIRFLOW_CTX_DAG_ID=FHVIngestionDag
AIRFLOW_CTX_TASK_ID=wget
AIRFLOW_CTX_EXECUTION_DATE=2019-10-01T06:00:00+00:00
AIRFLOW_CTX_DAG_RUN_ID=scheduled__2019-10-01T06:00:00+00:00
[2022-09-11 16:46:15,107] {subprocess.py:62} INFO - Tmp dir root location: 
 /tmp
[2022-09-11 16:46:15,108] {subprocess.py:74} INFO - Running command: ['bash', '-c', 'curl -sSL https://d37ci6vzurychx.cloudfront.net/trip-data/fhv_tripdata_2019-10.parquet > /opt/***/FHV_OUT_2019-10.parquet']
[2022-09-11 16:46:15,121] {subprocess.py:85} INFO - Output:
[2022-09-11 16:46:23,805] {subprocess.py:93} INFO - Command exited with return code 0
[2022-09-11 16:46:23,961] {taskinstance.py:1277} INFO - Marking task as SUCCESS. dag_id=FHVIngestionDag, task_id=wget, execution_date=20191001T060000, start_date=20220911T164614, end_date=20220911T164623
[2022-09-11 16:46:24,205] {local_task_job.py:154} INFO - Task exited with return code 0
[2022-09-11 16:46:24,362] {local_task_job.py:264} INFO - 1 downstream tasks scheduled from follow-on schedule check
[2022-09-15 05:23:44,243] {taskinstance.py:1032} INFO - Dependencies all met for <TaskInstance: FHVIngestionDag.wget scheduled__2019-10-01T06:00:00+00:00 [queued]>
[2022-09-15 05:23:44,279] {taskinstance.py:1032} INFO - Dependencies all met for <TaskInstance: FHVIngestionDag.wget scheduled__2019-10-01T06:00:00+00:00 [queued]>
[2022-09-15 05:23:44,280] {taskinstance.py:1238} INFO - 
--------------------------------------------------------------------------------
[2022-09-15 05:23:44,281] {taskinstance.py:1239} INFO - Starting attempt 1 of 1
[2022-09-15 05:23:44,281] {taskinstance.py:1240} INFO - 
--------------------------------------------------------------------------------
[2022-09-15 05:23:44,336] {taskinstance.py:1259} INFO - Executing <Task(BashOperator): wget> on 2019-10-01 06:00:00+00:00
[2022-09-15 05:23:44,346] {standard_task_runner.py:52} INFO - Started process 796 to run task
[2022-09-15 05:23:44,358] {standard_task_runner.py:76} INFO - Running: ['***', 'tasks', 'run', 'FHVIngestionDag', 'wget', 'scheduled__2019-10-01T06:00:00+00:00', '--job-id', '164', '--raw', '--subdir', 'DAGS_FOLDER/FHV_ingest_19.py', '--cfg-path', '/tmp/tmpdxzkfiah', '--error-file', '/tmp/tmp3x_igq8w']
[2022-09-15 05:23:44,360] {standard_task_runner.py:77} INFO - Job 164: Subtask wget
[2022-09-15 05:23:44,504] {logging_mixin.py:109} INFO - Running <TaskInstance: FHVIngestionDag.wget scheduled__2019-10-01T06:00:00+00:00 [running]> on host c071d865a623
[2022-09-15 05:23:44,607] {logging_mixin.py:109} WARNING - /home/***/.local/lib/python3.7/site-packages/***/utils/context.py:152 AirflowContextDeprecationWarning: Accessing 'execution_date' from the template is deprecated and will be removed in a future version. Please use 'data_interval_start' or 'logical_date' instead.
[2022-09-15 05:23:44,686] {taskinstance.py:1426} INFO - Exporting the following env vars:
AIRFLOW_CTX_DAG_OWNER=***
AIRFLOW_CTX_DAG_ID=FHVIngestionDag
AIRFLOW_CTX_TASK_ID=wget
AIRFLOW_CTX_EXECUTION_DATE=2019-10-01T06:00:00+00:00
AIRFLOW_CTX_DAG_RUN_ID=scheduled__2019-10-01T06:00:00+00:00
[2022-09-15 05:23:44,687] {subprocess.py:62} INFO - Tmp dir root location: 
 /tmp
[2022-09-15 05:23:44,688] {subprocess.py:74} INFO - Running command: ['bash', '-c', 'curl -sSL https://d37ci6vzurychx.cloudfront.net/trip-data/fhv_tripdata_2019-10.parquet > /opt/***/FHV_OUT_2019-10.parquet']
[2022-09-15 05:23:44,698] {subprocess.py:85} INFO - Output:
[2022-09-15 05:23:53,932] {subprocess.py:93} INFO - Command exited with return code 0
[2022-09-15 05:23:54,289] {taskinstance.py:1277} INFO - Marking task as SUCCESS. dag_id=FHVIngestionDag, task_id=wget, execution_date=20191001T060000, start_date=20220915T052344, end_date=20220915T052354
[2022-09-15 05:23:54,606] {local_task_job.py:154} INFO - Task exited with return code 0
[2022-09-15 05:23:54,747] {local_task_job.py:264} INFO - 0 downstream tasks scheduled from follow-on schedule check
