[2022-09-11 15:59:14,650] {taskinstance.py:1032} INFO - Dependencies all met for <TaskInstance: ZonesIngestionDag.format_to_parquet_task manual__2022-09-11T10:52:30.468879+00:00 [queued]>
[2022-09-11 15:59:14,662] {taskinstance.py:1032} INFO - Dependencies all met for <TaskInstance: ZonesIngestionDag.format_to_parquet_task manual__2022-09-11T10:52:30.468879+00:00 [queued]>
[2022-09-11 15:59:14,662] {taskinstance.py:1238} INFO - 
--------------------------------------------------------------------------------
[2022-09-11 15:59:14,662] {taskinstance.py:1239} INFO - Starting attempt 4 of 4
[2022-09-11 15:59:14,663] {taskinstance.py:1240} INFO - 
--------------------------------------------------------------------------------
[2022-09-11 15:59:14,838] {taskinstance.py:1259} INFO - Executing <Task(PythonOperator): format_to_parquet_task> on 2022-09-11 10:52:30.468879+00:00
[2022-09-11 15:59:14,842] {standard_task_runner.py:52} INFO - Started process 5019 to run task
[2022-09-11 15:59:14,846] {standard_task_runner.py:76} INFO - Running: ['***', 'tasks', 'run', 'ZonesIngestionDag', 'format_to_parquet_task', 'manual__2022-09-11T10:52:30.468879+00:00', '--job-id', '69', '--raw', '--subdir', 'DAGS_FOLDER/Zones_ingest.py', '--cfg-path', '/tmp/tmp5mjvekq9', '--error-file', '/tmp/tmpwcwdqyn0']
[2022-09-11 15:59:14,847] {standard_task_runner.py:77} INFO - Job 69: Subtask format_to_parquet_task
[2022-09-11 15:59:14,933] {logging_mixin.py:109} INFO - Running <TaskInstance: ZonesIngestionDag.format_to_parquet_task manual__2022-09-11T10:52:30.468879+00:00 [running]> on host 6ae512137983
[2022-09-11 15:59:15,063] {taskinstance.py:1426} INFO - Exporting the following env vars:
AIRFLOW_CTX_DAG_OWNER=***
AIRFLOW_CTX_DAG_ID=ZonesIngestionDag
AIRFLOW_CTX_TASK_ID=format_to_parquet_task
AIRFLOW_CTX_EXECUTION_DATE=2022-09-11T10:52:30.468879+00:00
AIRFLOW_CTX_DAG_RUN_ID=manual__2022-09-11T10:52:30.468879+00:00
[2022-09-11 15:59:15,133] {python.py:175} INFO - Done. Returned value was: None
[2022-09-11 15:59:15,144] {taskinstance.py:1277} INFO - Marking task as SUCCESS. dag_id=ZonesIngestionDag, task_id=format_to_parquet_task, execution_date=20220911T105230, start_date=20220911T155914, end_date=20220911T155915
[2022-09-11 15:59:15,260] {local_task_job.py:154} INFO - Task exited with return code 0
[2022-09-11 15:59:15,433] {local_task_job.py:264} INFO - 1 downstream tasks scheduled from follow-on schedule check
