[2022-09-11 10:52:55,761] {taskinstance.py:1032} INFO - Dependencies all met for <TaskInstance: ZonesIngestionDag.wget manual__2022-09-11T10:52:30.468879+00:00 [queued]>
[2022-09-11 10:52:55,774] {taskinstance.py:1032} INFO - Dependencies all met for <TaskInstance: ZonesIngestionDag.wget manual__2022-09-11T10:52:30.468879+00:00 [queued]>
[2022-09-11 10:52:55,774] {taskinstance.py:1238} INFO - 
--------------------------------------------------------------------------------
[2022-09-11 10:52:55,774] {taskinstance.py:1239} INFO - Starting attempt 1 of 1
[2022-09-11 10:52:55,775] {taskinstance.py:1240} INFO - 
--------------------------------------------------------------------------------
[2022-09-11 10:52:56,098] {taskinstance.py:1259} INFO - Executing <Task(BashOperator): wget> on 2022-09-11 10:52:30.468879+00:00
[2022-09-11 10:52:56,102] {standard_task_runner.py:52} INFO - Started process 13052 to run task
[2022-09-11 10:52:56,109] {standard_task_runner.py:76} INFO - Running: ['***', 'tasks', 'run', 'ZonesIngestionDag', 'wget', 'manual__2022-09-11T10:52:30.468879+00:00', '--job-id', '31', '--raw', '--subdir', 'DAGS_FOLDER/Zones_ingest.py', '--cfg-path', '/tmp/tmpei4_foo0', '--error-file', '/tmp/tmpiz_gjtta']
[2022-09-11 10:52:56,110] {standard_task_runner.py:77} INFO - Job 31: Subtask wget
[2022-09-11 10:52:56,289] {logging_mixin.py:109} INFO - Running <TaskInstance: ZonesIngestionDag.wget manual__2022-09-11T10:52:30.468879+00:00 [running]> on host 6ae512137983
[2022-09-11 10:52:56,712] {taskinstance.py:1426} INFO - Exporting the following env vars:
AIRFLOW_CTX_DAG_OWNER=***
AIRFLOW_CTX_DAG_ID=ZonesIngestionDag
AIRFLOW_CTX_TASK_ID=wget
AIRFLOW_CTX_EXECUTION_DATE=2022-09-11T10:52:30.468879+00:00
AIRFLOW_CTX_DAG_RUN_ID=manual__2022-09-11T10:52:30.468879+00:00
[2022-09-11 10:52:56,714] {subprocess.py:62} INFO - Tmp dir root location: 
 /tmp
[2022-09-11 10:52:56,715] {subprocess.py:74} INFO - Running command: ['bash', '-c', 'curl -sSL https://d37ci6vzurychx.cloudfront.net/misc/taxi+_zone_lookup.csv > /opt/***/taxi+_zone_lookup.csv']
[2022-09-11 10:52:56,722] {subprocess.py:85} INFO - Output:
[2022-09-11 10:52:57,593] {subprocess.py:93} INFO - Command exited with return code 0
[2022-09-11 10:52:58,249] {taskinstance.py:1277} INFO - Marking task as SUCCESS. dag_id=ZonesIngestionDag, task_id=wget, execution_date=20220911T105230, start_date=20220911T105255, end_date=20220911T105258
[2022-09-11 10:52:58,542] {local_task_job.py:154} INFO - Task exited with return code 0
[2022-09-11 10:52:58,908] {local_task_job.py:264} INFO - 1 downstream tasks scheduled from follow-on schedule check
