[2022-09-11 11:21:03,609] {taskinstance.py:1032} INFO - Dependencies all met for <TaskInstance: ZonesIngestionDag.format_to_parquet_task manual__2022-09-11T10:52:30.468879+00:00 [queued]>
[2022-09-11 11:21:03,636] {taskinstance.py:1032} INFO - Dependencies all met for <TaskInstance: ZonesIngestionDag.format_to_parquet_task manual__2022-09-11T10:52:30.468879+00:00 [queued]>
[2022-09-11 11:21:03,637] {taskinstance.py:1238} INFO - 
--------------------------------------------------------------------------------
[2022-09-11 11:21:03,637] {taskinstance.py:1239} INFO - Starting attempt 2 of 2
[2022-09-11 11:21:03,642] {taskinstance.py:1240} INFO - 
--------------------------------------------------------------------------------
[2022-09-11 11:21:04,515] {taskinstance.py:1259} INFO - Executing <Task(PythonOperator): format_to_parquet_task> on 2022-09-11 10:52:30.468879+00:00
[2022-09-11 11:21:04,520] {standard_task_runner.py:52} INFO - Started process 15526 to run task
[2022-09-11 11:21:04,524] {standard_task_runner.py:76} INFO - Running: ['***', 'tasks', 'run', 'ZonesIngestionDag', 'format_to_parquet_task', 'manual__2022-09-11T10:52:30.468879+00:00', '--job-id', '48', '--raw', '--subdir', 'DAGS_FOLDER/Zones_ingest.py', '--cfg-path', '/tmp/tmppsop_gbt', '--error-file', '/tmp/tmpey8z22he']
[2022-09-11 11:21:04,525] {standard_task_runner.py:77} INFO - Job 48: Subtask format_to_parquet_task
[2022-09-11 11:21:05,093] {logging_mixin.py:109} INFO - Running <TaskInstance: ZonesIngestionDag.format_to_parquet_task manual__2022-09-11T10:52:30.468879+00:00 [running]> on host 6ae512137983
[2022-09-11 11:21:05,787] {taskinstance.py:1426} INFO - Exporting the following env vars:
AIRFLOW_CTX_DAG_OWNER=***
AIRFLOW_CTX_DAG_ID=ZonesIngestionDag
AIRFLOW_CTX_TASK_ID=format_to_parquet_task
AIRFLOW_CTX_EXECUTION_DATE=2022-09-11T10:52:30.468879+00:00
AIRFLOW_CTX_DAG_RUN_ID=manual__2022-09-11T10:52:30.468879+00:00
[2022-09-11 11:21:05,867] {python.py:175} INFO - Done. Returned value was: None
[2022-09-11 11:21:05,884] {taskinstance.py:1277} INFO - Marking task as SUCCESS. dag_id=ZonesIngestionDag, task_id=format_to_parquet_task, execution_date=20220911T105230, start_date=20220911T112103, end_date=20220911T112105
[2022-09-11 11:21:06,112] {local_task_job.py:154} INFO - Task exited with return code 0
[2022-09-11 11:21:06,328] {local_task_job.py:264} INFO - 1 downstream tasks scheduled from follow-on schedule check
