[2022-09-11 09:31:50,453] {taskinstance.py:1032} INFO - Dependencies all met for <TaskInstance: ZonesIngestionDag.wget manual__2022-09-11T09:31:26.068892+00:00 [queued]>
[2022-09-11 09:31:50,867] {taskinstance.py:1032} INFO - Dependencies all met for <TaskInstance: ZonesIngestionDag.wget manual__2022-09-11T09:31:26.068892+00:00 [queued]>
[2022-09-11 09:31:50,867] {taskinstance.py:1238} INFO - 
--------------------------------------------------------------------------------
[2022-09-11 09:31:50,868] {taskinstance.py:1239} INFO - Starting attempt 1 of 1
[2022-09-11 09:31:50,869] {taskinstance.py:1240} INFO - 
--------------------------------------------------------------------------------
[2022-09-11 09:31:51,197] {taskinstance.py:1259} INFO - Executing <Task(BashOperator): wget> on 2022-09-11 09:31:26.068892+00:00
[2022-09-11 09:31:51,202] {standard_task_runner.py:52} INFO - Started process 6267 to run task
[2022-09-11 09:31:51,206] {standard_task_runner.py:76} INFO - Running: ['***', 'tasks', 'run', 'ZonesIngestionDag', 'wget', 'manual__2022-09-11T09:31:26.068892+00:00', '--job-id', '19', '--raw', '--subdir', 'DAGS_FOLDER/Zones_ingest.py', '--cfg-path', '/tmp/tmpgerewdjs', '--error-file', '/tmp/tmp1s5zfcua']
[2022-09-11 09:31:51,207] {standard_task_runner.py:77} INFO - Job 19: Subtask wget
[2022-09-11 09:31:51,419] {logging_mixin.py:109} INFO - Running <TaskInstance: ZonesIngestionDag.wget manual__2022-09-11T09:31:26.068892+00:00 [running]> on host 6ae512137983
[2022-09-11 09:31:51,861] {taskinstance.py:1426} INFO - Exporting the following env vars:
AIRFLOW_CTX_DAG_OWNER=***
AIRFLOW_CTX_DAG_ID=ZonesIngestionDag
AIRFLOW_CTX_TASK_ID=wget
AIRFLOW_CTX_EXECUTION_DATE=2022-09-11T09:31:26.068892+00:00
AIRFLOW_CTX_DAG_RUN_ID=manual__2022-09-11T09:31:26.068892+00:00
[2022-09-11 09:31:51,865] {subprocess.py:62} INFO - Tmp dir root location: 
 /tmp
[2022-09-11 09:31:51,867] {subprocess.py:74} INFO - Running command: ['bash', '-c', 'curl -sSL https://d37ci6vzurychx.cloudfront.net/misc/taxi+_zone_lookup.csv > /opt/***/taxi+_zone_lookup.csv']
[2022-09-11 09:31:51,885] {subprocess.py:85} INFO - Output:
[2022-09-11 09:31:53,926] {subprocess.py:93} INFO - Command exited with return code 0
[2022-09-11 09:31:54,205] {taskinstance.py:1277} INFO - Marking task as SUCCESS. dag_id=ZonesIngestionDag, task_id=wget, execution_date=20220911T093126, start_date=20220911T093150, end_date=20220911T093154
[2022-09-11 09:31:54,599] {local_task_job.py:154} INFO - Task exited with return code 0
[2022-09-11 09:31:55,023] {local_task_job.py:264} INFO - 1 downstream tasks scheduled from follow-on schedule check
