[2022-09-16 06:33:00,863] {taskinstance.py:1032} INFO - Dependencies all met for <TaskInstance: LocalIngestionDag.wget scheduled__2020-04-01T06:00:00+00:00 [queued]>
[2022-09-16 06:33:00,873] {taskinstance.py:1032} INFO - Dependencies all met for <TaskInstance: LocalIngestionDag.wget scheduled__2020-04-01T06:00:00+00:00 [queued]>
[2022-09-16 06:33:00,874] {taskinstance.py:1238} INFO - 
--------------------------------------------------------------------------------
[2022-09-16 06:33:00,874] {taskinstance.py:1239} INFO - Starting attempt 1 of 1
[2022-09-16 06:33:00,874] {taskinstance.py:1240} INFO - 
--------------------------------------------------------------------------------
[2022-09-16 06:33:00,923] {taskinstance.py:1259} INFO - Executing <Task(BashOperator): wget> on 2020-04-01 06:00:00+00:00
[2022-09-16 06:33:00,927] {standard_task_runner.py:52} INFO - Started process 2014 to run task
[2022-09-16 06:33:00,932] {standard_task_runner.py:76} INFO - Running: ['***', 'tasks', 'run', 'LocalIngestionDag', 'wget', 'scheduled__2020-04-01T06:00:00+00:00', '--job-id', '215', '--raw', '--subdir', 'DAGS_FOLDER/ingest_data_dag.py', '--cfg-path', '/tmp/tmpcwy_tuuy', '--error-file', '/tmp/tmpek71zcyz']
[2022-09-16 06:33:00,933] {standard_task_runner.py:77} INFO - Job 215: Subtask wget
[2022-09-16 06:33:01,031] {logging_mixin.py:109} INFO - Running <TaskInstance: LocalIngestionDag.wget scheduled__2020-04-01T06:00:00+00:00 [running]> on host 1bec96cb997e
[2022-09-16 06:33:01,105] {logging_mixin.py:109} WARNING - /home/***/.local/lib/python3.7/site-packages/***/utils/context.py:152 AirflowContextDeprecationWarning: Accessing 'execution_date' from the template is deprecated and will be removed in a future version. Please use 'data_interval_start' or 'logical_date' instead.
[2022-09-16 06:33:01,187] {taskinstance.py:1426} INFO - Exporting the following env vars:
AIRFLOW_CTX_DAG_OWNER=***
AIRFLOW_CTX_DAG_ID=LocalIngestionDag
AIRFLOW_CTX_TASK_ID=wget
AIRFLOW_CTX_EXECUTION_DATE=2020-04-01T06:00:00+00:00
AIRFLOW_CTX_DAG_RUN_ID=scheduled__2020-04-01T06:00:00+00:00
[2022-09-16 06:33:01,188] {subprocess.py:62} INFO - Tmp dir root location: 
 /tmp
[2022-09-16 06:33:01,189] {subprocess.py:74} INFO - Running command: ['bash', '-c', 'curl -sSL https://d37ci6vzurychx.cloudfront.net/trip-data/yellow_tripdata_2020-04.parquet > /opt/***/output_2020-04.parquet']
[2022-09-16 06:33:01,199] {subprocess.py:85} INFO - Output:
[2022-09-16 06:33:03,963] {subprocess.py:93} INFO - Command exited with return code 0
[2022-09-16 06:33:04,034] {taskinstance.py:1277} INFO - Marking task as SUCCESS. dag_id=LocalIngestionDag, task_id=wget, execution_date=20200401T060000, start_date=20220916T063300, end_date=20220916T063304
[2022-09-16 06:33:04,170] {local_task_job.py:154} INFO - Task exited with return code 0
[2022-09-16 06:33:04,299] {local_task_job.py:264} INFO - 1 downstream tasks scheduled from follow-on schedule check
