[2022-09-17 06:19:10,003] {taskinstance.py:1032} INFO - Dependencies all met for <TaskInstance: LocalIngestionDag.ingest scheduled__2019-01-01T06:00:00+00:00 [queued]>
[2022-09-17 06:19:10,014] {taskinstance.py:1032} INFO - Dependencies all met for <TaskInstance: LocalIngestionDag.ingest scheduled__2019-01-01T06:00:00+00:00 [queued]>
[2022-09-17 06:19:10,014] {taskinstance.py:1238} INFO - 
--------------------------------------------------------------------------------
[2022-09-17 06:19:10,015] {taskinstance.py:1239} INFO - Starting attempt 12 of 12
[2022-09-17 06:19:10,015] {taskinstance.py:1240} INFO - 
--------------------------------------------------------------------------------
[2022-09-17 06:19:10,067] {taskinstance.py:1259} INFO - Executing <Task(PythonOperator): ingest> on 2019-01-01 06:00:00+00:00
[2022-09-17 06:19:10,075] {standard_task_runner.py:52} INFO - Started process 1672 to run task
[2022-09-17 06:19:10,083] {standard_task_runner.py:76} INFO - Running: ['***', 'tasks', 'run', 'LocalIngestionDag', 'ingest', 'scheduled__2019-01-01T06:00:00+00:00', '--job-id', '303', '--raw', '--subdir', 'DAGS_FOLDER/ingest_data_dag.py', '--cfg-path', '/tmp/tmphbemibgw', '--error-file', '/tmp/tmpprb4nevj']
[2022-09-17 06:19:10,086] {standard_task_runner.py:77} INFO - Job 303: Subtask ingest
[2022-09-17 06:19:10,168] {logging_mixin.py:109} INFO - Running <TaskInstance: LocalIngestionDag.ingest scheduled__2019-01-01T06:00:00+00:00 [running]> on host 5d94276fbe2b
[2022-09-17 06:19:10,247] {logging_mixin.py:109} WARNING - /home/***/.local/lib/python3.7/site-packages/***/utils/context.py:152 AirflowContextDeprecationWarning: Accessing 'execution_date' from the template is deprecated and will be removed in a future version. Please use 'data_interval_start' or 'logical_date' instead.
[2022-09-17 06:19:10,264] {taskinstance.py:1426} INFO - Exporting the following env vars:
AIRFLOW_CTX_DAG_OWNER=***
AIRFLOW_CTX_DAG_ID=LocalIngestionDag
AIRFLOW_CTX_TASK_ID=ingest
AIRFLOW_CTX_EXECUTION_DATE=2019-01-01T06:00:00+00:00
AIRFLOW_CTX_DAG_RUN_ID=scheduled__2019-01-01T06:00:00+00:00
[2022-09-17 06:19:10,265] {logging_mixin.py:109} INFO - root   root   docker_sql_0_pgdatabase_1   5432   ny_taxi   yellow_taxi_2019_01   /opt/***/output_2019-01.parquet
[2022-09-17 06:19:10,266] {logging_mixin.py:109} INFO - engine created
[2022-09-17 06:19:31,026] {local_task_job.py:154} INFO - Task exited with return code Negsignal.SIGKILL
