[2022-09-11 16:41:52,446] {taskinstance.py:1032} INFO - Dependencies all met for <TaskInstance: FHVIngestionDag.wget scheduled__2019-08-01T06:00:00+00:00 [queued]>
[2022-09-11 16:41:52,456] {taskinstance.py:1032} INFO - Dependencies all met for <TaskInstance: FHVIngestionDag.wget scheduled__2019-08-01T06:00:00+00:00 [queued]>
[2022-09-11 16:41:52,456] {taskinstance.py:1238} INFO - 
--------------------------------------------------------------------------------
[2022-09-11 16:41:52,457] {taskinstance.py:1239} INFO - Starting attempt 1 of 1
[2022-09-11 16:41:52,457] {taskinstance.py:1240} INFO - 
--------------------------------------------------------------------------------
[2022-09-11 16:41:52,690] {taskinstance.py:1259} INFO - Executing <Task(BashOperator): wget> on 2019-08-01 06:00:00+00:00
[2022-09-11 16:41:52,697] {standard_task_runner.py:52} INFO - Started process 7930 to run task
[2022-09-11 16:41:52,703] {standard_task_runner.py:76} INFO - Running: ['***', 'tasks', 'run', 'FHVIngestionDag', 'wget', 'scheduled__2019-08-01T06:00:00+00:00', '--job-id', '92', '--raw', '--subdir', 'DAGS_FOLDER/FHV_ingest_19.py', '--cfg-path', '/tmp/tmp3cgxy9pl', '--error-file', '/tmp/tmpz2t31ymz']
[2022-09-11 16:41:52,704] {standard_task_runner.py:77} INFO - Job 92: Subtask wget
[2022-09-11 16:41:52,847] {logging_mixin.py:109} INFO - Running <TaskInstance: FHVIngestionDag.wget scheduled__2019-08-01T06:00:00+00:00 [running]> on host 6ae512137983
[2022-09-11 16:41:53,046] {logging_mixin.py:109} WARNING - /home/***/.local/lib/python3.7/site-packages/***/utils/context.py:152 AirflowContextDeprecationWarning: Accessing 'execution_date' from the template is deprecated and will be removed in a future version. Please use 'data_interval_start' or 'logical_date' instead.
[2022-09-11 16:41:53,155] {taskinstance.py:1426} INFO - Exporting the following env vars:
AIRFLOW_CTX_DAG_OWNER=***
AIRFLOW_CTX_DAG_ID=FHVIngestionDag
AIRFLOW_CTX_TASK_ID=wget
AIRFLOW_CTX_EXECUTION_DATE=2019-08-01T06:00:00+00:00
AIRFLOW_CTX_DAG_RUN_ID=scheduled__2019-08-01T06:00:00+00:00
[2022-09-11 16:41:53,158] {subprocess.py:62} INFO - Tmp dir root location: 
 /tmp
[2022-09-11 16:41:53,159] {subprocess.py:74} INFO - Running command: ['bash', '-c', 'curl -sSL https://d37ci6vzurychx.cloudfront.net/trip-data/fhv_tripdata_2019-08.parquet > /opt/***/FHV_OUT_2019-08.parquet']
[2022-09-11 16:41:53,175] {subprocess.py:85} INFO - Output:
[2022-09-11 16:42:01,415] {subprocess.py:93} INFO - Command exited with return code 0
[2022-09-11 16:42:01,507] {taskinstance.py:1277} INFO - Marking task as SUCCESS. dag_id=FHVIngestionDag, task_id=wget, execution_date=20190801T060000, start_date=20220911T164152, end_date=20220911T164201
[2022-09-11 16:42:01,578] {local_task_job.py:154} INFO - Task exited with return code 0
[2022-09-11 16:42:01,696] {local_task_job.py:264} INFO - 1 downstream tasks scheduled from follow-on schedule check
[2022-09-15 05:22:42,050] {taskinstance.py:1032} INFO - Dependencies all met for <TaskInstance: FHVIngestionDag.wget scheduled__2019-08-01T06:00:00+00:00 [queued]>
[2022-09-15 05:22:42,072] {taskinstance.py:1032} INFO - Dependencies all met for <TaskInstance: FHVIngestionDag.wget scheduled__2019-08-01T06:00:00+00:00 [queued]>
[2022-09-15 05:22:42,073] {taskinstance.py:1238} INFO - 
--------------------------------------------------------------------------------
[2022-09-15 05:22:42,073] {taskinstance.py:1239} INFO - Starting attempt 1 of 1
[2022-09-15 05:22:42,074] {taskinstance.py:1240} INFO - 
--------------------------------------------------------------------------------
[2022-09-15 05:22:42,121] {taskinstance.py:1259} INFO - Executing <Task(BashOperator): wget> on 2019-08-01 06:00:00+00:00
[2022-09-15 05:22:42,124] {standard_task_runner.py:52} INFO - Started process 681 to run task
[2022-09-15 05:22:42,127] {standard_task_runner.py:76} INFO - Running: ['***', 'tasks', 'run', 'FHVIngestionDag', 'wget', 'scheduled__2019-08-01T06:00:00+00:00', '--job-id', '160', '--raw', '--subdir', 'DAGS_FOLDER/FHV_ingest_19.py', '--cfg-path', '/tmp/tmpnednkisx', '--error-file', '/tmp/tmp9od6ozuy']
[2022-09-15 05:22:42,128] {standard_task_runner.py:77} INFO - Job 160: Subtask wget
[2022-09-15 05:22:42,256] {logging_mixin.py:109} INFO - Running <TaskInstance: FHVIngestionDag.wget scheduled__2019-08-01T06:00:00+00:00 [running]> on host c071d865a623
[2022-09-15 05:22:42,336] {logging_mixin.py:109} WARNING - /home/***/.local/lib/python3.7/site-packages/***/utils/context.py:152 AirflowContextDeprecationWarning: Accessing 'execution_date' from the template is deprecated and will be removed in a future version. Please use 'data_interval_start' or 'logical_date' instead.
[2022-09-15 05:22:42,747] {taskinstance.py:1426} INFO - Exporting the following env vars:
AIRFLOW_CTX_DAG_OWNER=***
AIRFLOW_CTX_DAG_ID=FHVIngestionDag
AIRFLOW_CTX_TASK_ID=wget
AIRFLOW_CTX_EXECUTION_DATE=2019-08-01T06:00:00+00:00
AIRFLOW_CTX_DAG_RUN_ID=scheduled__2019-08-01T06:00:00+00:00
[2022-09-15 05:22:42,749] {subprocess.py:62} INFO - Tmp dir root location: 
 /tmp
[2022-09-15 05:22:42,751] {subprocess.py:74} INFO - Running command: ['bash', '-c', 'curl -sSL https://d37ci6vzurychx.cloudfront.net/trip-data/fhv_tripdata_2019-08.parquet > /opt/***/FHV_OUT_2019-08.parquet']
[2022-09-15 05:22:42,764] {subprocess.py:85} INFO - Output:
[2022-09-15 05:22:51,662] {subprocess.py:93} INFO - Command exited with return code 0
[2022-09-15 05:22:51,808] {taskinstance.py:1277} INFO - Marking task as SUCCESS. dag_id=FHVIngestionDag, task_id=wget, execution_date=20190801T060000, start_date=20220915T052242, end_date=20220915T052251
[2022-09-15 05:22:51,941] {local_task_job.py:154} INFO - Task exited with return code 0
[2022-09-15 05:22:52,067] {local_task_job.py:264} INFO - 1 downstream tasks scheduled from follow-on schedule check
