[2022-09-11 09:41:11,827] {taskinstance.py:1032} INFO - Dependencies all met for <TaskInstance: ZonesIngestionDag.wget manual__2022-09-11T09:40:56.565369+00:00 [queued]>
[2022-09-11 09:41:11,872] {taskinstance.py:1032} INFO - Dependencies all met for <TaskInstance: ZonesIngestionDag.wget manual__2022-09-11T09:40:56.565369+00:00 [queued]>
[2022-09-11 09:41:11,873] {taskinstance.py:1238} INFO - 
--------------------------------------------------------------------------------
[2022-09-11 09:41:11,873] {taskinstance.py:1239} INFO - Starting attempt 1 of 1
[2022-09-11 09:41:11,873] {taskinstance.py:1240} INFO - 
--------------------------------------------------------------------------------
[2022-09-11 09:41:11,980] {taskinstance.py:1259} INFO - Executing <Task(BashOperator): wget> on 2022-09-11 09:40:56.565369+00:00
[2022-09-11 09:41:11,986] {standard_task_runner.py:52} INFO - Started process 7120 to run task
[2022-09-11 09:41:11,999] {standard_task_runner.py:76} INFO - Running: ['***', 'tasks', 'run', 'ZonesIngestionDag', 'wget', 'manual__2022-09-11T09:40:56.565369+00:00', '--job-id', '25', '--raw', '--subdir', 'DAGS_FOLDER/Zones_ingest.py', '--cfg-path', '/tmp/tmpgsjaijqt', '--error-file', '/tmp/tmp807rq_1y']
[2022-09-11 09:41:12,003] {standard_task_runner.py:77} INFO - Job 25: Subtask wget
[2022-09-11 09:41:26,100] {logging_mixin.py:109} INFO - Running <TaskInstance: ZonesIngestionDag.wget manual__2022-09-11T09:40:56.565369+00:00 [running]> on host 6ae512137983
[2022-09-11 09:41:28,716] {taskinstance.py:1426} INFO - Exporting the following env vars:
AIRFLOW_CTX_DAG_OWNER=***
AIRFLOW_CTX_DAG_ID=ZonesIngestionDag
AIRFLOW_CTX_TASK_ID=wget
AIRFLOW_CTX_EXECUTION_DATE=2022-09-11T09:40:56.565369+00:00
AIRFLOW_CTX_DAG_RUN_ID=manual__2022-09-11T09:40:56.565369+00:00
[2022-09-11 09:41:29,408] {subprocess.py:62} INFO - Tmp dir root location: 
 /tmp
[2022-09-11 09:41:29,409] {subprocess.py:74} INFO - Running command: ['bash', '-c', 'curl -sSL https://d37ci6vzurychx.cloudfront.net/misc/taxi+_zone_lookup.csv > /opt/***/taxi+_zone_lookup.csv']
[2022-09-11 09:41:29,423] {subprocess.py:85} INFO - Output:
[2022-09-11 09:41:35,276] {subprocess.py:93} INFO - Command exited with return code 0
[2022-09-11 09:41:35,503] {taskinstance.py:1277} INFO - Marking task as SUCCESS. dag_id=ZonesIngestionDag, task_id=wget, execution_date=20220911T094056, start_date=20220911T094111, end_date=20220911T094135
[2022-09-11 09:41:35,699] {local_task_job.py:154} INFO - Task exited with return code 0
[2022-09-11 09:41:35,942] {local_task_job.py:264} INFO - 1 downstream tasks scheduled from follow-on schedule check
