[2022-09-11 15:58:44,624] {taskinstance.py:1032} INFO - Dependencies all met for <TaskInstance: ZonesIngestionDag.ingest scheduled__2022-09-10T10:52:15.937752+00:00 [queued]>
[2022-09-11 15:58:44,636] {taskinstance.py:1032} INFO - Dependencies all met for <TaskInstance: ZonesIngestionDag.ingest scheduled__2022-09-10T10:52:15.937752+00:00 [queued]>
[2022-09-11 15:58:44,636] {taskinstance.py:1238} INFO - 
--------------------------------------------------------------------------------
[2022-09-11 15:58:44,637] {taskinstance.py:1239} INFO - Starting attempt 8 of 8
[2022-09-11 15:58:44,637] {taskinstance.py:1240} INFO - 
--------------------------------------------------------------------------------
[2022-09-11 15:58:44,690] {taskinstance.py:1259} INFO - Executing <Task(PythonOperator): ingest> on 2022-09-10 10:52:15.937752+00:00
[2022-09-11 15:58:44,694] {standard_task_runner.py:52} INFO - Started process 4960 to run task
[2022-09-11 15:58:44,698] {standard_task_runner.py:76} INFO - Running: ['***', 'tasks', 'run', 'ZonesIngestionDag', 'ingest', 'scheduled__2022-09-10T10:52:15.937752+00:00', '--job-id', '66', '--raw', '--subdir', 'DAGS_FOLDER/Zones_ingest.py', '--cfg-path', '/tmp/tmpcajq4409', '--error-file', '/tmp/tmpen6ya2ds']
[2022-09-11 15:58:44,699] {standard_task_runner.py:77} INFO - Job 66: Subtask ingest
[2022-09-11 15:58:44,769] {logging_mixin.py:109} INFO - Running <TaskInstance: ZonesIngestionDag.ingest scheduled__2022-09-10T10:52:15.937752+00:00 [running]> on host 6ae512137983
[2022-09-11 15:58:45,071] {taskinstance.py:1426} INFO - Exporting the following env vars:
AIRFLOW_CTX_DAG_OWNER=***
AIRFLOW_CTX_DAG_ID=ZonesIngestionDag
AIRFLOW_CTX_TASK_ID=ingest
AIRFLOW_CTX_EXECUTION_DATE=2022-09-10T10:52:15.937752+00:00
AIRFLOW_CTX_DAG_RUN_ID=scheduled__2022-09-10T10:52:15.937752+00:00
[2022-09-11 15:59:04,571] {logging_mixin.py:109} INFO - Finished ingesting data into the postgres database by PANDAS PARQUET
[2022-09-11 15:59:04,571] {python.py:175} INFO - Done. Returned value was: None
[2022-09-11 15:59:04,589] {taskinstance.py:1277} INFO - Marking task as SUCCESS. dag_id=ZonesIngestionDag, task_id=ingest, execution_date=20220910T105215, start_date=20220911T155844, end_date=20220911T155904
[2022-09-11 15:59:04,684] {local_task_job.py:154} INFO - Task exited with return code 0
[2022-09-11 15:59:04,932] {local_task_job.py:264} INFO - 1 downstream tasks scheduled from follow-on schedule check
