[2022-09-16 06:35:05,236] {taskinstance.py:1032} INFO - Dependencies all met for <TaskInstance: LocalIngestionDag.wget scheduled__2020-08-01T06:00:00+00:00 [queued]>
[2022-09-16 06:35:05,247] {taskinstance.py:1032} INFO - Dependencies all met for <TaskInstance: LocalIngestionDag.wget scheduled__2020-08-01T06:00:00+00:00 [queued]>
[2022-09-16 06:35:05,247] {taskinstance.py:1238} INFO - 
--------------------------------------------------------------------------------
[2022-09-16 06:35:05,248] {taskinstance.py:1239} INFO - Starting attempt 1 of 1
[2022-09-16 06:35:05,248] {taskinstance.py:1240} INFO - 
--------------------------------------------------------------------------------
[2022-09-16 06:35:05,355] {taskinstance.py:1259} INFO - Executing <Task(BashOperator): wget> on 2020-08-01 06:00:00+00:00
[2022-09-16 06:35:05,371] {standard_task_runner.py:52} INFO - Started process 2237 to run task
[2022-09-16 06:35:05,377] {standard_task_runner.py:76} INFO - Running: ['***', 'tasks', 'run', 'LocalIngestionDag', 'wget', 'scheduled__2020-08-01T06:00:00+00:00', '--job-id', '223', '--raw', '--subdir', 'DAGS_FOLDER/ingest_data_dag.py', '--cfg-path', '/tmp/tmplh_sk6kr', '--error-file', '/tmp/tmp9gjlz4i5']
[2022-09-16 06:35:05,379] {standard_task_runner.py:77} INFO - Job 223: Subtask wget
[2022-09-16 06:35:05,517] {logging_mixin.py:109} INFO - Running <TaskInstance: LocalIngestionDag.wget scheduled__2020-08-01T06:00:00+00:00 [running]> on host 1bec96cb997e
[2022-09-16 06:35:05,601] {logging_mixin.py:109} WARNING - /home/***/.local/lib/python3.7/site-packages/***/utils/context.py:152 AirflowContextDeprecationWarning: Accessing 'execution_date' from the template is deprecated and will be removed in a future version. Please use 'data_interval_start' or 'logical_date' instead.
[2022-09-16 06:35:05,668] {taskinstance.py:1426} INFO - Exporting the following env vars:
AIRFLOW_CTX_DAG_OWNER=***
AIRFLOW_CTX_DAG_ID=LocalIngestionDag
AIRFLOW_CTX_TASK_ID=wget
AIRFLOW_CTX_EXECUTION_DATE=2020-08-01T06:00:00+00:00
AIRFLOW_CTX_DAG_RUN_ID=scheduled__2020-08-01T06:00:00+00:00
[2022-09-16 06:35:05,669] {subprocess.py:62} INFO - Tmp dir root location: 
 /tmp
[2022-09-16 06:35:05,670] {subprocess.py:74} INFO - Running command: ['bash', '-c', 'curl -sSL https://d37ci6vzurychx.cloudfront.net/trip-data/yellow_tripdata_2020-08.parquet > /opt/***/output_2020-08.parquet']
[2022-09-16 06:35:05,679] {subprocess.py:85} INFO - Output:
[2022-09-16 06:35:13,282] {subprocess.py:93} INFO - Command exited with return code 0
[2022-09-16 06:35:13,381] {taskinstance.py:1277} INFO - Marking task as SUCCESS. dag_id=LocalIngestionDag, task_id=wget, execution_date=20200801T060000, start_date=20220916T063505, end_date=20220916T063513
[2022-09-16 06:35:13,465] {local_task_job.py:154} INFO - Task exited with return code 0
[2022-09-16 06:35:13,550] {local_task_job.py:264} INFO - 1 downstream tasks scheduled from follow-on schedule check
