[2022-09-15 07:04:54,529] {taskinstance.py:1032} INFO - Dependencies all met for <TaskInstance: LocalIngestionDag.wget scheduled__2019-01-01T06:00:00+00:00 [queued]>
[2022-09-15 07:04:54,555] {taskinstance.py:1032} INFO - Dependencies all met for <TaskInstance: LocalIngestionDag.wget scheduled__2019-01-01T06:00:00+00:00 [queued]>
[2022-09-15 07:04:54,557] {taskinstance.py:1238} INFO - 
--------------------------------------------------------------------------------
[2022-09-15 07:04:54,558] {taskinstance.py:1239} INFO - Starting attempt 1 of 1
[2022-09-15 07:04:54,558] {taskinstance.py:1240} INFO - 
--------------------------------------------------------------------------------
[2022-09-15 07:04:54,876] {taskinstance.py:1259} INFO - Executing <Task(BashOperator): wget> on 2019-01-01 06:00:00+00:00
[2022-09-15 07:04:54,881] {standard_task_runner.py:52} INFO - Started process 9281 to run task
[2022-09-15 07:04:54,893] {standard_task_runner.py:76} INFO - Running: ['***', 'tasks', 'run', 'LocalIngestionDag', 'wget', 'scheduled__2019-01-01T06:00:00+00:00', '--job-id', '172', '--raw', '--subdir', 'DAGS_FOLDER/ingest_data_dag.py', '--cfg-path', '/tmp/tmpwob7g4f_', '--error-file', '/tmp/tmps1096r_i']
[2022-09-15 07:04:54,894] {standard_task_runner.py:77} INFO - Job 172: Subtask wget
[2022-09-15 07:04:55,421] {logging_mixin.py:109} INFO - Running <TaskInstance: LocalIngestionDag.wget scheduled__2019-01-01T06:00:00+00:00 [running]> on host c071d865a623
[2022-09-15 07:04:55,794] {logging_mixin.py:109} WARNING - /home/***/.local/lib/python3.7/site-packages/***/utils/context.py:152 AirflowContextDeprecationWarning: Accessing 'execution_date' from the template is deprecated and will be removed in a future version. Please use 'data_interval_start' or 'logical_date' instead.
[2022-09-15 07:04:55,968] {taskinstance.py:1426} INFO - Exporting the following env vars:
AIRFLOW_CTX_DAG_OWNER=***
AIRFLOW_CTX_DAG_ID=LocalIngestionDag
AIRFLOW_CTX_TASK_ID=wget
AIRFLOW_CTX_EXECUTION_DATE=2019-01-01T06:00:00+00:00
AIRFLOW_CTX_DAG_RUN_ID=scheduled__2019-01-01T06:00:00+00:00
[2022-09-15 07:04:55,972] {subprocess.py:62} INFO - Tmp dir root location: 
 /tmp
[2022-09-15 07:04:55,974] {subprocess.py:74} INFO - Running command: ['bash', '-c', 'curl -sSL https://d37ci6vzurychx.cloudfront.net/trip-data/yellow_tripdata_2019-01.parquet > /opt/***/output_2019-01.parquet']
[2022-09-15 07:04:56,407] {subprocess.py:85} INFO - Output:
[2022-09-15 07:05:44,949] {subprocess.py:93} INFO - Command exited with return code 0
[2022-09-15 07:05:45,032] {taskinstance.py:1277} INFO - Marking task as SUCCESS. dag_id=LocalIngestionDag, task_id=wget, execution_date=20190101T060000, start_date=20220915T070454, end_date=20220915T070545
[2022-09-15 07:05:45,126] {local_task_job.py:154} INFO - Task exited with return code 0
[2022-09-15 07:05:45,223] {local_task_job.py:264} INFO - 0 downstream tasks scheduled from follow-on schedule check
[2022-09-17 02:34:47,083] {taskinstance.py:1032} INFO - Dependencies all met for <TaskInstance: LocalIngestionDag.wget scheduled__2019-01-01T06:00:00+00:00 [queued]>
[2022-09-17 02:34:47,115] {taskinstance.py:1032} INFO - Dependencies all met for <TaskInstance: LocalIngestionDag.wget scheduled__2019-01-01T06:00:00+00:00 [queued]>
[2022-09-17 02:34:47,115] {taskinstance.py:1238} INFO - 
--------------------------------------------------------------------------------
[2022-09-17 02:34:47,115] {taskinstance.py:1239} INFO - Starting attempt 1 of 1
[2022-09-17 02:34:47,116] {taskinstance.py:1240} INFO - 
--------------------------------------------------------------------------------
[2022-09-17 02:34:47,205] {taskinstance.py:1259} INFO - Executing <Task(BashOperator): wget> on 2019-01-01 06:00:00+00:00
[2022-09-17 02:34:47,212] {standard_task_runner.py:52} INFO - Started process 2615 to run task
[2022-09-17 02:34:47,219] {standard_task_runner.py:76} INFO - Running: ['***', 'tasks', 'run', 'LocalIngestionDag', 'wget', 'scheduled__2019-01-01T06:00:00+00:00', '--job-id', '249', '--raw', '--subdir', 'DAGS_FOLDER/ingest_data_dag.py', '--cfg-path', '/tmp/tmp7hr_7hls', '--error-file', '/tmp/tmp5zxe2a_q']
[2022-09-17 02:34:47,237] {standard_task_runner.py:77} INFO - Job 249: Subtask wget
[2022-09-17 02:34:47,336] {logging_mixin.py:109} INFO - Running <TaskInstance: LocalIngestionDag.wget scheduled__2019-01-01T06:00:00+00:00 [running]> on host 5d94276fbe2b
[2022-09-17 02:34:47,477] {logging_mixin.py:109} WARNING - /home/***/.local/lib/python3.7/site-packages/***/utils/context.py:152 AirflowContextDeprecationWarning: Accessing 'execution_date' from the template is deprecated and will be removed in a future version. Please use 'data_interval_start' or 'logical_date' instead.
[2022-09-17 02:34:47,625] {taskinstance.py:1426} INFO - Exporting the following env vars:
AIRFLOW_CTX_DAG_OWNER=***
AIRFLOW_CTX_DAG_ID=LocalIngestionDag
AIRFLOW_CTX_TASK_ID=wget
AIRFLOW_CTX_EXECUTION_DATE=2019-01-01T06:00:00+00:00
AIRFLOW_CTX_DAG_RUN_ID=scheduled__2019-01-01T06:00:00+00:00
[2022-09-17 02:34:47,627] {subprocess.py:62} INFO - Tmp dir root location: 
 /tmp
[2022-09-17 02:34:47,628] {subprocess.py:74} INFO - Running command: ['bash', '-c', 'curl -sSL https://d37ci6vzurychx.cloudfront.net/trip-data/yellow_tripdata_2019-01.parquet > /opt/***/output_2019-01.parquet']
[2022-09-17 02:34:47,669] {subprocess.py:85} INFO - Output:
[2022-09-17 02:35:35,146] {subprocess.py:93} INFO - Command exited with return code 0
[2022-09-17 02:35:36,172] {taskinstance.py:1277} INFO - Marking task as SUCCESS. dag_id=LocalIngestionDag, task_id=wget, execution_date=20190101T060000, start_date=20220917T023447, end_date=20220917T023536
[2022-09-17 02:35:36,690] {local_task_job.py:154} INFO - Task exited with return code 0
[2022-09-17 02:35:36,793] {local_task_job.py:264} INFO - 1 downstream tasks scheduled from follow-on schedule check
