[2022-09-15 10:07:04,040] {taskinstance.py:1032} INFO - Dependencies all met for <TaskInstance: LocalIngestionDag.wget scheduled__2019-01-01T06:00:00+00:00 [queued]>
[2022-09-15 10:07:04,052] {taskinstance.py:1032} INFO - Dependencies all met for <TaskInstance: LocalIngestionDag.wget scheduled__2019-01-01T06:00:00+00:00 [queued]>
[2022-09-15 10:07:04,053] {taskinstance.py:1238} INFO - 
--------------------------------------------------------------------------------
[2022-09-15 10:07:04,053] {taskinstance.py:1239} INFO - Starting attempt 2 of 2
[2022-09-15 10:07:04,054] {taskinstance.py:1240} INFO - 
--------------------------------------------------------------------------------
[2022-09-15 10:07:04,135] {taskinstance.py:1259} INFO - Executing <Task(BashOperator): wget> on 2019-01-01 06:00:00+00:00
[2022-09-15 10:07:04,145] {standard_task_runner.py:52} INFO - Started process 381 to run task
[2022-09-15 10:07:04,155] {standard_task_runner.py:76} INFO - Running: ['***', 'tasks', 'run', 'LocalIngestionDag', 'wget', 'scheduled__2019-01-01T06:00:00+00:00', '--job-id', '178', '--raw', '--subdir', 'DAGS_FOLDER/ingest_data_dag.py', '--cfg-path', '/tmp/tmpzh9401ek', '--error-file', '/tmp/tmpgj6m353d']
[2022-09-15 10:07:04,157] {standard_task_runner.py:77} INFO - Job 178: Subtask wget
[2022-09-15 10:07:04,273] {logging_mixin.py:109} INFO - Running <TaskInstance: LocalIngestionDag.wget scheduled__2019-01-01T06:00:00+00:00 [running]> on host 1bec96cb997e
[2022-09-15 10:07:04,413] {logging_mixin.py:109} WARNING - /home/***/.local/lib/python3.7/site-packages/***/utils/context.py:152 AirflowContextDeprecationWarning: Accessing 'execution_date' from the template is deprecated and will be removed in a future version. Please use 'data_interval_start' or 'logical_date' instead.
[2022-09-15 10:07:04,462] {taskinstance.py:1426} INFO - Exporting the following env vars:
AIRFLOW_CTX_DAG_OWNER=***
AIRFLOW_CTX_DAG_ID=LocalIngestionDag
AIRFLOW_CTX_TASK_ID=wget
AIRFLOW_CTX_EXECUTION_DATE=2019-01-01T06:00:00+00:00
AIRFLOW_CTX_DAG_RUN_ID=scheduled__2019-01-01T06:00:00+00:00
[2022-09-15 10:07:04,463] {subprocess.py:62} INFO - Tmp dir root location: 
 /tmp
[2022-09-15 10:07:04,464] {subprocess.py:74} INFO - Running command: ['bash', '-c', 'curl -sSL https://d37ci6vzurychx.cloudfront.net/trip-data/yellow_tripdata_2019-01.parquet > /opt/***/output_2019-01.parquet']
[2022-09-15 10:07:04,474] {subprocess.py:85} INFO - Output:
[2022-09-15 10:07:49,638] {subprocess.py:93} INFO - Command exited with return code 0
[2022-09-15 10:07:49,789] {taskinstance.py:1277} INFO - Marking task as SUCCESS. dag_id=LocalIngestionDag, task_id=wget, execution_date=20190101T060000, start_date=20220915T100704, end_date=20220915T100749
[2022-09-15 10:07:49,893] {local_task_job.py:154} INFO - Task exited with return code 0
[2022-09-15 10:07:50,076] {local_task_job.py:264} INFO - 1 downstream tasks scheduled from follow-on schedule check
[2022-09-17 06:18:19,018] {taskinstance.py:1032} INFO - Dependencies all met for <TaskInstance: LocalIngestionDag.wget scheduled__2019-01-01T06:00:00+00:00 [queued]>
[2022-09-17 06:18:19,046] {taskinstance.py:1032} INFO - Dependencies all met for <TaskInstance: LocalIngestionDag.wget scheduled__2019-01-01T06:00:00+00:00 [queued]>
[2022-09-17 06:18:19,047] {taskinstance.py:1238} INFO - 
--------------------------------------------------------------------------------
[2022-09-17 06:18:19,047] {taskinstance.py:1239} INFO - Starting attempt 2 of 2
[2022-09-17 06:18:19,047] {taskinstance.py:1240} INFO - 
--------------------------------------------------------------------------------
[2022-09-17 06:18:19,097] {taskinstance.py:1259} INFO - Executing <Task(BashOperator): wget> on 2019-01-01 06:00:00+00:00
[2022-09-17 06:18:19,101] {standard_task_runner.py:52} INFO - Started process 1587 to run task
[2022-09-17 06:18:19,104] {standard_task_runner.py:76} INFO - Running: ['***', 'tasks', 'run', 'LocalIngestionDag', 'wget', 'scheduled__2019-01-01T06:00:00+00:00', '--job-id', '302', '--raw', '--subdir', 'DAGS_FOLDER/ingest_data_dag.py', '--cfg-path', '/tmp/tmp9qau4165', '--error-file', '/tmp/tmpp7p5usif']
[2022-09-17 06:18:19,105] {standard_task_runner.py:77} INFO - Job 302: Subtask wget
[2022-09-17 06:18:19,200] {logging_mixin.py:109} INFO - Running <TaskInstance: LocalIngestionDag.wget scheduled__2019-01-01T06:00:00+00:00 [running]> on host 5d94276fbe2b
[2022-09-17 06:18:19,345] {logging_mixin.py:109} WARNING - /home/***/.local/lib/python3.7/site-packages/***/utils/context.py:152 AirflowContextDeprecationWarning: Accessing 'execution_date' from the template is deprecated and will be removed in a future version. Please use 'data_interval_start' or 'logical_date' instead.
[2022-09-17 06:18:19,449] {taskinstance.py:1426} INFO - Exporting the following env vars:
AIRFLOW_CTX_DAG_OWNER=***
AIRFLOW_CTX_DAG_ID=LocalIngestionDag
AIRFLOW_CTX_TASK_ID=wget
AIRFLOW_CTX_EXECUTION_DATE=2019-01-01T06:00:00+00:00
AIRFLOW_CTX_DAG_RUN_ID=scheduled__2019-01-01T06:00:00+00:00
[2022-09-17 06:18:19,452] {subprocess.py:62} INFO - Tmp dir root location: 
 /tmp
[2022-09-17 06:18:19,453] {subprocess.py:74} INFO - Running command: ['bash', '-c', 'curl -sSL https://d37ci6vzurychx.cloudfront.net/trip-data/yellow_tripdata_2019-01.parquet > /opt/***/output_2019-01.parquet']
[2022-09-17 06:18:19,466] {subprocess.py:85} INFO - Output:
[2022-09-17 06:19:07,586] {subprocess.py:93} INFO - Command exited with return code 0
[2022-09-17 06:19:08,650] {taskinstance.py:1277} INFO - Marking task as SUCCESS. dag_id=LocalIngestionDag, task_id=wget, execution_date=20190101T060000, start_date=20220917T061819, end_date=20220917T061908
[2022-09-17 06:19:08,942] {local_task_job.py:154} INFO - Task exited with return code 0
[2022-09-17 06:19:09,075] {dagrun.py:628} WARNING - Failed to get task '<TaskInstance: LocalIngestionDag.eng scheduled__2019-01-01T06:00:00+00:00 [removed]>' for dag 'LocalIngestionDag'. Marking it as removed.
[2022-09-17 06:19:09,355] {local_task_job.py:264} INFO - 0 downstream tasks scheduled from follow-on schedule check
