[2022-09-11 16:59:41,812] {taskinstance.py:1032} INFO - Dependencies all met for <TaskInstance: FHVIngestionDag.wget scheduled__2019-11-01T06:00:00+00:00 [queued]>
[2022-09-11 16:59:41,823] {taskinstance.py:1032} INFO - Dependencies all met for <TaskInstance: FHVIngestionDag.wget scheduled__2019-11-01T06:00:00+00:00 [queued]>
[2022-09-11 16:59:41,824] {taskinstance.py:1238} INFO - 
--------------------------------------------------------------------------------
[2022-09-11 16:59:41,824] {taskinstance.py:1239} INFO - Starting attempt 2 of 2
[2022-09-11 16:59:41,824] {taskinstance.py:1240} INFO - 
--------------------------------------------------------------------------------
[2022-09-11 16:59:41,955] {taskinstance.py:1259} INFO - Executing <Task(BashOperator): wget> on 2019-11-01 06:00:00+00:00
[2022-09-11 16:59:41,962] {standard_task_runner.py:52} INFO - Started process 8876 to run task
[2022-09-11 16:59:41,969] {standard_task_runner.py:76} INFO - Running: ['***', 'tasks', 'run', 'FHVIngestionDag', 'wget', 'scheduled__2019-11-01T06:00:00+00:00', '--job-id', '102', '--raw', '--subdir', 'DAGS_FOLDER/FHV_ingest_19.py', '--cfg-path', '/tmp/tmpklt0p6s8', '--error-file', '/tmp/tmpp1utnnrw']
[2022-09-11 16:59:41,971] {standard_task_runner.py:77} INFO - Job 102: Subtask wget
[2022-09-11 16:59:42,091] {logging_mixin.py:109} INFO - Running <TaskInstance: FHVIngestionDag.wget scheduled__2019-11-01T06:00:00+00:00 [running]> on host 6ae512137983
[2022-09-11 16:59:42,298] {logging_mixin.py:109} WARNING - /home/***/.local/lib/python3.7/site-packages/***/utils/context.py:152 AirflowContextDeprecationWarning: Accessing 'execution_date' from the template is deprecated and will be removed in a future version. Please use 'data_interval_start' or 'logical_date' instead.
[2022-09-11 16:59:42,315] {taskinstance.py:1426} INFO - Exporting the following env vars:
AIRFLOW_CTX_DAG_OWNER=***
AIRFLOW_CTX_DAG_ID=FHVIngestionDag
AIRFLOW_CTX_TASK_ID=wget
AIRFLOW_CTX_EXECUTION_DATE=2019-11-01T06:00:00+00:00
AIRFLOW_CTX_DAG_RUN_ID=scheduled__2019-11-01T06:00:00+00:00
[2022-09-11 16:59:42,316] {subprocess.py:62} INFO - Tmp dir root location: 
 /tmp
[2022-09-11 16:59:42,317] {subprocess.py:74} INFO - Running command: ['bash', '-c', 'curl -sSL https://d37ci6vzurychx.cloudfront.net/trip-data/fhv_tripdata_2019-11.parquet > /opt/***/FHV_OUT_2019-11.parquet']
[2022-09-11 16:59:42,359] {subprocess.py:85} INFO - Output:
[2022-09-11 16:59:52,517] {subprocess.py:93} INFO - Command exited with return code 0
[2022-09-11 16:59:52,770] {taskinstance.py:1277} INFO - Marking task as SUCCESS. dag_id=FHVIngestionDag, task_id=wget, execution_date=20191101T060000, start_date=20220911T165941, end_date=20220911T165952
[2022-09-11 16:59:53,476] {local_task_job.py:154} INFO - Task exited with return code 0
[2022-09-11 16:59:53,771] {local_task_job.py:264} INFO - 1 downstream tasks scheduled from follow-on schedule check
