[2022-09-11 12:08:13,788] {taskinstance.py:1032} INFO - Dependencies all met for <TaskInstance: FHVIngestionDag.wget scheduled__2022-08-01T06:00:00+00:00 [queued]>
[2022-09-11 12:08:13,800] {taskinstance.py:1032} INFO - Dependencies all met for <TaskInstance: FHVIngestionDag.wget scheduled__2022-08-01T06:00:00+00:00 [queued]>
[2022-09-11 12:08:13,800] {taskinstance.py:1238} INFO - 
--------------------------------------------------------------------------------
[2022-09-11 12:08:13,801] {taskinstance.py:1239} INFO - Starting attempt 1 of 1
[2022-09-11 12:08:13,801] {taskinstance.py:1240} INFO - 
--------------------------------------------------------------------------------
[2022-09-11 12:08:14,310] {taskinstance.py:1259} INFO - Executing <Task(BashOperator): wget> on 2022-08-01 06:00:00+00:00
[2022-09-11 12:08:14,313] {standard_task_runner.py:52} INFO - Started process 19391 to run task
[2022-09-11 12:08:14,319] {standard_task_runner.py:76} INFO - Running: ['***', 'tasks', 'run', 'FHVIngestionDag', 'wget', 'scheduled__2022-08-01T06:00:00+00:00', '--job-id', '51', '--raw', '--subdir', 'DAGS_FOLDER/FHV_ingest_19.py', '--cfg-path', '/tmp/tmp5wrwob35', '--error-file', '/tmp/tmppsr97uxl']
[2022-09-11 12:08:14,320] {standard_task_runner.py:77} INFO - Job 51: Subtask wget
[2022-09-11 12:08:14,562] {logging_mixin.py:109} INFO - Running <TaskInstance: FHVIngestionDag.wget scheduled__2022-08-01T06:00:00+00:00 [running]> on host 6ae512137983
[2022-09-11 12:08:14,846] {logging_mixin.py:109} WARNING - /home/***/.local/lib/python3.7/site-packages/***/utils/context.py:152 AirflowContextDeprecationWarning: Accessing 'execution_date' from the template is deprecated and will be removed in a future version. Please use 'data_interval_start' or 'logical_date' instead.
[2022-09-11 12:08:15,659] {taskinstance.py:1426} INFO - Exporting the following env vars:
AIRFLOW_CTX_DAG_OWNER=***
AIRFLOW_CTX_DAG_ID=FHVIngestionDag
AIRFLOW_CTX_TASK_ID=wget
AIRFLOW_CTX_EXECUTION_DATE=2022-08-01T06:00:00+00:00
AIRFLOW_CTX_DAG_RUN_ID=scheduled__2022-08-01T06:00:00+00:00
[2022-09-11 12:08:15,736] {subprocess.py:62} INFO - Tmp dir root location: 
 /tmp
[2022-09-11 12:08:15,737] {subprocess.py:74} INFO - Running command: ['bash', '-c', 'curl -sSL https://d37ci6vzurychx.cloudfront.net/trip-data/fhv_tripdata_2022-08.parquet > /opt/***/FHV_OUT_2022-08.parquet']
[2022-09-11 12:08:15,749] {subprocess.py:85} INFO - Output:
[2022-09-11 12:08:49,973] {subprocess.py:93} INFO - Command exited with return code 0
[2022-09-11 12:08:50,325] {taskinstance.py:1277} INFO - Marking task as SUCCESS. dag_id=FHVIngestionDag, task_id=wget, execution_date=20220801T060000, start_date=20220911T120813, end_date=20220911T120850
[2022-09-11 12:08:52,692] {local_task_job.py:154} INFO - Task exited with return code 0
[2022-09-11 12:09:09,277] {local_task_job.py:264} INFO - 0 downstream tasks scheduled from follow-on schedule check
