[2022-09-11 09:31:58,161] {taskinstance.py:1032} INFO - Dependencies all met for <TaskInstance: ZonesIngestionDag.format_to_parquet_task manual__2022-09-11T09:31:26.068892+00:00 [queued]>
[2022-09-11 09:31:58,173] {taskinstance.py:1032} INFO - Dependencies all met for <TaskInstance: ZonesIngestionDag.format_to_parquet_task manual__2022-09-11T09:31:26.068892+00:00 [queued]>
[2022-09-11 09:31:58,173] {taskinstance.py:1238} INFO - 
--------------------------------------------------------------------------------
[2022-09-11 09:31:58,174] {taskinstance.py:1239} INFO - Starting attempt 1 of 1
[2022-09-11 09:31:58,174] {taskinstance.py:1240} INFO - 
--------------------------------------------------------------------------------
[2022-09-11 09:31:59,061] {taskinstance.py:1259} INFO - Executing <Task(PythonOperator): format_to_parquet_task> on 2022-09-11 09:31:26.068892+00:00
[2022-09-11 09:31:59,078] {standard_task_runner.py:52} INFO - Started process 6304 to run task
[2022-09-11 09:31:59,094] {standard_task_runner.py:76} INFO - Running: ['***', 'tasks', 'run', 'ZonesIngestionDag', 'format_to_parquet_task', 'manual__2022-09-11T09:31:26.068892+00:00', '--job-id', '20', '--raw', '--subdir', 'DAGS_FOLDER/Zones_ingest.py', '--cfg-path', '/tmp/tmpmzwraafr', '--error-file', '/tmp/tmps2wyfms2']
[2022-09-11 09:31:59,096] {standard_task_runner.py:77} INFO - Job 20: Subtask format_to_parquet_task
[2022-09-11 09:31:59,377] {logging_mixin.py:109} INFO - Running <TaskInstance: ZonesIngestionDag.format_to_parquet_task manual__2022-09-11T09:31:26.068892+00:00 [running]> on host 6ae512137983
[2022-09-11 09:32:00,392] {taskinstance.py:1426} INFO - Exporting the following env vars:
AIRFLOW_CTX_DAG_OWNER=***
AIRFLOW_CTX_DAG_ID=ZonesIngestionDag
AIRFLOW_CTX_TASK_ID=format_to_parquet_task
AIRFLOW_CTX_EXECUTION_DATE=2022-09-11T09:31:26.068892+00:00
AIRFLOW_CTX_DAG_RUN_ID=manual__2022-09-11T09:31:26.068892+00:00
[2022-09-11 09:32:00,476] {python.py:175} INFO - Done. Returned value was: None
[2022-09-11 09:32:00,493] {taskinstance.py:1277} INFO - Marking task as SUCCESS. dag_id=ZonesIngestionDag, task_id=format_to_parquet_task, execution_date=20220911T093126, start_date=20220911T093158, end_date=20220911T093200
[2022-09-11 09:32:00,839] {local_task_job.py:154} INFO - Task exited with return code 0
[2022-09-11 09:32:01,174] {local_task_job.py:264} INFO - 1 downstream tasks scheduled from follow-on schedule check
