[2022-09-11 09:31:31,423] {taskinstance.py:1032} INFO - Dependencies all met for <TaskInstance: ZonesIngestionDag.wget scheduled__2022-09-10T09:31:21.710002+00:00 [queued]>
[2022-09-11 09:31:31,448] {taskinstance.py:1032} INFO - Dependencies all met for <TaskInstance: ZonesIngestionDag.wget scheduled__2022-09-10T09:31:21.710002+00:00 [queued]>
[2022-09-11 09:31:31,448] {taskinstance.py:1238} INFO - 
--------------------------------------------------------------------------------
[2022-09-11 09:31:31,448] {taskinstance.py:1239} INFO - Starting attempt 1 of 1
[2022-09-11 09:31:31,449] {taskinstance.py:1240} INFO - 
--------------------------------------------------------------------------------
[2022-09-11 09:31:32,327] {taskinstance.py:1259} INFO - Executing <Task(BashOperator): wget> on 2022-09-10 09:31:21.710002+00:00
[2022-09-11 09:31:32,339] {standard_task_runner.py:52} INFO - Started process 6237 to run task
[2022-09-11 09:31:32,353] {standard_task_runner.py:76} INFO - Running: ['***', 'tasks', 'run', 'ZonesIngestionDag', 'wget', 'scheduled__2022-09-10T09:31:21.710002+00:00', '--job-id', '16', '--raw', '--subdir', 'DAGS_FOLDER/Zones_ingest.py', '--cfg-path', '/tmp/tmpb_dtimej', '--error-file', '/tmp/tmpk1ons3d8']
[2022-09-11 09:31:32,359] {standard_task_runner.py:77} INFO - Job 16: Subtask wget
[2022-09-11 09:31:32,634] {logging_mixin.py:109} INFO - Running <TaskInstance: ZonesIngestionDag.wget scheduled__2022-09-10T09:31:21.710002+00:00 [running]> on host 6ae512137983
[2022-09-11 09:31:33,160] {taskinstance.py:1426} INFO - Exporting the following env vars:
AIRFLOW_CTX_DAG_OWNER=***
AIRFLOW_CTX_DAG_ID=ZonesIngestionDag
AIRFLOW_CTX_TASK_ID=wget
AIRFLOW_CTX_EXECUTION_DATE=2022-09-10T09:31:21.710002+00:00
AIRFLOW_CTX_DAG_RUN_ID=scheduled__2022-09-10T09:31:21.710002+00:00
[2022-09-11 09:31:33,163] {subprocess.py:62} INFO - Tmp dir root location: 
 /tmp
[2022-09-11 09:31:33,166] {subprocess.py:74} INFO - Running command: ['bash', '-c', 'curl -sSL https://d37ci6vzurychx.cloudfront.net/misc/taxi+_zone_lookup.csv > /opt/***/taxi+_zone_lookup.csv']
[2022-09-11 09:31:33,187] {subprocess.py:85} INFO - Output:
[2022-09-11 09:31:38,781] {subprocess.py:93} INFO - Command exited with return code 0
[2022-09-11 09:31:39,026] {taskinstance.py:1277} INFO - Marking task as SUCCESS. dag_id=ZonesIngestionDag, task_id=wget, execution_date=20220910T093121, start_date=20220911T093131, end_date=20220911T093139
[2022-09-11 09:31:39,174] {local_task_job.py:154} INFO - Task exited with return code 0
[2022-09-11 09:31:39,308] {local_task_job.py:264} INFO - 1 downstream tasks scheduled from follow-on schedule check
