[2022-09-11 11:19:35,784] {taskinstance.py:1032} INFO - Dependencies all met for <TaskInstance: ZonesIngestionDag.rm scheduled__2022-09-10T10:52:15.937752+00:00 [queued]>
[2022-09-11 11:19:35,795] {taskinstance.py:1032} INFO - Dependencies all met for <TaskInstance: ZonesIngestionDag.rm scheduled__2022-09-10T10:52:15.937752+00:00 [queued]>
[2022-09-11 11:19:35,796] {taskinstance.py:1238} INFO - 
--------------------------------------------------------------------------------
[2022-09-11 11:19:35,796] {taskinstance.py:1239} INFO - Starting attempt 2 of 2
[2022-09-11 11:19:35,796] {taskinstance.py:1240} INFO - 
--------------------------------------------------------------------------------
[2022-09-11 11:19:35,867] {taskinstance.py:1259} INFO - Executing <Task(BashOperator): rm> on 2022-09-10 10:52:15.937752+00:00
[2022-09-11 11:19:35,878] {standard_task_runner.py:52} INFO - Started process 15365 to run task
[2022-09-11 11:19:35,894] {standard_task_runner.py:76} INFO - Running: ['***', 'tasks', 'run', 'ZonesIngestionDag', 'rm', 'scheduled__2022-09-10T10:52:15.937752+00:00', '--job-id', '41', '--raw', '--subdir', 'DAGS_FOLDER/Zones_ingest.py', '--cfg-path', '/tmp/tmpxr5qjjpe', '--error-file', '/tmp/tmpffl9rs5p']
[2022-09-11 11:19:35,896] {standard_task_runner.py:77} INFO - Job 41: Subtask rm
[2022-09-11 11:19:36,036] {logging_mixin.py:109} INFO - Running <TaskInstance: ZonesIngestionDag.rm scheduled__2022-09-10T10:52:15.937752+00:00 [running]> on host 6ae512137983
[2022-09-11 11:19:36,172] {taskinstance.py:1426} INFO - Exporting the following env vars:
AIRFLOW_CTX_DAG_OWNER=***
AIRFLOW_CTX_DAG_ID=ZonesIngestionDag
AIRFLOW_CTX_TASK_ID=rm
AIRFLOW_CTX_EXECUTION_DATE=2022-09-10T10:52:15.937752+00:00
AIRFLOW_CTX_DAG_RUN_ID=scheduled__2022-09-10T10:52:15.937752+00:00
[2022-09-11 11:19:36,173] {subprocess.py:62} INFO - Tmp dir root location: 
 /tmp
[2022-09-11 11:19:36,173] {subprocess.py:74} INFO - Running command: ['bash', '-c', 'rm /opt/***/taxi+_zone_lookup.parquet /opt/***/taxi+_zone_lookup.csv']
[2022-09-11 11:19:36,187] {subprocess.py:85} INFO - Output:
[2022-09-11 11:19:36,190] {subprocess.py:93} INFO - Command exited with return code 0
[2022-09-11 11:19:36,256] {taskinstance.py:1277} INFO - Marking task as SUCCESS. dag_id=ZonesIngestionDag, task_id=rm, execution_date=20220910T105215, start_date=20220911T111935, end_date=20220911T111936
[2022-09-11 11:19:36,353] {local_task_job.py:154} INFO - Task exited with return code 0
[2022-09-11 11:19:36,489] {local_task_job.py:264} INFO - 0 downstream tasks scheduled from follow-on schedule check
