[2022-09-11 11:20:31,659] {taskinstance.py:1032} INFO - Dependencies all met for <TaskInstance: ZonesIngestionDag.rm scheduled__2022-09-10T10:52:15.937752+00:00 [queued]>
[2022-09-11 11:20:31,673] {taskinstance.py:1032} INFO - Dependencies all met for <TaskInstance: ZonesIngestionDag.rm scheduled__2022-09-10T10:52:15.937752+00:00 [queued]>
[2022-09-11 11:20:31,673] {taskinstance.py:1238} INFO - 
--------------------------------------------------------------------------------
[2022-09-11 11:20:31,674] {taskinstance.py:1239} INFO - Starting attempt 3 of 3
[2022-09-11 11:20:31,674] {taskinstance.py:1240} INFO - 
--------------------------------------------------------------------------------
[2022-09-11 11:20:31,766] {taskinstance.py:1259} INFO - Executing <Task(BashOperator): rm> on 2022-09-10 10:52:15.937752+00:00
[2022-09-11 11:20:31,770] {standard_task_runner.py:52} INFO - Started process 15474 to run task
[2022-09-11 11:20:31,773] {standard_task_runner.py:76} INFO - Running: ['***', 'tasks', 'run', 'ZonesIngestionDag', 'rm', 'scheduled__2022-09-10T10:52:15.937752+00:00', '--job-id', '46', '--raw', '--subdir', 'DAGS_FOLDER/Zones_ingest.py', '--cfg-path', '/tmp/tmp2mcjha07', '--error-file', '/tmp/tmpvzckadlx']
[2022-09-11 11:20:31,775] {standard_task_runner.py:77} INFO - Job 46: Subtask rm
[2022-09-11 11:20:31,877] {logging_mixin.py:109} INFO - Running <TaskInstance: ZonesIngestionDag.rm scheduled__2022-09-10T10:52:15.937752+00:00 [running]> on host 6ae512137983
[2022-09-11 11:20:32,155] {taskinstance.py:1426} INFO - Exporting the following env vars:
AIRFLOW_CTX_DAG_OWNER=***
AIRFLOW_CTX_DAG_ID=ZonesIngestionDag
AIRFLOW_CTX_TASK_ID=rm
AIRFLOW_CTX_EXECUTION_DATE=2022-09-10T10:52:15.937752+00:00
AIRFLOW_CTX_DAG_RUN_ID=scheduled__2022-09-10T10:52:15.937752+00:00
[2022-09-11 11:20:32,157] {subprocess.py:62} INFO - Tmp dir root location: 
 /tmp
[2022-09-11 11:20:32,157] {subprocess.py:74} INFO - Running command: ['bash', '-c', 'rm /opt/***/taxi+_zone_lookup.parquet /opt/***/taxi+_zone_lookup.csv']
[2022-09-11 11:20:32,165] {subprocess.py:85} INFO - Output:
[2022-09-11 11:20:32,168] {subprocess.py:93} INFO - Command exited with return code 0
[2022-09-11 11:20:32,271] {taskinstance.py:1277} INFO - Marking task as SUCCESS. dag_id=ZonesIngestionDag, task_id=rm, execution_date=20220910T105215, start_date=20220911T112031, end_date=20220911T112032
[2022-09-11 11:20:32,389] {local_task_job.py:154} INFO - Task exited with return code 0
[2022-09-11 11:20:32,459] {local_task_job.py:264} INFO - 0 downstream tasks scheduled from follow-on schedule check
