[2022-09-16 06:13:18,203] {taskinstance.py:1032} INFO - Dependencies all met for <TaskInstance: LocalIngestionDag.ingest scheduled__2019-03-01T06:00:00+00:00 [queued]>
[2022-09-16 06:13:18,213] {taskinstance.py:1032} INFO - Dependencies all met for <TaskInstance: LocalIngestionDag.ingest scheduled__2019-03-01T06:00:00+00:00 [queued]>
[2022-09-16 06:13:18,214] {taskinstance.py:1238} INFO - 
--------------------------------------------------------------------------------
[2022-09-16 06:13:18,214] {taskinstance.py:1239} INFO - Starting attempt 1 of 1
[2022-09-16 06:13:18,214] {taskinstance.py:1240} INFO - 
--------------------------------------------------------------------------------
[2022-09-16 06:13:18,264] {taskinstance.py:1259} INFO - Executing <Task(PythonOperator): ingest> on 2019-03-01 06:00:00+00:00
[2022-09-16 06:13:18,268] {standard_task_runner.py:52} INFO - Started process 555 to run task
[2022-09-16 06:13:18,271] {standard_task_runner.py:76} INFO - Running: ['***', 'tasks', 'run', 'LocalIngestionDag', 'ingest', 'scheduled__2019-03-01T06:00:00+00:00', '--job-id', '190', '--raw', '--subdir', 'DAGS_FOLDER/ingest_data_dag.py', '--cfg-path', '/tmp/tmpjyw8lcrq', '--error-file', '/tmp/tmpdi2bkyvk']
[2022-09-16 06:13:18,272] {standard_task_runner.py:77} INFO - Job 190: Subtask ingest
[2022-09-16 06:13:18,347] {logging_mixin.py:109} INFO - Running <TaskInstance: LocalIngestionDag.ingest scheduled__2019-03-01T06:00:00+00:00 [running]> on host 1bec96cb997e
[2022-09-16 06:13:18,494] {logging_mixin.py:109} WARNING - /home/***/.local/lib/python3.7/site-packages/***/utils/context.py:152 AirflowContextDeprecationWarning: Accessing 'execution_date' from the template is deprecated and will be removed in a future version. Please use 'data_interval_start' or 'logical_date' instead.
[2022-09-16 06:13:18,546] {taskinstance.py:1426} INFO - Exporting the following env vars:
AIRFLOW_CTX_DAG_OWNER=***
AIRFLOW_CTX_DAG_ID=LocalIngestionDag
AIRFLOW_CTX_TASK_ID=ingest
AIRFLOW_CTX_EXECUTION_DATE=2019-03-01T06:00:00+00:00
AIRFLOW_CTX_DAG_RUN_ID=scheduled__2019-03-01T06:00:00+00:00
[2022-09-16 06:13:18,547] {logging_mixin.py:109} INFO - root   root   pgdatabase   5432   ny_taxi   yellow_taxi_2019_03   /opt/***/output_2019-03.parquet
[2022-09-16 06:13:27,534] {logging_mixin.py:109} INFO - Finally
[2022-09-16 06:13:27,535] {logging_mixin.py:109} INFO - 1
[2022-09-16 06:13:43,257] {local_task_job.py:154} INFO - Task exited with return code Negsignal.SIGKILL
[2022-09-16 06:13:43,278] {taskinstance.py:1277} INFO - Marking task as FAILED. dag_id=LocalIngestionDag, task_id=ingest, execution_date=20190301T060000, start_date=20220916T061318, end_date=20220916T061343
[2022-09-16 06:13:44,021] {local_task_job.py:264} INFO - 0 downstream tasks scheduled from follow-on schedule check
