[2022-09-16 06:34:33,523] {taskinstance.py:1032} INFO - Dependencies all met for <TaskInstance: LocalIngestionDag.wget scheduled__2020-07-01T06:00:00+00:00 [queued]>
[2022-09-16 06:34:33,533] {taskinstance.py:1032} INFO - Dependencies all met for <TaskInstance: LocalIngestionDag.wget scheduled__2020-07-01T06:00:00+00:00 [queued]>
[2022-09-16 06:34:33,534] {taskinstance.py:1238} INFO - 
--------------------------------------------------------------------------------
[2022-09-16 06:34:33,534] {taskinstance.py:1239} INFO - Starting attempt 1 of 1
[2022-09-16 06:34:33,535] {taskinstance.py:1240} INFO - 
--------------------------------------------------------------------------------
[2022-09-16 06:34:33,581] {taskinstance.py:1259} INFO - Executing <Task(BashOperator): wget> on 2020-07-01 06:00:00+00:00
[2022-09-16 06:34:33,587] {standard_task_runner.py:52} INFO - Started process 2184 to run task
[2022-09-16 06:34:33,590] {standard_task_runner.py:76} INFO - Running: ['***', 'tasks', 'run', 'LocalIngestionDag', 'wget', 'scheduled__2020-07-01T06:00:00+00:00', '--job-id', '221', '--raw', '--subdir', 'DAGS_FOLDER/ingest_data_dag.py', '--cfg-path', '/tmp/tmpf7ukg1cb', '--error-file', '/tmp/tmp1d5dqurr']
[2022-09-16 06:34:33,591] {standard_task_runner.py:77} INFO - Job 221: Subtask wget
[2022-09-16 06:34:33,710] {logging_mixin.py:109} INFO - Running <TaskInstance: LocalIngestionDag.wget scheduled__2020-07-01T06:00:00+00:00 [running]> on host 1bec96cb997e
[2022-09-16 06:34:33,968] {logging_mixin.py:109} WARNING - /home/***/.local/lib/python3.7/site-packages/***/utils/context.py:152 AirflowContextDeprecationWarning: Accessing 'execution_date' from the template is deprecated and will be removed in a future version. Please use 'data_interval_start' or 'logical_date' instead.
[2022-09-16 06:34:34,039] {taskinstance.py:1426} INFO - Exporting the following env vars:
AIRFLOW_CTX_DAG_OWNER=***
AIRFLOW_CTX_DAG_ID=LocalIngestionDag
AIRFLOW_CTX_TASK_ID=wget
AIRFLOW_CTX_EXECUTION_DATE=2020-07-01T06:00:00+00:00
AIRFLOW_CTX_DAG_RUN_ID=scheduled__2020-07-01T06:00:00+00:00
[2022-09-16 06:34:34,041] {subprocess.py:62} INFO - Tmp dir root location: 
 /tmp
[2022-09-16 06:34:34,041] {subprocess.py:74} INFO - Running command: ['bash', '-c', 'curl -sSL https://d37ci6vzurychx.cloudfront.net/trip-data/yellow_tripdata_2020-07.parquet > /opt/***/output_2020-07.parquet']
[2022-09-16 06:34:34,050] {subprocess.py:85} INFO - Output:
[2022-09-16 06:34:40,197] {subprocess.py:93} INFO - Command exited with return code 0
[2022-09-16 06:34:40,259] {taskinstance.py:1277} INFO - Marking task as SUCCESS. dag_id=LocalIngestionDag, task_id=wget, execution_date=20200701T060000, start_date=20220916T063433, end_date=20220916T063440
[2022-09-16 06:34:40,342] {local_task_job.py:154} INFO - Task exited with return code 0
[2022-09-16 06:34:40,459] {local_task_job.py:264} INFO - 1 downstream tasks scheduled from follow-on schedule check
