[2022-09-11 09:40:58,447] {taskinstance.py:1032} INFO - Dependencies all met for <TaskInstance: ZonesIngestionDag.wget scheduled__2022-09-10T09:40:50.084411+00:00 [queued]>
[2022-09-11 09:40:58,458] {taskinstance.py:1032} INFO - Dependencies all met for <TaskInstance: ZonesIngestionDag.wget scheduled__2022-09-10T09:40:50.084411+00:00 [queued]>
[2022-09-11 09:40:58,458] {taskinstance.py:1238} INFO - 
--------------------------------------------------------------------------------
[2022-09-11 09:40:58,459] {taskinstance.py:1239} INFO - Starting attempt 1 of 1
[2022-09-11 09:40:58,459] {taskinstance.py:1240} INFO - 
--------------------------------------------------------------------------------
[2022-09-11 09:40:58,554] {taskinstance.py:1259} INFO - Executing <Task(BashOperator): wget> on 2022-09-10 09:40:50.084411+00:00
[2022-09-11 09:40:58,557] {standard_task_runner.py:52} INFO - Started process 7086 to run task
[2022-09-11 09:40:58,560] {standard_task_runner.py:76} INFO - Running: ['***', 'tasks', 'run', 'ZonesIngestionDag', 'wget', 'scheduled__2022-09-10T09:40:50.084411+00:00', '--job-id', '22', '--raw', '--subdir', 'DAGS_FOLDER/Zones_ingest.py', '--cfg-path', '/tmp/tmpo9s80n04', '--error-file', '/tmp/tmp1ei5raiw']
[2022-09-11 09:40:58,561] {standard_task_runner.py:77} INFO - Job 22: Subtask wget
[2022-09-11 09:40:58,684] {logging_mixin.py:109} INFO - Running <TaskInstance: ZonesIngestionDag.wget scheduled__2022-09-10T09:40:50.084411+00:00 [running]> on host 6ae512137983
[2022-09-11 09:40:58,824] {taskinstance.py:1426} INFO - Exporting the following env vars:
AIRFLOW_CTX_DAG_OWNER=***
AIRFLOW_CTX_DAG_ID=ZonesIngestionDag
AIRFLOW_CTX_TASK_ID=wget
AIRFLOW_CTX_EXECUTION_DATE=2022-09-10T09:40:50.084411+00:00
AIRFLOW_CTX_DAG_RUN_ID=scheduled__2022-09-10T09:40:50.084411+00:00
[2022-09-11 09:40:58,826] {subprocess.py:62} INFO - Tmp dir root location: 
 /tmp
[2022-09-11 09:40:58,827] {subprocess.py:74} INFO - Running command: ['bash', '-c', 'curl -sSL https://d37ci6vzurychx.cloudfront.net/misc/taxi+_zone_lookup.csv > /opt/***/taxi+_zone_lookup.csv']
[2022-09-11 09:40:58,836] {subprocess.py:85} INFO - Output:
[2022-09-11 09:40:59,803] {subprocess.py:93} INFO - Command exited with return code 0
[2022-09-11 09:40:59,893] {taskinstance.py:1277} INFO - Marking task as SUCCESS. dag_id=ZonesIngestionDag, task_id=wget, execution_date=20220910T094050, start_date=20220911T094058, end_date=20220911T094059
[2022-09-11 09:41:00,020] {local_task_job.py:154} INFO - Task exited with return code 0
[2022-09-11 09:41:00,188] {local_task_job.py:264} INFO - 1 downstream tasks scheduled from follow-on schedule check
