[2022-09-11 16:32:20,129] {taskinstance.py:1032} INFO - Dependencies all met for <TaskInstance: FHVIngestionDag.ingest scheduled__2019-01-01T06:00:00+00:00 [queued]>
[2022-09-11 16:32:20,154] {taskinstance.py:1032} INFO - Dependencies all met for <TaskInstance: FHVIngestionDag.ingest scheduled__2019-01-01T06:00:00+00:00 [queued]>
[2022-09-11 16:32:20,155] {taskinstance.py:1238} INFO - 
--------------------------------------------------------------------------------
[2022-09-11 16:32:20,155] {taskinstance.py:1239} INFO - Starting attempt 3 of 3
[2022-09-11 16:32:20,156] {taskinstance.py:1240} INFO - 
--------------------------------------------------------------------------------
[2022-09-11 16:32:20,373] {taskinstance.py:1259} INFO - Executing <Task(PythonOperator): ingest> on 2019-01-01 06:00:00+00:00
[2022-09-11 16:32:20,417] {standard_task_runner.py:76} INFO - Running: ['***', 'tasks', 'run', 'FHVIngestionDag', 'ingest', 'scheduled__2019-01-01T06:00:00+00:00', '--job-id', '83', '--raw', '--subdir', 'DAGS_FOLDER/FHV_ingest_19.py', '--cfg-path', '/tmp/tmp5uw2ixhl', '--error-file', '/tmp/tmpku5rviup']
[2022-09-11 16:32:20,389] {standard_task_runner.py:52} INFO - Started process 7401 to run task
[2022-09-11 16:32:20,419] {standard_task_runner.py:77} INFO - Job 83: Subtask ingest
[2022-09-11 16:32:20,597] {logging_mixin.py:109} INFO - Running <TaskInstance: FHVIngestionDag.ingest scheduled__2019-01-01T06:00:00+00:00 [running]> on host 6ae512137983
[2022-09-11 16:32:20,865] {logging_mixin.py:109} WARNING - /home/***/.local/lib/python3.7/site-packages/***/utils/context.py:152 AirflowContextDeprecationWarning: Accessing 'execution_date' from the template is deprecated and will be removed in a future version. Please use 'data_interval_start' or 'logical_date' instead.
[2022-09-11 16:32:20,887] {taskinstance.py:1426} INFO - Exporting the following env vars:
AIRFLOW_CTX_DAG_OWNER=***
AIRFLOW_CTX_DAG_ID=FHVIngestionDag
AIRFLOW_CTX_TASK_ID=ingest
AIRFLOW_CTX_EXECUTION_DATE=2019-01-01T06:00:00+00:00
AIRFLOW_CTX_DAG_RUN_ID=scheduled__2019-01-01T06:00:00+00:00
[2022-09-11 16:33:28,161] {local_task_job.py:154} INFO - Task exited with return code Negsignal.SIGKILL
[2022-09-11 16:33:28,185] {taskinstance.py:1277} INFO - Marking task as FAILED. dag_id=FHVIngestionDag, task_id=ingest, execution_date=20190101T060000, start_date=20220911T163220, end_date=20220911T163328
[2022-09-11 16:33:28,589] {local_task_job.py:264} INFO - 0 downstream tasks scheduled from follow-on schedule check
[2022-09-11 17:19:36,663] {taskinstance.py:1032} INFO - Dependencies all met for <TaskInstance: FHVIngestionDag.ingest scheduled__2019-01-01T06:00:00+00:00 [queued]>
[2022-09-11 17:19:36,812] {taskinstance.py:1032} INFO - Dependencies all met for <TaskInstance: FHVIngestionDag.ingest scheduled__2019-01-01T06:00:00+00:00 [queued]>
[2022-09-11 17:19:36,812] {taskinstance.py:1238} INFO - 
--------------------------------------------------------------------------------
[2022-09-11 17:19:36,813] {taskinstance.py:1239} INFO - Starting attempt 3 of 3
[2022-09-11 17:19:36,813] {taskinstance.py:1240} INFO - 
--------------------------------------------------------------------------------
[2022-09-11 17:19:36,893] {taskinstance.py:1259} INFO - Executing <Task(PythonOperator): ingest> on 2019-01-01 06:00:00+00:00
[2022-09-11 17:19:36,897] {standard_task_runner.py:52} INFO - Started process 10237 to run task
[2022-09-11 17:19:36,900] {standard_task_runner.py:76} INFO - Running: ['***', 'tasks', 'run', 'FHVIngestionDag', 'ingest', 'scheduled__2019-01-01T06:00:00+00:00', '--job-id', '108', '--raw', '--subdir', 'DAGS_FOLDER/FHV_ingest_19.py', '--cfg-path', '/tmp/tmpi3mar1z5', '--error-file', '/tmp/tmpmsq2osmw']
[2022-09-11 17:19:36,901] {standard_task_runner.py:77} INFO - Job 108: Subtask ingest
[2022-09-11 17:19:37,020] {logging_mixin.py:109} INFO - Running <TaskInstance: FHVIngestionDag.ingest scheduled__2019-01-01T06:00:00+00:00 [running]> on host 6ae512137983
[2022-09-11 17:19:37,216] {logging_mixin.py:109} WARNING - /home/***/.local/lib/python3.7/site-packages/***/utils/context.py:152 AirflowContextDeprecationWarning: Accessing 'execution_date' from the template is deprecated and will be removed in a future version. Please use 'data_interval_start' or 'logical_date' instead.
[2022-09-11 17:19:37,237] {taskinstance.py:1426} INFO - Exporting the following env vars:
AIRFLOW_CTX_DAG_OWNER=***
AIRFLOW_CTX_DAG_ID=FHVIngestionDag
AIRFLOW_CTX_TASK_ID=ingest
AIRFLOW_CTX_EXECUTION_DATE=2019-01-01T06:00:00+00:00
AIRFLOW_CTX_DAG_RUN_ID=scheduled__2019-01-01T06:00:00+00:00
[2022-09-11 17:19:37,238] {logging_mixin.py:109} INFO - 3
[2022-09-11 17:20:38,214] {local_task_job.py:154} INFO - Task exited with return code Negsignal.SIGKILL
[2022-09-11 17:21:05,305] {taskinstance.py:1277} INFO - Marking task as FAILED. dag_id=FHVIngestionDag, task_id=ingest, execution_date=20190101T060000, start_date=20220911T171936, end_date=20220911T172105
[2022-09-11 17:21:05,655] {local_task_job.py:264} INFO - 0 downstream tasks scheduled from follow-on schedule check
