[2022-09-15 07:00:39,573] {taskinstance.py:1032} INFO - Dependencies all met for <TaskInstance: FHVIngestionDag.ingest scheduled__2019-01-01T06:00:00+00:00 [queued]>
[2022-09-15 07:00:39,606] {taskinstance.py:1032} INFO - Dependencies all met for <TaskInstance: FHVIngestionDag.ingest scheduled__2019-01-01T06:00:00+00:00 [queued]>
[2022-09-15 07:00:39,606] {taskinstance.py:1238} INFO - 
--------------------------------------------------------------------------------
[2022-09-15 07:00:39,606] {taskinstance.py:1239} INFO - Starting attempt 6 of 6
[2022-09-15 07:00:39,607] {taskinstance.py:1240} INFO - 
--------------------------------------------------------------------------------
[2022-09-15 07:00:39,836] {taskinstance.py:1259} INFO - Executing <Task(PythonOperator): ingest> on 2019-01-01 06:00:00+00:00
[2022-09-15 07:00:39,840] {standard_task_runner.py:52} INFO - Started process 9025 to run task
[2022-09-15 07:00:39,847] {standard_task_runner.py:76} INFO - Running: ['***', 'tasks', 'run', 'FHVIngestionDag', 'ingest', 'scheduled__2019-01-01T06:00:00+00:00', '--job-id', '170', '--raw', '--subdir', 'DAGS_FOLDER/FHV_ingest_19.py', '--cfg-path', '/tmp/tmp5gfii8nr', '--error-file', '/tmp/tmpsr0ov2xc']
[2022-09-15 07:00:39,848] {standard_task_runner.py:77} INFO - Job 170: Subtask ingest
[2022-09-15 07:00:39,927] {logging_mixin.py:109} INFO - Running <TaskInstance: FHVIngestionDag.ingest scheduled__2019-01-01T06:00:00+00:00 [running]> on host c071d865a623
[2022-09-15 07:00:40,011] {logging_mixin.py:109} WARNING - /home/***/.local/lib/python3.7/site-packages/***/utils/context.py:152 AirflowContextDeprecationWarning: Accessing 'execution_date' from the template is deprecated and will be removed in a future version. Please use 'data_interval_start' or 'logical_date' instead.
[2022-09-15 07:00:40,031] {taskinstance.py:1426} INFO - Exporting the following env vars:
AIRFLOW_CTX_DAG_OWNER=***
AIRFLOW_CTX_DAG_ID=FHVIngestionDag
AIRFLOW_CTX_TASK_ID=ingest
AIRFLOW_CTX_EXECUTION_DATE=2019-01-01T06:00:00+00:00
AIRFLOW_CTX_DAG_RUN_ID=scheduled__2019-01-01T06:00:00+00:00
[2022-09-15 07:00:40,032] {logging_mixin.py:109} INFO - 3
[2022-09-15 07:01:19,266] {local_task_job.py:154} INFO - Task exited with return code Negsignal.SIGKILL
[2022-09-15 07:01:44,591] {taskinstance.py:1277} INFO - Marking task as FAILED. dag_id=FHVIngestionDag, task_id=ingest, execution_date=20190101T060000, start_date=20220915T070039, end_date=20220915T070144
[2022-09-15 07:01:45,062] {local_task_job.py:264} INFO - 0 downstream tasks scheduled from follow-on schedule check
