[2022-09-15 07:03:46,283] {taskinstance.py:1032} INFO - Dependencies all met for <TaskInstance: FHVIngestionDag.ingest scheduled__2019-01-01T06:00:00+00:00 [queued]>
[2022-09-15 07:03:46,357] {taskinstance.py:1032} INFO - Dependencies all met for <TaskInstance: FHVIngestionDag.ingest scheduled__2019-01-01T06:00:00+00:00 [queued]>
[2022-09-15 07:03:46,362] {taskinstance.py:1238} INFO - 
--------------------------------------------------------------------------------
[2022-09-15 07:03:46,362] {taskinstance.py:1239} INFO - Starting attempt 7 of 7
[2022-09-15 07:03:46,363] {taskinstance.py:1240} INFO - 
--------------------------------------------------------------------------------
[2022-09-15 07:03:46,517] {taskinstance.py:1259} INFO - Executing <Task(PythonOperator): ingest> on 2019-01-01 06:00:00+00:00
[2022-09-15 07:03:46,556] {standard_task_runner.py:76} INFO - Running: ['***', 'tasks', 'run', 'FHVIngestionDag', 'ingest', 'scheduled__2019-01-01T06:00:00+00:00', '--job-id', '171', '--raw', '--subdir', 'DAGS_FOLDER/FHV_ingest_19.py', '--cfg-path', '/tmp/tmpb28lu7k0', '--error-file', '/tmp/tmpph6xk4tf']
[2022-09-15 07:03:46,560] {standard_task_runner.py:77} INFO - Job 171: Subtask ingest
[2022-09-15 07:03:46,547] {standard_task_runner.py:52} INFO - Started process 9230 to run task
[2022-09-15 07:03:46,685] {logging_mixin.py:109} INFO - Running <TaskInstance: FHVIngestionDag.ingest scheduled__2019-01-01T06:00:00+00:00 [running]> on host c071d865a623
[2022-09-15 07:03:46,849] {logging_mixin.py:109} WARNING - /home/***/.local/lib/python3.7/site-packages/***/utils/context.py:152 AirflowContextDeprecationWarning: Accessing 'execution_date' from the template is deprecated and will be removed in a future version. Please use 'data_interval_start' or 'logical_date' instead.
[2022-09-15 07:03:46,878] {taskinstance.py:1426} INFO - Exporting the following env vars:
AIRFLOW_CTX_DAG_OWNER=***
AIRFLOW_CTX_DAG_ID=FHVIngestionDag
AIRFLOW_CTX_TASK_ID=ingest
AIRFLOW_CTX_EXECUTION_DATE=2019-01-01T06:00:00+00:00
AIRFLOW_CTX_DAG_RUN_ID=scheduled__2019-01-01T06:00:00+00:00
[2022-09-15 07:03:46,879] {logging_mixin.py:109} INFO - 3
[2022-09-15 07:04:02,898] {local_task_job.py:154} INFO - Task exited with return code Negsignal.SIGKILL
