[2022-09-16 06:26:08,052] {taskinstance.py:1032} INFO - Dependencies all met for <TaskInstance: LocalIngestionDag.wget scheduled__2019-11-01T06:00:00+00:00 [queued]>
[2022-09-16 06:26:08,064] {taskinstance.py:1032} INFO - Dependencies all met for <TaskInstance: LocalIngestionDag.wget scheduled__2019-11-01T06:00:00+00:00 [queued]>
[2022-09-16 06:26:08,065] {taskinstance.py:1238} INFO - 
--------------------------------------------------------------------------------
[2022-09-16 06:26:08,065] {taskinstance.py:1239} INFO - Starting attempt 1 of 1
[2022-09-16 06:26:08,065] {taskinstance.py:1240} INFO - 
--------------------------------------------------------------------------------
[2022-09-16 06:26:08,352] {taskinstance.py:1259} INFO - Executing <Task(BashOperator): wget> on 2019-11-01 06:00:00+00:00
[2022-09-16 06:26:08,357] {standard_task_runner.py:52} INFO - Started process 1445 to run task
[2022-09-16 06:26:08,362] {standard_task_runner.py:76} INFO - Running: ['***', 'tasks', 'run', 'LocalIngestionDag', 'wget', 'scheduled__2019-11-01T06:00:00+00:00', '--job-id', '205', '--raw', '--subdir', 'DAGS_FOLDER/ingest_data_dag.py', '--cfg-path', '/tmp/tmpmmjnvcvp', '--error-file', '/tmp/tmpboq063kc']
[2022-09-16 06:26:08,364] {standard_task_runner.py:77} INFO - Job 205: Subtask wget
[2022-09-16 06:26:08,480] {logging_mixin.py:109} INFO - Running <TaskInstance: LocalIngestionDag.wget scheduled__2019-11-01T06:00:00+00:00 [running]> on host 1bec96cb997e
[2022-09-16 06:26:08,977] {logging_mixin.py:109} WARNING - /home/***/.local/lib/python3.7/site-packages/***/utils/context.py:152 AirflowContextDeprecationWarning: Accessing 'execution_date' from the template is deprecated and will be removed in a future version. Please use 'data_interval_start' or 'logical_date' instead.
[2022-09-16 06:26:09,184] {taskinstance.py:1426} INFO - Exporting the following env vars:
AIRFLOW_CTX_DAG_OWNER=***
AIRFLOW_CTX_DAG_ID=LocalIngestionDag
AIRFLOW_CTX_TASK_ID=wget
AIRFLOW_CTX_EXECUTION_DATE=2019-11-01T06:00:00+00:00
AIRFLOW_CTX_DAG_RUN_ID=scheduled__2019-11-01T06:00:00+00:00
[2022-09-16 06:26:09,187] {subprocess.py:62} INFO - Tmp dir root location: 
 /tmp
[2022-09-16 06:26:09,188] {subprocess.py:74} INFO - Running command: ['bash', '-c', 'curl -sSL https://d37ci6vzurychx.cloudfront.net/trip-data/yellow_tripdata_2019-11.parquet > /opt/***/output_2019-11.parquet']
[2022-09-16 06:26:09,281] {subprocess.py:85} INFO - Output:
[2022-09-16 06:26:53,942] {subprocess.py:93} INFO - Command exited with return code 0
[2022-09-16 06:26:54,002] {taskinstance.py:1277} INFO - Marking task as SUCCESS. dag_id=LocalIngestionDag, task_id=wget, execution_date=20191101T060000, start_date=20220916T062608, end_date=20220916T062654
[2022-09-16 06:26:54,088] {local_task_job.py:154} INFO - Task exited with return code 0
[2022-09-16 06:26:54,158] {local_task_job.py:264} INFO - 1 downstream tasks scheduled from follow-on schedule check
