[2022-09-11 09:31:40,927] {taskinstance.py:1032} INFO - Dependencies all met for <TaskInstance: ZonesIngestionDag.format_to_parquet_task scheduled__2022-09-10T09:31:21.710002+00:00 [queued]>
[2022-09-11 09:31:40,938] {taskinstance.py:1032} INFO - Dependencies all met for <TaskInstance: ZonesIngestionDag.format_to_parquet_task scheduled__2022-09-10T09:31:21.710002+00:00 [queued]>
[2022-09-11 09:31:40,939] {taskinstance.py:1238} INFO - 
--------------------------------------------------------------------------------
[2022-09-11 09:31:40,939] {taskinstance.py:1239} INFO - Starting attempt 1 of 1
[2022-09-11 09:31:40,939] {taskinstance.py:1240} INFO - 
--------------------------------------------------------------------------------
[2022-09-11 09:31:41,023] {taskinstance.py:1259} INFO - Executing <Task(PythonOperator): format_to_parquet_task> on 2022-09-10 09:31:21.710002+00:00
[2022-09-11 09:31:41,033] {standard_task_runner.py:52} INFO - Started process 6244 to run task
[2022-09-11 09:31:41,043] {standard_task_runner.py:76} INFO - Running: ['***', 'tasks', 'run', 'ZonesIngestionDag', 'format_to_parquet_task', 'scheduled__2022-09-10T09:31:21.710002+00:00', '--job-id', '17', '--raw', '--subdir', 'DAGS_FOLDER/Zones_ingest.py', '--cfg-path', '/tmp/tmpp9m1k6ob', '--error-file', '/tmp/tmpkhz8oqzc']
[2022-09-11 09:31:41,046] {standard_task_runner.py:77} INFO - Job 17: Subtask format_to_parquet_task
[2022-09-11 09:31:41,164] {logging_mixin.py:109} INFO - Running <TaskInstance: ZonesIngestionDag.format_to_parquet_task scheduled__2022-09-10T09:31:21.710002+00:00 [running]> on host 6ae512137983
[2022-09-11 09:31:41,388] {taskinstance.py:1426} INFO - Exporting the following env vars:
AIRFLOW_CTX_DAG_OWNER=***
AIRFLOW_CTX_DAG_ID=ZonesIngestionDag
AIRFLOW_CTX_TASK_ID=format_to_parquet_task
AIRFLOW_CTX_EXECUTION_DATE=2022-09-10T09:31:21.710002+00:00
AIRFLOW_CTX_DAG_RUN_ID=scheduled__2022-09-10T09:31:21.710002+00:00
[2022-09-11 09:31:42,279] {python.py:175} INFO - Done. Returned value was: None
[2022-09-11 09:31:42,332] {taskinstance.py:1277} INFO - Marking task as SUCCESS. dag_id=ZonesIngestionDag, task_id=format_to_parquet_task, execution_date=20220910T093121, start_date=20220911T093140, end_date=20220911T093142
[2022-09-11 09:31:42,473] {local_task_job.py:154} INFO - Task exited with return code 0
[2022-09-11 09:31:42,670] {local_task_job.py:264} INFO - 1 downstream tasks scheduled from follow-on schedule check
