[2022-09-11 16:51:57,525] {taskinstance.py:1032} INFO - Dependencies all met for <TaskInstance: FHVIngestionDag.wget scheduled__2019-12-01T06:00:00+00:00 [queued]>
[2022-09-11 16:51:57,536] {taskinstance.py:1032} INFO - Dependencies all met for <TaskInstance: FHVIngestionDag.wget scheduled__2019-12-01T06:00:00+00:00 [queued]>
[2022-09-11 16:51:57,537] {taskinstance.py:1238} INFO - 
--------------------------------------------------------------------------------
[2022-09-11 16:51:57,537] {taskinstance.py:1239} INFO - Starting attempt 1 of 1
[2022-09-11 16:51:57,537] {taskinstance.py:1240} INFO - 
--------------------------------------------------------------------------------
[2022-09-11 16:51:57,647] {taskinstance.py:1259} INFO - Executing <Task(BashOperator): wget> on 2019-12-01 06:00:00+00:00
[2022-09-11 16:51:57,658] {standard_task_runner.py:52} INFO - Started process 8310 to run task
[2022-09-11 16:51:57,673] {standard_task_runner.py:76} INFO - Running: ['***', 'tasks', 'run', 'FHVIngestionDag', 'wget', 'scheduled__2019-12-01T06:00:00+00:00', '--job-id', '99', '--raw', '--subdir', 'DAGS_FOLDER/FHV_ingest_19.py', '--cfg-path', '/tmp/tmp0o6d2dvx', '--error-file', '/tmp/tmphwexab7m']
[2022-09-11 16:51:57,677] {standard_task_runner.py:77} INFO - Job 99: Subtask wget
[2022-09-11 16:51:57,881] {logging_mixin.py:109} INFO - Running <TaskInstance: FHVIngestionDag.wget scheduled__2019-12-01T06:00:00+00:00 [running]> on host 6ae512137983
[2022-09-11 16:51:58,007] {logging_mixin.py:109} WARNING - /home/***/.local/lib/python3.7/site-packages/***/utils/context.py:152 AirflowContextDeprecationWarning: Accessing 'execution_date' from the template is deprecated and will be removed in a future version. Please use 'data_interval_start' or 'logical_date' instead.
[2022-09-11 16:51:58,174] {taskinstance.py:1426} INFO - Exporting the following env vars:
AIRFLOW_CTX_DAG_OWNER=***
AIRFLOW_CTX_DAG_ID=FHVIngestionDag
AIRFLOW_CTX_TASK_ID=wget
AIRFLOW_CTX_EXECUTION_DATE=2019-12-01T06:00:00+00:00
AIRFLOW_CTX_DAG_RUN_ID=scheduled__2019-12-01T06:00:00+00:00
[2022-09-11 16:51:58,177] {subprocess.py:62} INFO - Tmp dir root location: 
 /tmp
[2022-09-11 16:51:58,178] {subprocess.py:74} INFO - Running command: ['bash', '-c', 'curl -sSL https://d37ci6vzurychx.cloudfront.net/trip-data/fhv_tripdata_2019-12.parquet > /opt/***/FHV_OUT_2019-12.parquet']
[2022-09-11 16:51:58,192] {subprocess.py:85} INFO - Output:
[2022-09-11 16:52:14,433] {subprocess.py:93} INFO - Command exited with return code 0
[2022-09-11 16:52:14,532] {taskinstance.py:1277} INFO - Marking task as SUCCESS. dag_id=FHVIngestionDag, task_id=wget, execution_date=20191201T060000, start_date=20220911T165157, end_date=20220911T165214
[2022-09-11 16:52:14,626] {local_task_job.py:154} INFO - Task exited with return code 0
[2022-09-11 16:52:14,755] {local_task_job.py:264} INFO - 1 downstream tasks scheduled from follow-on schedule check
[2022-09-15 05:24:45,307] {taskinstance.py:1032} INFO - Dependencies all met for <TaskInstance: FHVIngestionDag.wget scheduled__2019-12-01T06:00:00+00:00 [queued]>
[2022-09-15 05:24:45,335] {taskinstance.py:1032} INFO - Dependencies all met for <TaskInstance: FHVIngestionDag.wget scheduled__2019-12-01T06:00:00+00:00 [queued]>
[2022-09-15 05:24:45,336] {taskinstance.py:1238} INFO - 
--------------------------------------------------------------------------------
[2022-09-15 05:24:45,336] {taskinstance.py:1239} INFO - Starting attempt 1 of 1
[2022-09-15 05:24:45,336] {taskinstance.py:1240} INFO - 
--------------------------------------------------------------------------------
[2022-09-15 05:24:45,383] {taskinstance.py:1259} INFO - Executing <Task(BashOperator): wget> on 2019-12-01 06:00:00+00:00
[2022-09-15 05:24:45,387] {standard_task_runner.py:52} INFO - Started process 911 to run task
[2022-09-15 05:24:45,390] {standard_task_runner.py:76} INFO - Running: ['***', 'tasks', 'run', 'FHVIngestionDag', 'wget', 'scheduled__2019-12-01T06:00:00+00:00', '--job-id', '168', '--raw', '--subdir', 'DAGS_FOLDER/FHV_ingest_19.py', '--cfg-path', '/tmp/tmp73alx0bi', '--error-file', '/tmp/tmpkagoqrua']
[2022-09-15 05:24:45,410] {standard_task_runner.py:77} INFO - Job 168: Subtask wget
[2022-09-15 05:24:45,501] {logging_mixin.py:109} INFO - Running <TaskInstance: FHVIngestionDag.wget scheduled__2019-12-01T06:00:00+00:00 [running]> on host c071d865a623
[2022-09-15 05:24:45,576] {logging_mixin.py:109} WARNING - /home/***/.local/lib/python3.7/site-packages/***/utils/context.py:152 AirflowContextDeprecationWarning: Accessing 'execution_date' from the template is deprecated and will be removed in a future version. Please use 'data_interval_start' or 'logical_date' instead.
[2022-09-15 05:24:45,645] {taskinstance.py:1426} INFO - Exporting the following env vars:
AIRFLOW_CTX_DAG_OWNER=***
AIRFLOW_CTX_DAG_ID=FHVIngestionDag
AIRFLOW_CTX_TASK_ID=wget
AIRFLOW_CTX_EXECUTION_DATE=2019-12-01T06:00:00+00:00
AIRFLOW_CTX_DAG_RUN_ID=scheduled__2019-12-01T06:00:00+00:00
[2022-09-15 05:24:45,648] {subprocess.py:62} INFO - Tmp dir root location: 
 /tmp
[2022-09-15 05:24:45,650] {subprocess.py:74} INFO - Running command: ['bash', '-c', 'curl -sSL https://d37ci6vzurychx.cloudfront.net/trip-data/fhv_tripdata_2019-12.parquet > /opt/***/FHV_OUT_2019-12.parquet']
[2022-09-15 05:24:45,664] {subprocess.py:85} INFO - Output:
[2022-09-15 05:24:55,327] {subprocess.py:93} INFO - Command exited with return code 0
[2022-09-15 05:24:55,382] {taskinstance.py:1277} INFO - Marking task as SUCCESS. dag_id=FHVIngestionDag, task_id=wget, execution_date=20191201T060000, start_date=20220915T052445, end_date=20220915T052455
[2022-09-15 05:24:55,443] {local_task_job.py:154} INFO - Task exited with return code 0
[2022-09-15 05:24:55,528] {local_task_job.py:264} INFO - 1 downstream tasks scheduled from follow-on schedule check
