[2022-09-11 11:21:08,690] {taskinstance.py:1032} INFO - Dependencies all met for <TaskInstance: ZonesIngestionDag.ingest manual__2022-09-11T10:52:30.468879+00:00 [queued]>
[2022-09-11 11:21:08,701] {taskinstance.py:1032} INFO - Dependencies all met for <TaskInstance: ZonesIngestionDag.ingest manual__2022-09-11T10:52:30.468879+00:00 [queued]>
[2022-09-11 11:21:08,701] {taskinstance.py:1238} INFO - 
--------------------------------------------------------------------------------
[2022-09-11 11:21:08,702] {taskinstance.py:1239} INFO - Starting attempt 5 of 5
[2022-09-11 11:21:08,702] {taskinstance.py:1240} INFO - 
--------------------------------------------------------------------------------
[2022-09-11 11:21:08,865] {taskinstance.py:1259} INFO - Executing <Task(PythonOperator): ingest> on 2022-09-11 10:52:30.468879+00:00
[2022-09-11 11:21:08,888] {standard_task_runner.py:52} INFO - Started process 15533 to run task
[2022-09-11 11:21:08,900] {standard_task_runner.py:76} INFO - Running: ['***', 'tasks', 'run', 'ZonesIngestionDag', 'ingest', 'manual__2022-09-11T10:52:30.468879+00:00', '--job-id', '49', '--raw', '--subdir', 'DAGS_FOLDER/Zones_ingest.py', '--cfg-path', '/tmp/tmpwp83qitr', '--error-file', '/tmp/tmp5xocdfrc']
[2022-09-11 11:21:08,902] {standard_task_runner.py:77} INFO - Job 49: Subtask ingest
[2022-09-11 11:21:09,148] {logging_mixin.py:109} INFO - Running <TaskInstance: ZonesIngestionDag.ingest manual__2022-09-11T10:52:30.468879+00:00 [running]> on host 6ae512137983
[2022-09-11 11:21:09,329] {taskinstance.py:1426} INFO - Exporting the following env vars:
AIRFLOW_CTX_DAG_OWNER=***
AIRFLOW_CTX_DAG_ID=ZonesIngestionDag
AIRFLOW_CTX_TASK_ID=ingest
AIRFLOW_CTX_EXECUTION_DATE=2022-09-11T10:52:30.468879+00:00
AIRFLOW_CTX_DAG_RUN_ID=manual__2022-09-11T10:52:30.468879+00:00
[2022-09-11 11:21:22,698] {logging_mixin.py:109} INFO - Finished ingesting data into the postgres database by PANDAS PARQUET
[2022-09-11 11:21:22,698] {python.py:175} INFO - Done. Returned value was: None
[2022-09-11 11:21:22,712] {taskinstance.py:1277} INFO - Marking task as SUCCESS. dag_id=ZonesIngestionDag, task_id=ingest, execution_date=20220911T105230, start_date=20220911T112108, end_date=20220911T112122
[2022-09-11 11:21:23,154] {local_task_job.py:154} INFO - Task exited with return code 0
[2022-09-11 11:21:23,352] {local_task_job.py:264} INFO - 1 downstream tasks scheduled from follow-on schedule check
