[2022-09-11 15:59:17,412] {taskinstance.py:1032} INFO - Dependencies all met for <TaskInstance: ZonesIngestionDag.ingest manual__2022-09-11T10:52:30.468879+00:00 [queued]>
[2022-09-11 15:59:17,429] {taskinstance.py:1032} INFO - Dependencies all met for <TaskInstance: ZonesIngestionDag.ingest manual__2022-09-11T10:52:30.468879+00:00 [queued]>
[2022-09-11 15:59:17,429] {taskinstance.py:1238} INFO - 
--------------------------------------------------------------------------------
[2022-09-11 15:59:17,430] {taskinstance.py:1239} INFO - Starting attempt 7 of 7
[2022-09-11 15:59:17,430] {taskinstance.py:1240} INFO - 
--------------------------------------------------------------------------------
[2022-09-11 15:59:17,484] {taskinstance.py:1259} INFO - Executing <Task(PythonOperator): ingest> on 2022-09-11 10:52:30.468879+00:00
[2022-09-11 15:59:17,489] {standard_task_runner.py:52} INFO - Started process 5039 to run task
[2022-09-11 15:59:17,500] {standard_task_runner.py:76} INFO - Running: ['***', 'tasks', 'run', 'ZonesIngestionDag', 'ingest', 'manual__2022-09-11T10:52:30.468879+00:00', '--job-id', '70', '--raw', '--subdir', 'DAGS_FOLDER/Zones_ingest.py', '--cfg-path', '/tmp/tmpdrk4ejhb', '--error-file', '/tmp/tmpw8o5xugf']
[2022-09-11 15:59:17,501] {standard_task_runner.py:77} INFO - Job 70: Subtask ingest
[2022-09-11 15:59:17,640] {logging_mixin.py:109} INFO - Running <TaskInstance: ZonesIngestionDag.ingest manual__2022-09-11T10:52:30.468879+00:00 [running]> on host 6ae512137983
[2022-09-11 15:59:17,742] {taskinstance.py:1426} INFO - Exporting the following env vars:
AIRFLOW_CTX_DAG_OWNER=***
AIRFLOW_CTX_DAG_ID=ZonesIngestionDag
AIRFLOW_CTX_TASK_ID=ingest
AIRFLOW_CTX_EXECUTION_DATE=2022-09-11T10:52:30.468879+00:00
AIRFLOW_CTX_DAG_RUN_ID=manual__2022-09-11T10:52:30.468879+00:00
[2022-09-11 15:59:19,749] {logging_mixin.py:109} INFO - Finished ingesting data into the postgres database by PANDAS PARQUET
[2022-09-11 15:59:19,750] {python.py:175} INFO - Done. Returned value was: None
[2022-09-11 15:59:19,763] {taskinstance.py:1277} INFO - Marking task as SUCCESS. dag_id=ZonesIngestionDag, task_id=ingest, execution_date=20220911T105230, start_date=20220911T155917, end_date=20220911T155919
[2022-09-11 15:59:19,928] {local_task_job.py:154} INFO - Task exited with return code 0
[2022-09-11 15:59:20,127] {local_task_job.py:264} INFO - 1 downstream tasks scheduled from follow-on schedule check
