[2022-09-11 12:08:27,701] {taskinstance.py:1032} INFO - Dependencies all met for <TaskInstance: LocalIngestionDag.wget scheduled__2022-08-01T06:00:00+00:00 [queued]>
[2022-09-11 12:08:27,733] {taskinstance.py:1032} INFO - Dependencies all met for <TaskInstance: LocalIngestionDag.wget scheduled__2022-08-01T06:00:00+00:00 [queued]>
[2022-09-11 12:08:27,734] {taskinstance.py:1238} INFO - 
--------------------------------------------------------------------------------
[2022-09-11 12:08:27,734] {taskinstance.py:1239} INFO - Starting attempt 1 of 1
[2022-09-11 12:08:27,734] {taskinstance.py:1240} INFO - 
--------------------------------------------------------------------------------
[2022-09-11 12:08:28,129] {taskinstance.py:1259} INFO - Executing <Task(BashOperator): wget> on 2022-08-01 06:00:00+00:00
[2022-09-11 12:08:28,134] {standard_task_runner.py:52} INFO - Started process 19398 to run task
[2022-09-11 12:08:28,138] {standard_task_runner.py:76} INFO - Running: ['***', 'tasks', 'run', 'LocalIngestionDag', 'wget', 'scheduled__2022-08-01T06:00:00+00:00', '--job-id', '52', '--raw', '--subdir', 'DAGS_FOLDER/ingest_data_dag.py', '--cfg-path', '/tmp/tmp8lwm2x8_', '--error-file', '/tmp/tmpxny1rs9w']
[2022-09-11 12:08:28,139] {standard_task_runner.py:77} INFO - Job 52: Subtask wget
[2022-09-11 12:08:28,488] {logging_mixin.py:109} INFO - Running <TaskInstance: LocalIngestionDag.wget scheduled__2022-08-01T06:00:00+00:00 [running]> on host 6ae512137983
[2022-09-11 12:08:28,862] {logging_mixin.py:109} WARNING - /home/***/.local/lib/python3.7/site-packages/***/utils/context.py:152 AirflowContextDeprecationWarning: Accessing 'execution_date' from the template is deprecated and will be removed in a future version. Please use 'data_interval_start' or 'logical_date' instead.
[2022-09-11 12:08:29,054] {taskinstance.py:1426} INFO - Exporting the following env vars:
AIRFLOW_CTX_DAG_OWNER=***
AIRFLOW_CTX_DAG_ID=LocalIngestionDag
AIRFLOW_CTX_TASK_ID=wget
AIRFLOW_CTX_EXECUTION_DATE=2022-08-01T06:00:00+00:00
AIRFLOW_CTX_DAG_RUN_ID=scheduled__2022-08-01T06:00:00+00:00
[2022-09-11 12:08:29,055] {subprocess.py:62} INFO - Tmp dir root location: 
 /tmp
[2022-09-11 12:08:29,056] {subprocess.py:74} INFO - Running command: ['bash', '-c', 'curl -sSL https://d37ci6vzurychx.cloudfront.net/trip-data/yellow_tripdata_2022-08.parquet > /opt/***/output_2022-08.parquet']
[2022-09-11 12:08:29,063] {subprocess.py:85} INFO - Output:
[2022-09-11 12:08:53,722] {subprocess.py:93} INFO - Command exited with return code 0
[2022-09-11 12:09:01,593] {taskinstance.py:1277} INFO - Marking task as SUCCESS. dag_id=LocalIngestionDag, task_id=wget, execution_date=20220801T060000, start_date=20220911T120827, end_date=20220911T120901
[2022-09-11 12:09:09,298] {local_task_job.py:212} WARNING - State of this instance has been externally set to success. Terminating instance.
[2022-09-11 12:09:10,282] {process_utils.py:124} INFO - Sending Signals.SIGTERM to group 19398. PIDs of all processes in the group: [19398]
[2022-09-11 12:09:10,283] {process_utils.py:75} INFO - Sending the signal Signals.SIGTERM to group 19398
[2022-09-11 12:09:10,308] {taskinstance.py:1408} ERROR - Received SIGTERM. Terminating subprocesses.
[2022-09-11 12:09:10,309] {subprocess.py:99} INFO - Sending SIGTERM signal to process group
[2022-09-11 12:09:10,344] {process_utils.py:70} INFO - Process psutil.Process(pid=19398, status='terminated', exitcode=0, started='12:08:27') (19398) terminated with exit code 0
