[2022-09-11 15:59:22,048] {taskinstance.py:1032} INFO - Dependencies all met for <TaskInstance: ZonesIngestionDag.rm manual__2022-09-11T10:52:30.468879+00:00 [queued]>
[2022-09-11 15:59:22,059] {taskinstance.py:1032} INFO - Dependencies all met for <TaskInstance: ZonesIngestionDag.rm manual__2022-09-11T10:52:30.468879+00:00 [queued]>
[2022-09-11 15:59:22,060] {taskinstance.py:1238} INFO - 
--------------------------------------------------------------------------------
[2022-09-11 15:59:22,060] {taskinstance.py:1239} INFO - Starting attempt 2 of 2
[2022-09-11 15:59:22,060] {taskinstance.py:1240} INFO - 
--------------------------------------------------------------------------------
[2022-09-11 15:59:22,174] {taskinstance.py:1259} INFO - Executing <Task(BashOperator): rm> on 2022-09-11 10:52:30.468879+00:00
[2022-09-11 15:59:22,182] {standard_task_runner.py:52} INFO - Started process 5049 to run task
[2022-09-11 15:59:22,191] {standard_task_runner.py:76} INFO - Running: ['***', 'tasks', 'run', 'ZonesIngestionDag', 'rm', 'manual__2022-09-11T10:52:30.468879+00:00', '--job-id', '71', '--raw', '--subdir', 'DAGS_FOLDER/Zones_ingest.py', '--cfg-path', '/tmp/tmpjy2vnzol', '--error-file', '/tmp/tmprnsvk25o']
[2022-09-11 15:59:22,193] {standard_task_runner.py:77} INFO - Job 71: Subtask rm
[2022-09-11 15:59:22,392] {logging_mixin.py:109} INFO - Running <TaskInstance: ZonesIngestionDag.rm manual__2022-09-11T10:52:30.468879+00:00 [running]> on host 6ae512137983
[2022-09-11 15:59:22,639] {taskinstance.py:1426} INFO - Exporting the following env vars:
AIRFLOW_CTX_DAG_OWNER=***
AIRFLOW_CTX_DAG_ID=ZonesIngestionDag
AIRFLOW_CTX_TASK_ID=rm
AIRFLOW_CTX_EXECUTION_DATE=2022-09-11T10:52:30.468879+00:00
AIRFLOW_CTX_DAG_RUN_ID=manual__2022-09-11T10:52:30.468879+00:00
[2022-09-11 15:59:22,640] {subprocess.py:62} INFO - Tmp dir root location: 
 /tmp
[2022-09-11 15:59:22,641] {subprocess.py:74} INFO - Running command: ['bash', '-c', 'rm /opt/***/taxi+_zone_lookup.parquet /opt/***/taxi+_zone_lookup.csv']
[2022-09-11 15:59:22,651] {subprocess.py:85} INFO - Output:
[2022-09-11 15:59:22,654] {subprocess.py:93} INFO - Command exited with return code 0
[2022-09-11 15:59:22,837] {taskinstance.py:1277} INFO - Marking task as SUCCESS. dag_id=ZonesIngestionDag, task_id=rm, execution_date=20220911T105230, start_date=20220911T155922, end_date=20220911T155922
[2022-09-11 15:59:22,970] {local_task_job.py:154} INFO - Task exited with return code 0
[2022-09-11 15:59:23,055] {local_task_job.py:264} INFO - 0 downstream tasks scheduled from follow-on schedule check
