[2022-09-16 06:21:12,260] {taskinstance.py:1032} INFO - Dependencies all met for <TaskInstance: LocalIngestionDag.wget scheduled__2019-07-01T06:00:00+00:00 [queued]>
[2022-09-16 06:21:12,273] {taskinstance.py:1032} INFO - Dependencies all met for <TaskInstance: LocalIngestionDag.wget scheduled__2019-07-01T06:00:00+00:00 [queued]>
[2022-09-16 06:21:12,274] {taskinstance.py:1238} INFO - 
--------------------------------------------------------------------------------
[2022-09-16 06:21:12,274] {taskinstance.py:1239} INFO - Starting attempt 1 of 1
[2022-09-16 06:21:12,275] {taskinstance.py:1240} INFO - 
--------------------------------------------------------------------------------
[2022-09-16 06:21:12,454] {taskinstance.py:1259} INFO - Executing <Task(BashOperator): wget> on 2019-07-01 06:00:00+00:00
[2022-09-16 06:21:12,468] {standard_task_runner.py:52} INFO - Started process 998 to run task
[2022-09-16 06:21:12,479] {standard_task_runner.py:76} INFO - Running: ['***', 'tasks', 'run', 'LocalIngestionDag', 'wget', 'scheduled__2019-07-01T06:00:00+00:00', '--job-id', '197', '--raw', '--subdir', 'DAGS_FOLDER/ingest_data_dag.py', '--cfg-path', '/tmp/tmp4f81gi2k', '--error-file', '/tmp/tmphhuma3y9']
[2022-09-16 06:21:12,481] {standard_task_runner.py:77} INFO - Job 197: Subtask wget
[2022-09-16 06:21:12,828] {logging_mixin.py:109} INFO - Running <TaskInstance: LocalIngestionDag.wget scheduled__2019-07-01T06:00:00+00:00 [running]> on host 1bec96cb997e
[2022-09-16 06:21:13,118] {logging_mixin.py:109} WARNING - /home/***/.local/lib/python3.7/site-packages/***/utils/context.py:152 AirflowContextDeprecationWarning: Accessing 'execution_date' from the template is deprecated and will be removed in a future version. Please use 'data_interval_start' or 'logical_date' instead.
[2022-09-16 06:21:13,345] {taskinstance.py:1426} INFO - Exporting the following env vars:
AIRFLOW_CTX_DAG_OWNER=***
AIRFLOW_CTX_DAG_ID=LocalIngestionDag
AIRFLOW_CTX_TASK_ID=wget
AIRFLOW_CTX_EXECUTION_DATE=2019-07-01T06:00:00+00:00
AIRFLOW_CTX_DAG_RUN_ID=scheduled__2019-07-01T06:00:00+00:00
[2022-09-16 06:21:13,347] {subprocess.py:62} INFO - Tmp dir root location: 
 /tmp
[2022-09-16 06:21:13,348] {subprocess.py:74} INFO - Running command: ['bash', '-c', 'curl -sSL https://d37ci6vzurychx.cloudfront.net/trip-data/yellow_tripdata_2019-07.parquet > /opt/***/output_2019-07.parquet']
[2022-09-16 06:21:13,480] {subprocess.py:85} INFO - Output:
[2022-09-16 06:21:53,394] {subprocess.py:93} INFO - Command exited with return code 0
[2022-09-16 06:21:53,442] {taskinstance.py:1277} INFO - Marking task as SUCCESS. dag_id=LocalIngestionDag, task_id=wget, execution_date=20190701T060000, start_date=20220916T062112, end_date=20220916T062153
[2022-09-16 06:21:53,528] {local_task_job.py:154} INFO - Task exited with return code 0
[2022-09-16 06:21:53,598] {local_task_job.py:264} INFO - 1 downstream tasks scheduled from follow-on schedule check
