[2022-09-11 11:20:22,958] {taskinstance.py:1032} INFO - Dependencies all met for <TaskInstance: ZonesIngestionDag.format_to_parquet_task scheduled__2022-09-10T10:52:15.937752+00:00 [queued]>
[2022-09-11 11:20:22,970] {taskinstance.py:1032} INFO - Dependencies all met for <TaskInstance: ZonesIngestionDag.format_to_parquet_task scheduled__2022-09-10T10:52:15.937752+00:00 [queued]>
[2022-09-11 11:20:22,970] {taskinstance.py:1238} INFO - 
--------------------------------------------------------------------------------
[2022-09-11 11:20:22,971] {taskinstance.py:1239} INFO - Starting attempt 2 of 2
[2022-09-11 11:20:22,971] {taskinstance.py:1240} INFO - 
--------------------------------------------------------------------------------
[2022-09-11 11:20:23,053] {taskinstance.py:1259} INFO - Executing <Task(PythonOperator): format_to_parquet_task> on 2022-09-10 10:52:15.937752+00:00
[2022-09-11 11:20:23,057] {standard_task_runner.py:52} INFO - Started process 15451 to run task
[2022-09-11 11:20:23,061] {standard_task_runner.py:76} INFO - Running: ['***', 'tasks', 'run', 'ZonesIngestionDag', 'format_to_parquet_task', 'scheduled__2022-09-10T10:52:15.937752+00:00', '--job-id', '44', '--raw', '--subdir', 'DAGS_FOLDER/Zones_ingest.py', '--cfg-path', '/tmp/tmpq8j2lq_e', '--error-file', '/tmp/tmpl82azmx8']
[2022-09-11 11:20:23,062] {standard_task_runner.py:77} INFO - Job 44: Subtask format_to_parquet_task
[2022-09-11 11:20:23,236] {logging_mixin.py:109} INFO - Running <TaskInstance: ZonesIngestionDag.format_to_parquet_task scheduled__2022-09-10T10:52:15.937752+00:00 [running]> on host 6ae512137983
[2022-09-11 11:20:23,393] {taskinstance.py:1426} INFO - Exporting the following env vars:
AIRFLOW_CTX_DAG_OWNER=***
AIRFLOW_CTX_DAG_ID=ZonesIngestionDag
AIRFLOW_CTX_TASK_ID=format_to_parquet_task
AIRFLOW_CTX_EXECUTION_DATE=2022-09-10T10:52:15.937752+00:00
AIRFLOW_CTX_DAG_RUN_ID=scheduled__2022-09-10T10:52:15.937752+00:00
[2022-09-11 11:20:23,461] {python.py:175} INFO - Done. Returned value was: None
[2022-09-11 11:20:23,475] {taskinstance.py:1277} INFO - Marking task as SUCCESS. dag_id=ZonesIngestionDag, task_id=format_to_parquet_task, execution_date=20220910T105215, start_date=20220911T112022, end_date=20220911T112023
[2022-09-11 11:20:23,838] {local_task_job.py:154} INFO - Task exited with return code 0
[2022-09-11 11:20:23,958] {local_task_job.py:264} INFO - 1 downstream tasks scheduled from follow-on schedule check
