[2022-09-11 15:34:14,472] {taskinstance.py:1032} INFO - Dependencies all met for <TaskInstance: ZonesIngestionDag.format_to_parquet_task scheduled__2022-09-10T10:52:15.937752+00:00 [queued]>
[2022-09-11 15:34:14,482] {taskinstance.py:1032} INFO - Dependencies all met for <TaskInstance: ZonesIngestionDag.format_to_parquet_task scheduled__2022-09-10T10:52:15.937752+00:00 [queued]>
[2022-09-11 15:34:14,483] {taskinstance.py:1238} INFO - 
--------------------------------------------------------------------------------
[2022-09-11 15:34:14,483] {taskinstance.py:1239} INFO - Starting attempt 3 of 3
[2022-09-11 15:34:14,484] {taskinstance.py:1240} INFO - 
--------------------------------------------------------------------------------
[2022-09-11 15:34:14,782] {taskinstance.py:1259} INFO - Executing <Task(PythonOperator): format_to_parquet_task> on 2022-09-10 10:52:15.937752+00:00
[2022-09-11 15:34:14,799] {standard_task_runner.py:52} INFO - Started process 2908 to run task
[2022-09-11 15:34:14,811] {standard_task_runner.py:76} INFO - Running: ['***', 'tasks', 'run', 'ZonesIngestionDag', 'format_to_parquet_task', 'scheduled__2022-09-10T10:52:15.937752+00:00', '--job-id', '59', '--raw', '--subdir', 'DAGS_FOLDER/Zones_ingest.py', '--cfg-path', '/tmp/tmpk1st1yku', '--error-file', '/tmp/tmpjw4hklaq']
[2022-09-11 15:34:14,813] {standard_task_runner.py:77} INFO - Job 59: Subtask format_to_parquet_task
[2022-09-11 15:34:15,366] {logging_mixin.py:109} INFO - Running <TaskInstance: ZonesIngestionDag.format_to_parquet_task scheduled__2022-09-10T10:52:15.937752+00:00 [running]> on host 6ae512137983
[2022-09-11 15:34:16,492] {taskinstance.py:1426} INFO - Exporting the following env vars:
AIRFLOW_CTX_DAG_OWNER=***
AIRFLOW_CTX_DAG_ID=ZonesIngestionDag
AIRFLOW_CTX_TASK_ID=format_to_parquet_task
AIRFLOW_CTX_EXECUTION_DATE=2022-09-10T10:52:15.937752+00:00
AIRFLOW_CTX_DAG_RUN_ID=scheduled__2022-09-10T10:52:15.937752+00:00
[2022-09-11 15:34:21,701] {python.py:175} INFO - Done. Returned value was: None
[2022-09-11 15:34:21,713] {taskinstance.py:1277} INFO - Marking task as SUCCESS. dag_id=ZonesIngestionDag, task_id=format_to_parquet_task, execution_date=20220910T105215, start_date=20220911T153414, end_date=20220911T153421
[2022-09-11 15:34:21,853] {local_task_job.py:154} INFO - Task exited with return code 0
[2022-09-11 15:34:22,000] {local_task_job.py:264} INFO - 1 downstream tasks scheduled from follow-on schedule check
