[2022-09-11 15:58:43,233] {taskinstance.py:1032} INFO - Dependencies all met for <TaskInstance: ZonesIngestionDag.format_to_parquet_task scheduled__2022-09-10T10:52:15.937752+00:00 [queued]>
[2022-09-11 15:58:43,249] {taskinstance.py:1032} INFO - Dependencies all met for <TaskInstance: ZonesIngestionDag.format_to_parquet_task scheduled__2022-09-10T10:52:15.937752+00:00 [queued]>
[2022-09-11 15:58:43,249] {taskinstance.py:1238} INFO - 
--------------------------------------------------------------------------------
[2022-09-11 15:58:43,250] {taskinstance.py:1239} INFO - Starting attempt 4 of 4
[2022-09-11 15:58:43,250] {taskinstance.py:1240} INFO - 
--------------------------------------------------------------------------------
[2022-09-11 15:58:43,323] {taskinstance.py:1259} INFO - Executing <Task(PythonOperator): format_to_parquet_task> on 2022-09-10 10:52:15.937752+00:00
[2022-09-11 15:58:43,326] {standard_task_runner.py:52} INFO - Started process 4953 to run task
[2022-09-11 15:58:43,331] {standard_task_runner.py:76} INFO - Running: ['***', 'tasks', 'run', 'ZonesIngestionDag', 'format_to_parquet_task', 'scheduled__2022-09-10T10:52:15.937752+00:00', '--job-id', '65', '--raw', '--subdir', 'DAGS_FOLDER/Zones_ingest.py', '--cfg-path', '/tmp/tmpv8fgk5a9', '--error-file', '/tmp/tmpnub4rqcy']
[2022-09-11 15:58:43,334] {standard_task_runner.py:77} INFO - Job 65: Subtask format_to_parquet_task
[2022-09-11 15:58:43,420] {logging_mixin.py:109} INFO - Running <TaskInstance: ZonesIngestionDag.format_to_parquet_task scheduled__2022-09-10T10:52:15.937752+00:00 [running]> on host 6ae512137983
[2022-09-11 15:58:43,533] {taskinstance.py:1426} INFO - Exporting the following env vars:
AIRFLOW_CTX_DAG_OWNER=***
AIRFLOW_CTX_DAG_ID=ZonesIngestionDag
AIRFLOW_CTX_TASK_ID=format_to_parquet_task
AIRFLOW_CTX_EXECUTION_DATE=2022-09-10T10:52:15.937752+00:00
AIRFLOW_CTX_DAG_RUN_ID=scheduled__2022-09-10T10:52:15.937752+00:00
[2022-09-11 15:58:43,627] {python.py:175} INFO - Done. Returned value was: None
[2022-09-11 15:58:43,650] {taskinstance.py:1277} INFO - Marking task as SUCCESS. dag_id=ZonesIngestionDag, task_id=format_to_parquet_task, execution_date=20220910T105215, start_date=20220911T155843, end_date=20220911T155843
[2022-09-11 15:58:43,747] {local_task_job.py:154} INFO - Task exited with return code 0
[2022-09-11 15:58:43,818] {local_task_job.py:264} INFO - 1 downstream tasks scheduled from follow-on schedule check
