[2022-09-16 06:30:56,209] {taskinstance.py:1032} INFO - Dependencies all met for <TaskInstance: LocalIngestionDag.wget scheduled__2020-02-01T06:00:00+00:00 [queued]>
[2022-09-16 06:30:56,219] {taskinstance.py:1032} INFO - Dependencies all met for <TaskInstance: LocalIngestionDag.wget scheduled__2020-02-01T06:00:00+00:00 [queued]>
[2022-09-16 06:30:56,220] {taskinstance.py:1238} INFO - 
--------------------------------------------------------------------------------
[2022-09-16 06:30:56,220] {taskinstance.py:1239} INFO - Starting attempt 1 of 1
[2022-09-16 06:30:56,220] {taskinstance.py:1240} INFO - 
--------------------------------------------------------------------------------
[2022-09-16 06:30:56,331] {taskinstance.py:1259} INFO - Executing <Task(BashOperator): wget> on 2020-02-01 06:00:00+00:00
[2022-09-16 06:30:56,335] {standard_task_runner.py:52} INFO - Started process 1819 to run task
[2022-09-16 06:30:56,342] {standard_task_runner.py:76} INFO - Running: ['***', 'tasks', 'run', 'LocalIngestionDag', 'wget', 'scheduled__2020-02-01T06:00:00+00:00', '--job-id', '211', '--raw', '--subdir', 'DAGS_FOLDER/ingest_data_dag.py', '--cfg-path', '/tmp/tmpesedf5en', '--error-file', '/tmp/tmp_bsoq47v']
[2022-09-16 06:30:56,343] {standard_task_runner.py:77} INFO - Job 211: Subtask wget
[2022-09-16 06:30:56,463] {logging_mixin.py:109} INFO - Running <TaskInstance: LocalIngestionDag.wget scheduled__2020-02-01T06:00:00+00:00 [running]> on host 1bec96cb997e
[2022-09-16 06:30:56,621] {logging_mixin.py:109} WARNING - /home/***/.local/lib/python3.7/site-packages/***/utils/context.py:152 AirflowContextDeprecationWarning: Accessing 'execution_date' from the template is deprecated and will be removed in a future version. Please use 'data_interval_start' or 'logical_date' instead.
[2022-09-16 06:30:56,828] {taskinstance.py:1426} INFO - Exporting the following env vars:
AIRFLOW_CTX_DAG_OWNER=***
AIRFLOW_CTX_DAG_ID=LocalIngestionDag
AIRFLOW_CTX_TASK_ID=wget
AIRFLOW_CTX_EXECUTION_DATE=2020-02-01T06:00:00+00:00
AIRFLOW_CTX_DAG_RUN_ID=scheduled__2020-02-01T06:00:00+00:00
[2022-09-16 06:30:56,829] {subprocess.py:62} INFO - Tmp dir root location: 
 /tmp
[2022-09-16 06:30:56,830] {subprocess.py:74} INFO - Running command: ['bash', '-c', 'curl -sSL https://d37ci6vzurychx.cloudfront.net/trip-data/yellow_tripdata_2020-02.parquet > /opt/***/output_2020-02.parquet']
[2022-09-16 06:30:56,856] {subprocess.py:85} INFO - Output:
[2022-09-16 06:31:37,932] {subprocess.py:93} INFO - Command exited with return code 0
[2022-09-16 06:31:38,062] {taskinstance.py:1277} INFO - Marking task as SUCCESS. dag_id=LocalIngestionDag, task_id=wget, execution_date=20200201T060000, start_date=20220916T063056, end_date=20220916T063138
[2022-09-16 06:31:38,115] {local_task_job.py:154} INFO - Task exited with return code 0
[2022-09-16 06:31:38,183] {local_task_job.py:264} INFO - 1 downstream tasks scheduled from follow-on schedule check
