[2022-09-17 02:37:39,845] {taskinstance.py:1032} INFO - Dependencies all met for <TaskInstance: LocalIngestionDag.eng scheduled__2019-01-01T06:00:00+00:00 [queued]>
[2022-09-17 02:37:39,856] {taskinstance.py:1032} INFO - Dependencies all met for <TaskInstance: LocalIngestionDag.eng scheduled__2019-01-01T06:00:00+00:00 [queued]>
[2022-09-17 02:37:39,856] {taskinstance.py:1238} INFO - 
--------------------------------------------------------------------------------
[2022-09-17 02:37:39,857] {taskinstance.py:1239} INFO - Starting attempt 1 of 1
[2022-09-17 02:37:39,857] {taskinstance.py:1240} INFO - 
--------------------------------------------------------------------------------
[2022-09-17 02:37:39,922] {taskinstance.py:1259} INFO - Executing <Task(PythonOperator): eng> on 2019-01-01 06:00:00+00:00
[2022-09-17 02:37:39,925] {standard_task_runner.py:52} INFO - Started process 2851 to run task
[2022-09-17 02:37:39,929] {standard_task_runner.py:76} INFO - Running: ['***', 'tasks', 'run', 'LocalIngestionDag', 'eng', 'scheduled__2019-01-01T06:00:00+00:00', '--job-id', '250', '--raw', '--subdir', 'DAGS_FOLDER/ingest_data_dag.py', '--cfg-path', '/tmp/tmpqfyqhsf1', '--error-file', '/tmp/tmps14372dz']
[2022-09-17 02:37:39,930] {standard_task_runner.py:77} INFO - Job 250: Subtask eng
[2022-09-17 02:37:40,029] {logging_mixin.py:109} INFO - Running <TaskInstance: LocalIngestionDag.eng scheduled__2019-01-01T06:00:00+00:00 [running]> on host 5d94276fbe2b
[2022-09-17 02:37:40,153] {taskinstance.py:1426} INFO - Exporting the following env vars:
AIRFLOW_CTX_DAG_OWNER=***
AIRFLOW_CTX_DAG_ID=LocalIngestionDag
AIRFLOW_CTX_TASK_ID=eng
AIRFLOW_CTX_EXECUTION_DATE=2019-01-01T06:00:00+00:00
AIRFLOW_CTX_DAG_RUN_ID=scheduled__2019-01-01T06:00:00+00:00
[2022-09-17 02:37:40,154] {logging_mixin.py:109} INFO - root   root   docker_sql_0_pgdatabase_1   5432   ny_taxi
[2022-09-17 02:37:40,155] {python.py:175} INFO - Done. Returned value was: None
[2022-09-17 02:37:40,222] {taskinstance.py:1277} INFO - Marking task as SUCCESS. dag_id=LocalIngestionDag, task_id=eng, execution_date=20190101T060000, start_date=20220917T023739, end_date=20220917T023740
[2022-09-17 02:37:40,305] {local_task_job.py:154} INFO - Task exited with return code 0
[2022-09-17 02:37:40,387] {local_task_job.py:264} INFO - 1 downstream tasks scheduled from follow-on schedule check
