[2022-09-11 16:16:43,984] {taskinstance.py:1032} INFO - Dependencies all met for <TaskInstance: FHVIngestionDag.ingest scheduled__2019-01-01T06:00:00+00:00 [queued]>
[2022-09-11 16:16:43,997] {taskinstance.py:1032} INFO - Dependencies all met for <TaskInstance: FHVIngestionDag.ingest scheduled__2019-01-01T06:00:00+00:00 [queued]>
[2022-09-11 16:16:43,998] {taskinstance.py:1238} INFO - 
--------------------------------------------------------------------------------
[2022-09-11 16:16:43,998] {taskinstance.py:1239} INFO - Starting attempt 1 of 1
[2022-09-11 16:16:43,999] {taskinstance.py:1240} INFO - 
--------------------------------------------------------------------------------
[2022-09-11 16:16:44,497] {taskinstance.py:1259} INFO - Executing <Task(PythonOperator): ingest> on 2019-01-01 06:00:00+00:00
[2022-09-11 16:16:44,502] {standard_task_runner.py:52} INFO - Started process 6491 to run task
[2022-09-11 16:16:44,505] {standard_task_runner.py:76} INFO - Running: ['***', 'tasks', 'run', 'FHVIngestionDag', 'ingest', 'scheduled__2019-01-01T06:00:00+00:00', '--job-id', '73', '--raw', '--subdir', 'DAGS_FOLDER/FHV_ingest_19.py', '--cfg-path', '/tmp/tmp9_806rdu', '--error-file', '/tmp/tmpomqiivyg']
[2022-09-11 16:16:44,506] {standard_task_runner.py:77} INFO - Job 73: Subtask ingest
[2022-09-11 16:16:45,474] {logging_mixin.py:109} INFO - Running <TaskInstance: FHVIngestionDag.ingest scheduled__2019-01-01T06:00:00+00:00 [running]> on host 6ae512137983
[2022-09-11 16:16:46,490] {logging_mixin.py:109} WARNING - /home/***/.local/lib/python3.7/site-packages/***/utils/context.py:152 AirflowContextDeprecationWarning: Accessing 'execution_date' from the template is deprecated and will be removed in a future version. Please use 'data_interval_start' or 'logical_date' instead.
[2022-09-11 16:16:47,283] {taskinstance.py:1426} INFO - Exporting the following env vars:
AIRFLOW_CTX_DAG_OWNER=***
AIRFLOW_CTX_DAG_ID=FHVIngestionDag
AIRFLOW_CTX_TASK_ID=ingest
AIRFLOW_CTX_EXECUTION_DATE=2019-01-01T06:00:00+00:00
AIRFLOW_CTX_DAG_RUN_ID=scheduled__2019-01-01T06:00:00+00:00
[2022-09-11 16:18:36,199] {local_task_job.py:154} INFO - Task exited with return code Negsignal.SIGKILL
[2022-09-11 17:09:25,819] {taskinstance.py:1032} INFO - Dependencies all met for <TaskInstance: FHVIngestionDag.ingest scheduled__2019-01-01T06:00:00+00:00 [queued]>
[2022-09-11 17:09:25,840] {taskinstance.py:1032} INFO - Dependencies all met for <TaskInstance: FHVIngestionDag.ingest scheduled__2019-01-01T06:00:00+00:00 [queued]>
[2022-09-11 17:09:25,841] {taskinstance.py:1238} INFO - 
--------------------------------------------------------------------------------
[2022-09-11 17:09:25,842] {taskinstance.py:1239} INFO - Starting attempt 1 of 1
[2022-09-11 17:09:25,842] {taskinstance.py:1240} INFO - 
--------------------------------------------------------------------------------
[2022-09-11 17:09:25,888] {taskinstance.py:1259} INFO - Executing <Task(PythonOperator): ingest> on 2019-01-01 06:00:00+00:00
[2022-09-11 17:09:25,894] {standard_task_runner.py:52} INFO - Started process 9524 to run task
[2022-09-11 17:09:25,898] {standard_task_runner.py:76} INFO - Running: ['***', 'tasks', 'run', 'FHVIngestionDag', 'ingest', 'scheduled__2019-01-01T06:00:00+00:00', '--job-id', '105', '--raw', '--subdir', 'DAGS_FOLDER/FHV_ingest_19.py', '--cfg-path', '/tmp/tmpb7gscr_w', '--error-file', '/tmp/tmpv8j0ibb3']
[2022-09-11 17:09:25,899] {standard_task_runner.py:77} INFO - Job 105: Subtask ingest
[2022-09-11 17:09:25,997] {logging_mixin.py:109} INFO - Running <TaskInstance: FHVIngestionDag.ingest scheduled__2019-01-01T06:00:00+00:00 [running]> on host 6ae512137983
[2022-09-11 17:09:26,109] {logging_mixin.py:109} WARNING - /home/***/.local/lib/python3.7/site-packages/***/utils/context.py:152 AirflowContextDeprecationWarning: Accessing 'execution_date' from the template is deprecated and will be removed in a future version. Please use 'data_interval_start' or 'logical_date' instead.
[2022-09-11 17:09:26,161] {taskinstance.py:1426} INFO - Exporting the following env vars:
AIRFLOW_CTX_DAG_OWNER=***
AIRFLOW_CTX_DAG_ID=FHVIngestionDag
AIRFLOW_CTX_TASK_ID=ingest
AIRFLOW_CTX_EXECUTION_DATE=2019-01-01T06:00:00+00:00
AIRFLOW_CTX_DAG_RUN_ID=scheduled__2019-01-01T06:00:00+00:00
[2022-09-11 17:10:05,020] {local_task_job.py:154} INFO - Task exited with return code Negsignal.SIGKILL
