[2022-09-11 16:20:48,606] {taskinstance.py:1032} INFO - Dependencies all met for <TaskInstance: FHVIngestionDag.ingest scheduled__2019-01-01T06:00:00+00:00 [queued]>
[2022-09-11 16:20:48,657] {taskinstance.py:1032} INFO - Dependencies all met for <TaskInstance: FHVIngestionDag.ingest scheduled__2019-01-01T06:00:00+00:00 [queued]>
[2022-09-11 16:20:48,658] {taskinstance.py:1238} INFO - 
--------------------------------------------------------------------------------
[2022-09-11 16:20:48,661] {taskinstance.py:1239} INFO - Starting attempt 2 of 1
[2022-09-11 16:20:48,661] {taskinstance.py:1240} INFO - 
--------------------------------------------------------------------------------
[2022-09-11 16:20:48,949] {taskinstance.py:1259} INFO - Executing <Task(PythonOperator): ingest> on 2019-01-01 06:00:00+00:00
[2022-09-11 16:20:48,962] {standard_task_runner.py:52} INFO - Started process 6659 to run task
[2022-09-11 16:20:48,968] {standard_task_runner.py:76} INFO - Running: ['***', 'tasks', 'run', 'FHVIngestionDag', 'ingest', 'scheduled__2019-01-01T06:00:00+00:00', '--job-id', '74', '--raw', '--subdir', 'DAGS_FOLDER/FHV_ingest_19.py', '--cfg-path', '/tmp/tmpq311ur3j', '--error-file', '/tmp/tmp49f8n1zf']
[2022-09-11 16:20:48,982] {standard_task_runner.py:77} INFO - Job 74: Subtask ingest
[2022-09-11 16:20:49,228] {logging_mixin.py:109} INFO - Running <TaskInstance: FHVIngestionDag.ingest scheduled__2019-01-01T06:00:00+00:00 [running]> on host 6ae512137983
[2022-09-11 16:20:49,494] {logging_mixin.py:109} WARNING - /home/***/.local/lib/python3.7/site-packages/***/utils/context.py:152 AirflowContextDeprecationWarning: Accessing 'execution_date' from the template is deprecated and will be removed in a future version. Please use 'data_interval_start' or 'logical_date' instead.
[2022-09-11 16:20:49,512] {taskinstance.py:1426} INFO - Exporting the following env vars:
AIRFLOW_CTX_DAG_OWNER=***
AIRFLOW_CTX_DAG_ID=FHVIngestionDag
AIRFLOW_CTX_TASK_ID=ingest
AIRFLOW_CTX_EXECUTION_DATE=2019-01-01T06:00:00+00:00
AIRFLOW_CTX_DAG_RUN_ID=scheduled__2019-01-01T06:00:00+00:00
[2022-09-11 16:21:37,734] {local_task_job.py:154} INFO - Task exited with return code Negsignal.SIGKILL
[2022-09-11 16:21:59,854] {taskinstance.py:1277} INFO - Marking task as FAILED. dag_id=FHVIngestionDag, task_id=ingest, execution_date=20190101T060000, start_date=20220911T162048, end_date=20220911T162159
[2022-09-11 16:22:00,529] {local_task_job.py:264} INFO - 0 downstream tasks scheduled from follow-on schedule check
[2022-09-11 17:17:32,536] {taskinstance.py:1032} INFO - Dependencies all met for <TaskInstance: FHVIngestionDag.ingest scheduled__2019-01-01T06:00:00+00:00 [queued]>
[2022-09-11 17:17:32,570] {taskinstance.py:1032} INFO - Dependencies all met for <TaskInstance: FHVIngestionDag.ingest scheduled__2019-01-01T06:00:00+00:00 [queued]>
[2022-09-11 17:17:32,571] {taskinstance.py:1238} INFO - 
--------------------------------------------------------------------------------
[2022-09-11 17:17:32,571] {taskinstance.py:1239} INFO - Starting attempt 2 of 2
[2022-09-11 17:17:32,572] {taskinstance.py:1240} INFO - 
--------------------------------------------------------------------------------
[2022-09-11 17:17:32,615] {taskinstance.py:1259} INFO - Executing <Task(PythonOperator): ingest> on 2019-01-01 06:00:00+00:00
[2022-09-11 17:17:32,619] {standard_task_runner.py:52} INFO - Started process 10138 to run task
[2022-09-11 17:17:32,626] {standard_task_runner.py:76} INFO - Running: ['***', 'tasks', 'run', 'FHVIngestionDag', 'ingest', 'scheduled__2019-01-01T06:00:00+00:00', '--job-id', '107', '--raw', '--subdir', 'DAGS_FOLDER/FHV_ingest_19.py', '--cfg-path', '/tmp/tmp6aday122', '--error-file', '/tmp/tmpdfox8z_g']
[2022-09-11 17:17:32,627] {standard_task_runner.py:77} INFO - Job 107: Subtask ingest
[2022-09-11 17:17:32,724] {logging_mixin.py:109} INFO - Running <TaskInstance: FHVIngestionDag.ingest scheduled__2019-01-01T06:00:00+00:00 [running]> on host 6ae512137983
[2022-09-11 17:17:33,057] {logging_mixin.py:109} WARNING - /home/***/.local/lib/python3.7/site-packages/***/utils/context.py:152 AirflowContextDeprecationWarning: Accessing 'execution_date' from the template is deprecated and will be removed in a future version. Please use 'data_interval_start' or 'logical_date' instead.
[2022-09-11 17:17:33,096] {taskinstance.py:1426} INFO - Exporting the following env vars:
AIRFLOW_CTX_DAG_OWNER=***
AIRFLOW_CTX_DAG_ID=FHVIngestionDag
AIRFLOW_CTX_TASK_ID=ingest
AIRFLOW_CTX_EXECUTION_DATE=2019-01-01T06:00:00+00:00
AIRFLOW_CTX_DAG_RUN_ID=scheduled__2019-01-01T06:00:00+00:00
[2022-09-11 17:17:33,097] {logging_mixin.py:109} INFO - 3
[2022-09-11 17:18:12,268] {local_task_job.py:154} INFO - Task exited with return code Negsignal.SIGKILL
[2022-09-11 17:18:31,392] {taskinstance.py:1277} INFO - Marking task as FAILED. dag_id=FHVIngestionDag, task_id=ingest, execution_date=20190101T060000, start_date=20220911T171732, end_date=20220911T171831
[2022-09-11 17:18:31,951] {local_task_job.py:264} INFO - 0 downstream tasks scheduled from follow-on schedule check
