[2022-09-11 15:34:09,622] {taskinstance.py:1032} INFO - Dependencies all met for <TaskInstance: ZonesIngestionDag.wget scheduled__2022-09-10T10:52:15.937752+00:00 [queued]>
[2022-09-11 15:34:09,632] {taskinstance.py:1032} INFO - Dependencies all met for <TaskInstance: ZonesIngestionDag.wget scheduled__2022-09-10T10:52:15.937752+00:00 [queued]>
[2022-09-11 15:34:09,633] {taskinstance.py:1238} INFO - 
--------------------------------------------------------------------------------
[2022-09-11 15:34:09,633] {taskinstance.py:1239} INFO - Starting attempt 3 of 3
[2022-09-11 15:34:09,634] {taskinstance.py:1240} INFO - 
--------------------------------------------------------------------------------
[2022-09-11 15:34:09,689] {taskinstance.py:1259} INFO - Executing <Task(BashOperator): wget> on 2022-09-10 10:52:15.937752+00:00
[2022-09-11 15:34:09,693] {standard_task_runner.py:52} INFO - Started process 2901 to run task
[2022-09-11 15:34:09,696] {standard_task_runner.py:76} INFO - Running: ['***', 'tasks', 'run', 'ZonesIngestionDag', 'wget', 'scheduled__2022-09-10T10:52:15.937752+00:00', '--job-id', '58', '--raw', '--subdir', 'DAGS_FOLDER/Zones_ingest.py', '--cfg-path', '/tmp/tmpn2dnj8l1', '--error-file', '/tmp/tmpxc_an4a0']
[2022-09-11 15:34:09,697] {standard_task_runner.py:77} INFO - Job 58: Subtask wget
[2022-09-11 15:34:09,773] {logging_mixin.py:109} INFO - Running <TaskInstance: ZonesIngestionDag.wget scheduled__2022-09-10T10:52:15.937752+00:00 [running]> on host 6ae512137983
[2022-09-11 15:34:09,985] {taskinstance.py:1426} INFO - Exporting the following env vars:
AIRFLOW_CTX_DAG_OWNER=***
AIRFLOW_CTX_DAG_ID=ZonesIngestionDag
AIRFLOW_CTX_TASK_ID=wget
AIRFLOW_CTX_EXECUTION_DATE=2022-09-10T10:52:15.937752+00:00
AIRFLOW_CTX_DAG_RUN_ID=scheduled__2022-09-10T10:52:15.937752+00:00
[2022-09-11 15:34:09,986] {subprocess.py:62} INFO - Tmp dir root location: 
 /tmp
[2022-09-11 15:34:09,987] {subprocess.py:74} INFO - Running command: ['bash', '-c', 'curl -sSL https://d37ci6vzurychx.cloudfront.net/misc/taxi+_zone_lookup.csv > /opt/***/taxi+_zone_lookup.csv']
[2022-09-11 15:34:09,995] {subprocess.py:85} INFO - Output:
[2022-09-11 15:34:11,100] {subprocess.py:93} INFO - Command exited with return code 0
[2022-09-11 15:34:11,157] {taskinstance.py:1277} INFO - Marking task as SUCCESS. dag_id=ZonesIngestionDag, task_id=wget, execution_date=20220910T105215, start_date=20220911T153409, end_date=20220911T153411
[2022-09-11 15:34:11,278] {local_task_job.py:154} INFO - Task exited with return code 0
[2022-09-11 15:34:11,378] {local_task_job.py:264} INFO - 1 downstream tasks scheduled from follow-on schedule check
