[2022-09-11 16:40:56,867] {taskinstance.py:1032} INFO - Dependencies all met for <TaskInstance: FHVIngestionDag.wget scheduled__2019-07-01T06:00:00+00:00 [queued]>
[2022-09-11 16:40:56,881] {taskinstance.py:1032} INFO - Dependencies all met for <TaskInstance: FHVIngestionDag.wget scheduled__2019-07-01T06:00:00+00:00 [queued]>
[2022-09-11 16:40:56,882] {taskinstance.py:1238} INFO - 
--------------------------------------------------------------------------------
[2022-09-11 16:40:56,882] {taskinstance.py:1239} INFO - Starting attempt 1 of 1
[2022-09-11 16:40:56,883] {taskinstance.py:1240} INFO - 
--------------------------------------------------------------------------------
[2022-09-11 16:40:57,110] {taskinstance.py:1259} INFO - Executing <Task(BashOperator): wget> on 2019-07-01 06:00:00+00:00
[2022-09-11 16:40:57,121] {standard_task_runner.py:52} INFO - Started process 7847 to run task
[2022-09-11 16:40:57,132] {standard_task_runner.py:76} INFO - Running: ['***', 'tasks', 'run', 'FHVIngestionDag', 'wget', 'scheduled__2019-07-01T06:00:00+00:00', '--job-id', '90', '--raw', '--subdir', 'DAGS_FOLDER/FHV_ingest_19.py', '--cfg-path', '/tmp/tmpdn6d0tia', '--error-file', '/tmp/tmp976szgpn']
[2022-09-11 16:40:57,135] {standard_task_runner.py:77} INFO - Job 90: Subtask wget
[2022-09-11 16:40:57,455] {logging_mixin.py:109} INFO - Running <TaskInstance: FHVIngestionDag.wget scheduled__2019-07-01T06:00:00+00:00 [running]> on host 6ae512137983
[2022-09-11 16:40:58,444] {logging_mixin.py:109} WARNING - /home/***/.local/lib/python3.7/site-packages/***/utils/context.py:152 AirflowContextDeprecationWarning: Accessing 'execution_date' from the template is deprecated and will be removed in a future version. Please use 'data_interval_start' or 'logical_date' instead.
[2022-09-11 16:40:58,738] {taskinstance.py:1426} INFO - Exporting the following env vars:
AIRFLOW_CTX_DAG_OWNER=***
AIRFLOW_CTX_DAG_ID=FHVIngestionDag
AIRFLOW_CTX_TASK_ID=wget
AIRFLOW_CTX_EXECUTION_DATE=2019-07-01T06:00:00+00:00
AIRFLOW_CTX_DAG_RUN_ID=scheduled__2019-07-01T06:00:00+00:00
[2022-09-11 16:40:58,739] {subprocess.py:62} INFO - Tmp dir root location: 
 /tmp
[2022-09-11 16:40:58,740] {subprocess.py:74} INFO - Running command: ['bash', '-c', 'curl -sSL https://d37ci6vzurychx.cloudfront.net/trip-data/fhv_tripdata_2019-07.parquet > /opt/***/FHV_OUT_2019-07.parquet']
[2022-09-11 16:40:59,476] {subprocess.py:85} INFO - Output:
[2022-09-11 16:41:16,941] {subprocess.py:93} INFO - Command exited with return code 0
[2022-09-11 16:41:17,090] {taskinstance.py:1277} INFO - Marking task as SUCCESS. dag_id=FHVIngestionDag, task_id=wget, execution_date=20190701T060000, start_date=20220911T164056, end_date=20220911T164117
[2022-09-11 16:41:17,245] {local_task_job.py:154} INFO - Task exited with return code 0
[2022-09-11 16:41:17,991] {local_task_job.py:264} INFO - 0 downstream tasks scheduled from follow-on schedule check
[2022-09-15 05:22:10,327] {taskinstance.py:1032} INFO - Dependencies all met for <TaskInstance: FHVIngestionDag.wget scheduled__2019-07-01T06:00:00+00:00 [queued]>
[2022-09-15 05:22:10,352] {taskinstance.py:1032} INFO - Dependencies all met for <TaskInstance: FHVIngestionDag.wget scheduled__2019-07-01T06:00:00+00:00 [queued]>
[2022-09-15 05:22:10,352] {taskinstance.py:1238} INFO - 
--------------------------------------------------------------------------------
[2022-09-15 05:22:10,352] {taskinstance.py:1239} INFO - Starting attempt 1 of 1
[2022-09-15 05:22:10,353] {taskinstance.py:1240} INFO - 
--------------------------------------------------------------------------------
[2022-09-15 05:22:10,399] {taskinstance.py:1259} INFO - Executing <Task(BashOperator): wget> on 2019-07-01 06:00:00+00:00
[2022-09-15 05:22:10,409] {standard_task_runner.py:52} INFO - Started process 628 to run task
[2022-09-15 05:22:10,421] {standard_task_runner.py:76} INFO - Running: ['***', 'tasks', 'run', 'FHVIngestionDag', 'wget', 'scheduled__2019-07-01T06:00:00+00:00', '--job-id', '158', '--raw', '--subdir', 'DAGS_FOLDER/FHV_ingest_19.py', '--cfg-path', '/tmp/tmpo7kp4j_y', '--error-file', '/tmp/tmpgfvv7y_6']
[2022-09-15 05:22:10,425] {standard_task_runner.py:77} INFO - Job 158: Subtask wget
[2022-09-15 05:22:10,540] {logging_mixin.py:109} INFO - Running <TaskInstance: FHVIngestionDag.wget scheduled__2019-07-01T06:00:00+00:00 [running]> on host c071d865a623
[2022-09-15 05:22:10,610] {logging_mixin.py:109} WARNING - /home/***/.local/lib/python3.7/site-packages/***/utils/context.py:152 AirflowContextDeprecationWarning: Accessing 'execution_date' from the template is deprecated and will be removed in a future version. Please use 'data_interval_start' or 'logical_date' instead.
[2022-09-15 05:22:10,661] {taskinstance.py:1426} INFO - Exporting the following env vars:
AIRFLOW_CTX_DAG_OWNER=***
AIRFLOW_CTX_DAG_ID=FHVIngestionDag
AIRFLOW_CTX_TASK_ID=wget
AIRFLOW_CTX_EXECUTION_DATE=2019-07-01T06:00:00+00:00
AIRFLOW_CTX_DAG_RUN_ID=scheduled__2019-07-01T06:00:00+00:00
[2022-09-15 05:22:10,662] {subprocess.py:62} INFO - Tmp dir root location: 
 /tmp
[2022-09-15 05:22:10,663] {subprocess.py:74} INFO - Running command: ['bash', '-c', 'curl -sSL https://d37ci6vzurychx.cloudfront.net/trip-data/fhv_tripdata_2019-07.parquet > /opt/***/FHV_OUT_2019-07.parquet']
[2022-09-15 05:22:10,672] {subprocess.py:85} INFO - Output:
[2022-09-15 05:22:20,659] {subprocess.py:93} INFO - Command exited with return code 0
[2022-09-15 05:22:20,766] {taskinstance.py:1277} INFO - Marking task as SUCCESS. dag_id=FHVIngestionDag, task_id=wget, execution_date=20190701T060000, start_date=20220915T052210, end_date=20220915T052220
[2022-09-15 05:22:20,838] {local_task_job.py:154} INFO - Task exited with return code 0
[2022-09-15 05:22:20,919] {local_task_job.py:264} INFO - 1 downstream tasks scheduled from follow-on schedule check
