[2022-09-11 15:34:36,961] {taskinstance.py:1032} INFO - Dependencies all met for <TaskInstance: ZonesIngestionDag.wget manual__2022-09-11T10:52:30.468879+00:00 [queued]>
[2022-09-11 15:34:36,971] {taskinstance.py:1032} INFO - Dependencies all met for <TaskInstance: ZonesIngestionDag.wget manual__2022-09-11T10:52:30.468879+00:00 [queued]>
[2022-09-11 15:34:36,971] {taskinstance.py:1238} INFO - 
--------------------------------------------------------------------------------
[2022-09-11 15:34:36,972] {taskinstance.py:1239} INFO - Starting attempt 3 of 3
[2022-09-11 15:34:36,972] {taskinstance.py:1240} INFO - 
--------------------------------------------------------------------------------
[2022-09-11 15:34:37,024] {taskinstance.py:1259} INFO - Executing <Task(BashOperator): wget> on 2022-09-11 10:52:30.468879+00:00
[2022-09-11 15:34:37,035] {standard_task_runner.py:52} INFO - Started process 2961 to run task
[2022-09-11 15:34:37,048] {standard_task_runner.py:76} INFO - Running: ['***', 'tasks', 'run', 'ZonesIngestionDag', 'wget', 'manual__2022-09-11T10:52:30.468879+00:00', '--job-id', '61', '--raw', '--subdir', 'DAGS_FOLDER/Zones_ingest.py', '--cfg-path', '/tmp/tmp8e54dzi8', '--error-file', '/tmp/tmp7honab3t']
[2022-09-11 15:34:37,052] {standard_task_runner.py:77} INFO - Job 61: Subtask wget
[2022-09-11 15:34:37,181] {logging_mixin.py:109} INFO - Running <TaskInstance: ZonesIngestionDag.wget manual__2022-09-11T10:52:30.468879+00:00 [running]> on host 6ae512137983
[2022-09-11 15:34:37,338] {taskinstance.py:1426} INFO - Exporting the following env vars:
AIRFLOW_CTX_DAG_OWNER=***
AIRFLOW_CTX_DAG_ID=ZonesIngestionDag
AIRFLOW_CTX_TASK_ID=wget
AIRFLOW_CTX_EXECUTION_DATE=2022-09-11T10:52:30.468879+00:00
AIRFLOW_CTX_DAG_RUN_ID=manual__2022-09-11T10:52:30.468879+00:00
[2022-09-11 15:34:37,339] {subprocess.py:62} INFO - Tmp dir root location: 
 /tmp
[2022-09-11 15:34:37,340] {subprocess.py:74} INFO - Running command: ['bash', '-c', 'curl -sSL https://d37ci6vzurychx.cloudfront.net/misc/taxi+_zone_lookup.csv > /opt/***/taxi+_zone_lookup.csv']
[2022-09-11 15:34:37,348] {subprocess.py:85} INFO - Output:
[2022-09-11 15:34:38,095] {subprocess.py:93} INFO - Command exited with return code 0
[2022-09-11 15:34:38,205] {taskinstance.py:1277} INFO - Marking task as SUCCESS. dag_id=ZonesIngestionDag, task_id=wget, execution_date=20220911T105230, start_date=20220911T153436, end_date=20220911T153438
[2022-09-11 15:34:38,309] {local_task_job.py:154} INFO - Task exited with return code 0
[2022-09-11 15:34:38,527] {local_task_job.py:264} INFO - 1 downstream tasks scheduled from follow-on schedule check
