[2022-09-11 15:59:12,104] {taskinstance.py:1032} INFO - Dependencies all met for <TaskInstance: ZonesIngestionDag.wget manual__2022-09-11T10:52:30.468879+00:00 [queued]>
[2022-09-11 15:59:12,115] {taskinstance.py:1032} INFO - Dependencies all met for <TaskInstance: ZonesIngestionDag.wget manual__2022-09-11T10:52:30.468879+00:00 [queued]>
[2022-09-11 15:59:12,115] {taskinstance.py:1238} INFO - 
--------------------------------------------------------------------------------
[2022-09-11 15:59:12,116] {taskinstance.py:1239} INFO - Starting attempt 4 of 4
[2022-09-11 15:59:12,116] {taskinstance.py:1240} INFO - 
--------------------------------------------------------------------------------
[2022-09-11 15:59:12,205] {taskinstance.py:1259} INFO - Executing <Task(BashOperator): wget> on 2022-09-11 10:52:30.468879+00:00
[2022-09-11 15:59:12,208] {standard_task_runner.py:52} INFO - Started process 5012 to run task
[2022-09-11 15:59:12,212] {standard_task_runner.py:76} INFO - Running: ['***', 'tasks', 'run', 'ZonesIngestionDag', 'wget', 'manual__2022-09-11T10:52:30.468879+00:00', '--job-id', '68', '--raw', '--subdir', 'DAGS_FOLDER/Zones_ingest.py', '--cfg-path', '/tmp/tmp89lgsf5s', '--error-file', '/tmp/tmp4r2ely8e']
[2022-09-11 15:59:12,213] {standard_task_runner.py:77} INFO - Job 68: Subtask wget
[2022-09-11 15:59:12,299] {logging_mixin.py:109} INFO - Running <TaskInstance: ZonesIngestionDag.wget manual__2022-09-11T10:52:30.468879+00:00 [running]> on host 6ae512137983
[2022-09-11 15:59:12,426] {taskinstance.py:1426} INFO - Exporting the following env vars:
AIRFLOW_CTX_DAG_OWNER=***
AIRFLOW_CTX_DAG_ID=ZonesIngestionDag
AIRFLOW_CTX_TASK_ID=wget
AIRFLOW_CTX_EXECUTION_DATE=2022-09-11T10:52:30.468879+00:00
AIRFLOW_CTX_DAG_RUN_ID=manual__2022-09-11T10:52:30.468879+00:00
[2022-09-11 15:59:12,427] {subprocess.py:62} INFO - Tmp dir root location: 
 /tmp
[2022-09-11 15:59:12,428] {subprocess.py:74} INFO - Running command: ['bash', '-c', 'curl -sSL https://d37ci6vzurychx.cloudfront.net/misc/taxi+_zone_lookup.csv > /opt/***/taxi+_zone_lookup.csv']
[2022-09-11 15:59:12,436] {subprocess.py:85} INFO - Output:
[2022-09-11 15:59:12,861] {subprocess.py:93} INFO - Command exited with return code 0
[2022-09-11 15:59:12,958] {taskinstance.py:1277} INFO - Marking task as SUCCESS. dag_id=ZonesIngestionDag, task_id=wget, execution_date=20220911T105230, start_date=20220911T155912, end_date=20220911T155912
[2022-09-11 15:59:13,070] {local_task_job.py:154} INFO - Task exited with return code 0
[2022-09-11 15:59:13,154] {local_task_job.py:264} INFO - 1 downstream tasks scheduled from follow-on schedule check
