[2022-09-11 11:15:16,147] {taskinstance.py:1032} INFO - Dependencies all met for <TaskInstance: ZonesIngestionDag.ingest scheduled__2022-09-10T10:52:15.937752+00:00 [queued]>
[2022-09-11 11:15:16,298] {taskinstance.py:1032} INFO - Dependencies all met for <TaskInstance: ZonesIngestionDag.ingest scheduled__2022-09-10T10:52:15.937752+00:00 [queued]>
[2022-09-11 11:15:16,299] {taskinstance.py:1238} INFO - 
--------------------------------------------------------------------------------
[2022-09-11 11:15:16,299] {taskinstance.py:1239} INFO - Starting attempt 4 of 4
[2022-09-11 11:15:16,299] {taskinstance.py:1240} INFO - 
--------------------------------------------------------------------------------
[2022-09-11 11:15:16,557] {taskinstance.py:1259} INFO - Executing <Task(PythonOperator): ingest> on 2022-09-10 10:52:15.937752+00:00
[2022-09-11 11:15:16,594] {standard_task_runner.py:52} INFO - Started process 14990 to run task
[2022-09-11 11:15:16,598] {standard_task_runner.py:76} INFO - Running: ['***', 'tasks', 'run', 'ZonesIngestionDag', 'ingest', 'scheduled__2022-09-10T10:52:15.937752+00:00', '--job-id', '38', '--raw', '--subdir', 'DAGS_FOLDER/Zones_ingest.py', '--cfg-path', '/tmp/tmpcd8t3onr', '--error-file', '/tmp/tmpgqy1n4pr']
[2022-09-11 11:15:16,600] {standard_task_runner.py:77} INFO - Job 38: Subtask ingest
[2022-09-11 11:15:16,854] {logging_mixin.py:109} INFO - Running <TaskInstance: ZonesIngestionDag.ingest scheduled__2022-09-10T10:52:15.937752+00:00 [running]> on host 6ae512137983
[2022-09-11 11:15:17,303] {taskinstance.py:1426} INFO - Exporting the following env vars:
AIRFLOW_CTX_DAG_OWNER=***
AIRFLOW_CTX_DAG_ID=ZonesIngestionDag
AIRFLOW_CTX_TASK_ID=ingest
AIRFLOW_CTX_EXECUTION_DATE=2022-09-10T10:52:15.937752+00:00
AIRFLOW_CTX_DAG_RUN_ID=scheduled__2022-09-10T10:52:15.937752+00:00
[2022-09-11 11:15:31,534] {logging_mixin.py:109} INFO - Finished ingesting data into the postgres database by PANDAS PARQUET
[2022-09-11 11:15:31,722] {python.py:175} INFO - Done. Returned value was: None
[2022-09-11 11:15:32,907] {taskinstance.py:1277} INFO - Marking task as SUCCESS. dag_id=ZonesIngestionDag, task_id=ingest, execution_date=20220910T105215, start_date=20220911T111516, end_date=20220911T111532
[2022-09-11 11:15:35,388] {local_task_job.py:154} INFO - Task exited with return code 0
[2022-09-11 11:15:35,976] {local_task_job.py:264} INFO - 1 downstream tasks scheduled from follow-on schedule check
