[2022-09-11 11:20:26,335] {taskinstance.py:1032} INFO - Dependencies all met for <TaskInstance: ZonesIngestionDag.ingest scheduled__2022-09-10T10:52:15.937752+00:00 [queued]>
[2022-09-11 11:20:26,353] {taskinstance.py:1032} INFO - Dependencies all met for <TaskInstance: ZonesIngestionDag.ingest scheduled__2022-09-10T10:52:15.937752+00:00 [queued]>
[2022-09-11 11:20:26,354] {taskinstance.py:1238} INFO - 
--------------------------------------------------------------------------------
[2022-09-11 11:20:26,354] {taskinstance.py:1239} INFO - Starting attempt 6 of 6
[2022-09-11 11:20:26,354] {taskinstance.py:1240} INFO - 
--------------------------------------------------------------------------------
[2022-09-11 11:20:27,580] {taskinstance.py:1259} INFO - Executing <Task(PythonOperator): ingest> on 2022-09-10 10:52:15.937752+00:00
[2022-09-11 11:20:27,584] {standard_task_runner.py:52} INFO - Started process 15467 to run task
[2022-09-11 11:20:27,588] {standard_task_runner.py:76} INFO - Running: ['***', 'tasks', 'run', 'ZonesIngestionDag', 'ingest', 'scheduled__2022-09-10T10:52:15.937752+00:00', '--job-id', '45', '--raw', '--subdir', 'DAGS_FOLDER/Zones_ingest.py', '--cfg-path', '/tmp/tmp0cjwgzah', '--error-file', '/tmp/tmp2ag0umom']
[2022-09-11 11:20:27,589] {standard_task_runner.py:77} INFO - Job 45: Subtask ingest
[2022-09-11 11:20:28,113] {logging_mixin.py:109} INFO - Running <TaskInstance: ZonesIngestionDag.ingest scheduled__2022-09-10T10:52:15.937752+00:00 [running]> on host 6ae512137983
[2022-09-11 11:20:28,414] {taskinstance.py:1426} INFO - Exporting the following env vars:
AIRFLOW_CTX_DAG_OWNER=***
AIRFLOW_CTX_DAG_ID=ZonesIngestionDag
AIRFLOW_CTX_TASK_ID=ingest
AIRFLOW_CTX_EXECUTION_DATE=2022-09-10T10:52:15.937752+00:00
AIRFLOW_CTX_DAG_RUN_ID=scheduled__2022-09-10T10:52:15.937752+00:00
[2022-09-11 11:20:29,344] {logging_mixin.py:109} INFO - Finished ingesting data into the postgres database by PANDAS PARQUET
[2022-09-11 11:20:29,344] {python.py:175} INFO - Done. Returned value was: None
[2022-09-11 11:20:29,357] {taskinstance.py:1277} INFO - Marking task as SUCCESS. dag_id=ZonesIngestionDag, task_id=ingest, execution_date=20220910T105215, start_date=20220911T112026, end_date=20220911T112029
[2022-09-11 11:20:29,447] {local_task_job.py:154} INFO - Task exited with return code 0
[2022-09-11 11:20:29,820] {local_task_job.py:264} INFO - 1 downstream tasks scheduled from follow-on schedule check
