[2022-09-16 06:27:45,585] {taskinstance.py:1032} INFO - Dependencies all met for <TaskInstance: LocalIngestionDag.wget scheduled__2019-12-01T06:00:00+00:00 [queued]>
[2022-09-16 06:27:45,596] {taskinstance.py:1032} INFO - Dependencies all met for <TaskInstance: LocalIngestionDag.wget scheduled__2019-12-01T06:00:00+00:00 [queued]>
[2022-09-16 06:27:45,596] {taskinstance.py:1238} INFO - 
--------------------------------------------------------------------------------
[2022-09-16 06:27:45,596] {taskinstance.py:1239} INFO - Starting attempt 1 of 1
[2022-09-16 06:27:45,597] {taskinstance.py:1240} INFO - 
--------------------------------------------------------------------------------
[2022-09-16 06:27:45,640] {taskinstance.py:1259} INFO - Executing <Task(BashOperator): wget> on 2019-12-01 06:00:00+00:00
[2022-09-16 06:27:45,646] {standard_task_runner.py:52} INFO - Started process 1579 to run task
[2022-09-16 06:27:45,654] {standard_task_runner.py:76} INFO - Running: ['***', 'tasks', 'run', 'LocalIngestionDag', 'wget', 'scheduled__2019-12-01T06:00:00+00:00', '--job-id', '207', '--raw', '--subdir', 'DAGS_FOLDER/ingest_data_dag.py', '--cfg-path', '/tmp/tmp2cek8i6q', '--error-file', '/tmp/tmpcq5it6ll']
[2022-09-16 06:27:45,655] {standard_task_runner.py:77} INFO - Job 207: Subtask wget
[2022-09-16 06:27:45,749] {logging_mixin.py:109} INFO - Running <TaskInstance: LocalIngestionDag.wget scheduled__2019-12-01T06:00:00+00:00 [running]> on host 1bec96cb997e
[2022-09-16 06:27:45,894] {logging_mixin.py:109} WARNING - /home/***/.local/lib/python3.7/site-packages/***/utils/context.py:152 AirflowContextDeprecationWarning: Accessing 'execution_date' from the template is deprecated and will be removed in a future version. Please use 'data_interval_start' or 'logical_date' instead.
[2022-09-16 06:27:46,074] {taskinstance.py:1426} INFO - Exporting the following env vars:
AIRFLOW_CTX_DAG_OWNER=***
AIRFLOW_CTX_DAG_ID=LocalIngestionDag
AIRFLOW_CTX_TASK_ID=wget
AIRFLOW_CTX_EXECUTION_DATE=2019-12-01T06:00:00+00:00
AIRFLOW_CTX_DAG_RUN_ID=scheduled__2019-12-01T06:00:00+00:00
[2022-09-16 06:27:46,077] {subprocess.py:62} INFO - Tmp dir root location: 
 /tmp
[2022-09-16 06:27:46,080] {subprocess.py:74} INFO - Running command: ['bash', '-c', 'curl -sSL https://d37ci6vzurychx.cloudfront.net/trip-data/yellow_tripdata_2019-12.parquet > /opt/***/output_2019-12.parquet']
[2022-09-16 06:27:46,164] {subprocess.py:85} INFO - Output:
[2022-09-16 06:28:34,850] {subprocess.py:93} INFO - Command exited with return code 0
[2022-09-16 06:28:34,909] {taskinstance.py:1277} INFO - Marking task as SUCCESS. dag_id=LocalIngestionDag, task_id=wget, execution_date=20191201T060000, start_date=20220916T062745, end_date=20220916T062834
[2022-09-16 06:28:34,990] {local_task_job.py:154} INFO - Task exited with return code 0
[2022-09-16 06:28:35,062] {local_task_job.py:264} INFO - 1 downstream tasks scheduled from follow-on schedule check
