[2022-09-16 06:09:47,740] {taskinstance.py:1032} INFO - Dependencies all met for <TaskInstance: LocalIngestionDag.wget scheduled__2019-02-01T06:00:00+00:00 [queued]>
[2022-09-16 06:09:47,750] {taskinstance.py:1032} INFO - Dependencies all met for <TaskInstance: LocalIngestionDag.wget scheduled__2019-02-01T06:00:00+00:00 [queued]>
[2022-09-16 06:09:47,750] {taskinstance.py:1238} INFO - 
--------------------------------------------------------------------------------
[2022-09-16 06:09:47,751] {taskinstance.py:1239} INFO - Starting attempt 1 of 1
[2022-09-16 06:09:47,751] {taskinstance.py:1240} INFO - 
--------------------------------------------------------------------------------
[2022-09-16 06:09:47,931] {taskinstance.py:1259} INFO - Executing <Task(BashOperator): wget> on 2019-02-01 06:00:00+00:00
[2022-09-16 06:09:47,945] {standard_task_runner.py:52} INFO - Started process 314 to run task
[2022-09-16 06:09:47,960] {standard_task_runner.py:76} INFO - Running: ['***', 'tasks', 'run', 'LocalIngestionDag', 'wget', 'scheduled__2019-02-01T06:00:00+00:00', '--job-id', '187', '--raw', '--subdir', 'DAGS_FOLDER/ingest_data_dag.py', '--cfg-path', '/tmp/tmp322t5qpx', '--error-file', '/tmp/tmpmglm6vlz']
[2022-09-16 06:09:47,965] {standard_task_runner.py:77} INFO - Job 187: Subtask wget
[2022-09-16 06:09:48,149] {logging_mixin.py:109} INFO - Running <TaskInstance: LocalIngestionDag.wget scheduled__2019-02-01T06:00:00+00:00 [running]> on host 1bec96cb997e
[2022-09-16 06:09:48,378] {logging_mixin.py:109} WARNING - /home/***/.local/lib/python3.7/site-packages/***/utils/context.py:152 AirflowContextDeprecationWarning: Accessing 'execution_date' from the template is deprecated and will be removed in a future version. Please use 'data_interval_start' or 'logical_date' instead.
[2022-09-16 06:09:48,497] {taskinstance.py:1426} INFO - Exporting the following env vars:
AIRFLOW_CTX_DAG_OWNER=***
AIRFLOW_CTX_DAG_ID=LocalIngestionDag
AIRFLOW_CTX_TASK_ID=wget
AIRFLOW_CTX_EXECUTION_DATE=2019-02-01T06:00:00+00:00
AIRFLOW_CTX_DAG_RUN_ID=scheduled__2019-02-01T06:00:00+00:00
[2022-09-16 06:09:48,503] {subprocess.py:62} INFO - Tmp dir root location: 
 /tmp
[2022-09-16 06:09:48,508] {subprocess.py:74} INFO - Running command: ['bash', '-c', 'curl -sSL https://d37ci6vzurychx.cloudfront.net/trip-data/yellow_tripdata_2019-02.parquet > /opt/***/output_2019-02.parquet']
[2022-09-16 06:09:48,542] {subprocess.py:85} INFO - Output:
[2022-09-16 06:10:32,946] {subprocess.py:93} INFO - Command exited with return code 0
[2022-09-16 06:10:33,040] {taskinstance.py:1277} INFO - Marking task as SUCCESS. dag_id=LocalIngestionDag, task_id=wget, execution_date=20190201T060000, start_date=20220916T060947, end_date=20220916T061033
[2022-09-16 06:10:33,123] {local_task_job.py:154} INFO - Task exited with return code 0
[2022-09-16 06:10:33,332] {local_task_job.py:264} INFO - 1 downstream tasks scheduled from follow-on schedule check
[2022-09-17 06:20:51,707] {taskinstance.py:1032} INFO - Dependencies all met for <TaskInstance: LocalIngestionDag.wget scheduled__2019-02-01T06:00:00+00:00 [queued]>
[2022-09-17 06:20:51,745] {taskinstance.py:1032} INFO - Dependencies all met for <TaskInstance: LocalIngestionDag.wget scheduled__2019-02-01T06:00:00+00:00 [queued]>
[2022-09-17 06:20:51,745] {taskinstance.py:1238} INFO - 
--------------------------------------------------------------------------------
[2022-09-17 06:20:51,746] {taskinstance.py:1239} INFO - Starting attempt 1 of 1
[2022-09-17 06:20:51,746] {taskinstance.py:1240} INFO - 
--------------------------------------------------------------------------------
[2022-09-17 06:20:51,813] {taskinstance.py:1259} INFO - Executing <Task(BashOperator): wget> on 2019-02-01 06:00:00+00:00
[2022-09-17 06:20:51,819] {standard_task_runner.py:52} INFO - Started process 1776 to run task
[2022-09-17 06:20:51,824] {standard_task_runner.py:76} INFO - Running: ['***', 'tasks', 'run', 'LocalIngestionDag', 'wget', 'scheduled__2019-02-01T06:00:00+00:00', '--job-id', '304', '--raw', '--subdir', 'DAGS_FOLDER/ingest_data_dag.py', '--cfg-path', '/tmp/tmp02q8feyn', '--error-file', '/tmp/tmpk6caznqg']
[2022-09-17 06:20:51,867] {standard_task_runner.py:77} INFO - Job 304: Subtask wget
[2022-09-17 06:20:51,949] {logging_mixin.py:109} INFO - Running <TaskInstance: LocalIngestionDag.wget scheduled__2019-02-01T06:00:00+00:00 [running]> on host 5d94276fbe2b
[2022-09-17 06:20:52,067] {logging_mixin.py:109} WARNING - /home/***/.local/lib/python3.7/site-packages/***/utils/context.py:152 AirflowContextDeprecationWarning: Accessing 'execution_date' from the template is deprecated and will be removed in a future version. Please use 'data_interval_start' or 'logical_date' instead.
[2022-09-17 06:20:52,147] {taskinstance.py:1426} INFO - Exporting the following env vars:
AIRFLOW_CTX_DAG_OWNER=***
AIRFLOW_CTX_DAG_ID=LocalIngestionDag
AIRFLOW_CTX_TASK_ID=wget
AIRFLOW_CTX_EXECUTION_DATE=2019-02-01T06:00:00+00:00
AIRFLOW_CTX_DAG_RUN_ID=scheduled__2019-02-01T06:00:00+00:00
[2022-09-17 06:20:52,148] {subprocess.py:62} INFO - Tmp dir root location: 
 /tmp
[2022-09-17 06:20:52,148] {subprocess.py:74} INFO - Running command: ['bash', '-c', 'curl -sSL https://d37ci6vzurychx.cloudfront.net/trip-data/yellow_tripdata_2019-02.parquet > /opt/***/output_2019-02.parquet']
[2022-09-17 06:20:52,184] {subprocess.py:85} INFO - Output:
[2022-09-17 06:21:38,554] {subprocess.py:93} INFO - Command exited with return code 0
[2022-09-17 06:21:38,606] {taskinstance.py:1277} INFO - Marking task as SUCCESS. dag_id=LocalIngestionDag, task_id=wget, execution_date=20190201T060000, start_date=20220917T062051, end_date=20220917T062138
[2022-09-17 06:21:38,693] {local_task_job.py:154} INFO - Task exited with return code 0
[2022-09-17 06:21:38,762] {local_task_job.py:264} INFO - 1 downstream tasks scheduled from follow-on schedule check
